[1.802s] Invoking command in '/home/hcoyle444/ros_drone_ws/src/drone_control': AMENT_PREFIX_PATH=/home/hcoyle444/ros_drone_ws/install/px4_msgs:${AMENT_PREFIX_PATH} CMAKE_PREFIX_PATH=/home/hcoyle444/ros_drone_ws/install/px4_msgs LD_LIBRARY_PATH=/home/hcoyle444/ros_drone_ws/install/px4_msgs/lib:${LD_LIBRARY_PATH} PYTHONPATH=/home/hcoyle444/ros_drone_ws/build/drone_control/prefix_override:/home/hcoyle444/ros_drone_ws/install/drone_control/lib/python3.10/site-packages:/home/hcoyle444/ros_drone_ws/install/px4_msgs/local/lib/python3.10/dist-packages:${PYTHONPATH} /usr/bin/python3 setup.py egg_info --egg-base ../../build/drone_control build --build-base /home/hcoyle444/ros_drone_ws/build/drone_control/build install --record /home/hcoyle444/ros_drone_ws/build/drone_control/install.log --single-version-externally-managed
[2.093s] running egg_info
[2.111s] writing ../../build/drone_control/drone_control.egg-info/PKG-INFO
[2.112s] writing dependency_links to ../../build/drone_control/drone_control.egg-info/dependency_links.txt
[2.112s] writing entry points to ../../build/drone_control/drone_control.egg-info/entry_points.txt
[2.113s] writing requirements to ../../build/drone_control/drone_control.egg-info/requires.txt
[2.113s] writing top-level names to ../../build/drone_control/drone_control.egg-info/top_level.txt
[2.157s] reading manifest file '../../build/drone_control/drone_control.egg-info/SOURCES.txt'
[2.158s] writing manifest file '../../build/drone_control/drone_control.egg-info/SOURCES.txt'
[2.159s] running build
[2.160s] running build_py
[2.160s] copying drone_control/drone_mission.py -> /home/hcoyle444/ros_drone_ws/build/drone_control/build/lib/drone_control
[2.160s] copying drone_control/__init__.py -> /home/hcoyle444/ros_drone_ws/build/drone_control/build/lib/drone_control
[2.161s] copying drone_control/b.py -> /home/hcoyle444/ros_drone_ws/build/drone_control/build/lib/drone_control
[2.162s] running install
[2.163s] /home/hcoyle444/.local/lib/python3.10/site-packages/setuptools/_distutils/cmd.py:66: SetuptoolsDeprecationWarning: setup.py install is deprecated.
[2.163s] !!
[2.163s] 
[2.163s]         ********************************************************************************
[2.163s]         Please avoid running ``setup.py`` directly.
[2.163s]         Instead, use pypa/build, pypa/installer or other
[2.163s]         standards-based tools.
[2.163s] 
[2.163s]         See https://blog.ganssle.io/articles/2021/10/setup-py-deprecated.html for details.
[2.163s]         ********************************************************************************
[2.163s] 
[2.163s] !!
[2.164s]   self.initialize_options()
[2.171s] running install_lib
[2.197s] byte-compiling /home/hcoyle444/ros_drone_ws/install/drone_control/lib/python3.10/site-packages/drone_control/drone_mission_test.py to drone_mission_test.cpython-310.pyc
[2.199s]   File "/home/hcoyle444/ros_drone_ws/install/drone_control/lib/python3.10/site-packages/drone_control/drone_mission_test.py", line 59
[2.199s]     ros2 topic echo /fmu/out/vehicle_local_position
[2.199s]          ^^^^^
[2.199s] SyntaxError: invalid syntax
[2.200s] 
[2.200s] running install_data
[2.220s] copying resource/drone_control -> /home/hcoyle444/ros_drone_ws/install/drone_control/share/ament_index/resource_index/packages
[2.220s] copying package.xml -> /home/hcoyle444/ros_drone_ws/install/drone_control/share/drone_control
[2.221s] running install_egg_info
[2.240s] removing '/home/hcoyle444/ros_drone_ws/install/drone_control/lib/python3.10/site-packages/drone_control-0.0.0-py3.10.egg-info' (and everything under it)
[2.242s] Copying ../../build/drone_control/drone_control.egg-info to /home/hcoyle444/ros_drone_ws/install/drone_control/lib/python3.10/site-packages/drone_control-0.0.0-py3.10.egg-info
[2.246s] running install_scripts
[2.423s] Installing drone_mission script to /home/hcoyle444/ros_drone_ws/install/drone_control/lib/drone_control
[2.424s] writing list of installed files to '/home/hcoyle444/ros_drone_ws/build/drone_control/install.log'
[2.467s] Invoked command in '/home/hcoyle444/ros_drone_ws/src/drone_control' returned '0': AMENT_PREFIX_PATH=/home/hcoyle444/ros_drone_ws/install/px4_msgs:${AMENT_PREFIX_PATH} CMAKE_PREFIX_PATH=/home/hcoyle444/ros_drone_ws/install/px4_msgs LD_LIBRARY_PATH=/home/hcoyle444/ros_drone_ws/install/px4_msgs/lib:${LD_LIBRARY_PATH} PYTHONPATH=/home/hcoyle444/ros_drone_ws/build/drone_control/prefix_override:/home/hcoyle444/ros_drone_ws/install/drone_control/lib/python3.10/site-packages:/home/hcoyle444/ros_drone_ws/install/px4_msgs/local/lib/python3.10/dist-packages:${PYTHONPATH} /usr/bin/python3 setup.py egg_info --egg-base ../../build/drone_control build --build-base /home/hcoyle444/ros_drone_ws/build/drone_control/build install --record /home/hcoyle444/ros_drone_ws/build/drone_control/install.log --single-version-externally-managed
