[1.643s] Invoking command in '/home/hcoyle444/ros_drone_ws/src/drone_control': CMAKE_PREFIX_PATH=/home/hcoyle444/ros_drone_ws/install/px4_msgs:/home/hcoyle444/ros_drone_ws/install/px4_ros_com LD_LIBRARY_PATH=/home/hcoyle444/ros_drone_ws/install/px4_msgs/lib:/home/hcoyle444/ros_drone_ws/install/px4_ros_com/lib:/opt/ros/humble/opt/rviz_ogre_vendor/lib:/opt/ros/humble/lib/x86_64-linux-gnu:/opt/ros/humble/lib PYTHONPATH=/home/hcoyle444/ros_drone_ws/build/drone_control/prefix_override:/home/hcoyle444/ros_drone_ws/install/drone_control/lib/python3.10/site-packages:${PYTHONPATH} /usr/bin/python3 setup.py egg_info --egg-base ../../build/drone_control build --build-base /home/hcoyle444/ros_drone_ws/build/drone_control/build install --record /home/hcoyle444/ros_drone_ws/build/drone_control/install.log --single-version-externally-managed
[1.837s] running egg_info
[1.849s] writing ../../build/drone_control/drone_control.egg-info/PKG-INFO
[1.850s] writing dependency_links to ../../build/drone_control/drone_control.egg-info/dependency_links.txt
[1.850s] writing entry points to ../../build/drone_control/drone_control.egg-info/entry_points.txt
[1.850s] writing requirements to ../../build/drone_control/drone_control.egg-info/requires.txt
[1.851s] writing top-level names to ../../build/drone_control/drone_control.egg-info/top_level.txt
[1.875s] reading manifest file '../../build/drone_control/drone_control.egg-info/SOURCES.txt'
[1.875s] writing manifest file '../../build/drone_control/drone_control.egg-info/SOURCES.txt'
[1.876s] running build
[1.876s] running build_py
[1.877s] copying drone_control/drone_mission.py -> /home/hcoyle444/ros_drone_ws/build/drone_control/build/lib/drone_control
[1.877s] copying drone_control/__init__.py -> /home/hcoyle444/ros_drone_ws/build/drone_control/build/lib/drone_control
[1.877s] copying drone_control/b.py -> /home/hcoyle444/ros_drone_ws/build/drone_control/build/lib/drone_control
[1.878s] running install
[1.878s] /home/hcoyle444/.local/lib/python3.10/site-packages/setuptools/_distutils/cmd.py:66: SetuptoolsDeprecationWarning: setup.py install is deprecated.
[1.878s] !!
[1.878s] 
[1.878s]         ********************************************************************************
[1.878s]         Please avoid running ``setup.py`` directly.
[1.878s]         Instead, use pypa/build, pypa/installer or other
[1.878s]         standards-based tools.
[1.878s] 
[1.878s]         See https://blog.ganssle.io/articles/2021/10/setup-py-deprecated.html for details.
[1.878s]         ********************************************************************************
[1.878s] 
[1.878s] !!
[1.878s]   self.initialize_options()
[1.884s] running install_lib
[1.895s] copying /home/hcoyle444/ros_drone_ws/build/drone_control/build/lib/drone_control/drone_mission.py -> /home/hcoyle444/ros_drone_ws/install/drone_control/lib/python3.10/site-packages/drone_control
[1.896s] byte-compiling /home/hcoyle444/ros_drone_ws/install/drone_control/lib/python3.10/site-packages/drone_control/drone_mission.py to drone_mission.cpython-310.pyc
[1.897s] byte-compiling /home/hcoyle444/ros_drone_ws/install/drone_control/lib/python3.10/site-packages/drone_control/drone_mission_test.py to drone_mission_test.cpython-310.pyc
[1.898s]   File "/home/hcoyle444/ros_drone_ws/install/drone_control/lib/python3.10/site-packages/drone_control/drone_mission_test.py", line 59
[1.898s]     ros2 topic echo /fmu/out/vehicle_local_position
[1.898s]          ^^^^^
[1.898s] SyntaxError: invalid syntax
[1.899s] 
[1.899s] running install_data
[1.910s] copying resource/drone_control -> /home/hcoyle444/ros_drone_ws/install/drone_control/share/ament_index/resource_index/packages
[1.911s] copying package.xml -> /home/hcoyle444/ros_drone_ws/install/drone_control/share/drone_control
[1.911s] running install_egg_info
[1.925s] removing '/home/hcoyle444/ros_drone_ws/install/drone_control/lib/python3.10/site-packages/drone_control-0.0.0-py3.10.egg-info' (and everything under it)
[1.925s] Copying ../../build/drone_control/drone_control.egg-info to /home/hcoyle444/ros_drone_ws/install/drone_control/lib/python3.10/site-packages/drone_control-0.0.0-py3.10.egg-info
[1.927s] running install_scripts
[2.067s] Installing drone_mission script to /home/hcoyle444/ros_drone_ws/install/drone_control/lib/drone_control
[2.067s] writing list of installed files to '/home/hcoyle444/ros_drone_ws/build/drone_control/install.log'
[2.096s] Invoked command in '/home/hcoyle444/ros_drone_ws/src/drone_control' returned '0': CMAKE_PREFIX_PATH=/home/hcoyle444/ros_drone_ws/install/px4_msgs:/home/hcoyle444/ros_drone_ws/install/px4_ros_com LD_LIBRARY_PATH=/home/hcoyle444/ros_drone_ws/install/px4_msgs/lib:/home/hcoyle444/ros_drone_ws/install/px4_ros_com/lib:/opt/ros/humble/opt/rviz_ogre_vendor/lib:/opt/ros/humble/lib/x86_64-linux-gnu:/opt/ros/humble/lib PYTHONPATH=/home/hcoyle444/ros_drone_ws/build/drone_control/prefix_override:/home/hcoyle444/ros_drone_ws/install/drone_control/lib/python3.10/site-packages:${PYTHONPATH} /usr/bin/python3 setup.py egg_info --egg-base ../../build/drone_control build --build-base /home/hcoyle444/ros_drone_ws/build/drone_control/build install --record /home/hcoyle444/ros_drone_ws/build/drone_control/install.log --single-version-externally-managed
