[1.715s] Invoking command in '/home/hcoyle444/ros_drone_ws/src/drone_control': AMENT_PREFIX_PATH=/home/hcoyle444/ros_drone_ws/install/px4_msgs:${AMENT_PREFIX_PATH} CMAKE_PREFIX_PATH=/home/hcoyle444/ros_drone_ws/install/px4_msgs LD_LIBRARY_PATH=/home/hcoyle444/ros_drone_ws/install/px4_msgs/lib:${LD_LIBRARY_PATH} PYTHONPATH=/home/hcoyle444/ros_drone_ws/build/drone_control/prefix_override:/home/hcoyle444/ros_drone_ws/install/drone_control/lib/python3.10/site-packages:/home/hcoyle444/ros_drone_ws/install/px4_msgs/local/lib/python3.10/dist-packages:${PYTHONPATH} /usr/bin/python3 setup.py egg_info --egg-base ../../build/drone_control build --build-base /home/hcoyle444/ros_drone_ws/build/drone_control/build install --record /home/hcoyle444/ros_drone_ws/build/drone_control/install.log --single-version-externally-managed
[1.944s] running egg_info
[1.957s] writing ../../build/drone_control/drone_control.egg-info/PKG-INFO
[1.957s] writing dependency_links to ../../build/drone_control/drone_control.egg-info/dependency_links.txt
[1.958s] writing entry points to ../../build/drone_control/drone_control.egg-info/entry_points.txt
[1.958s] writing requirements to ../../build/drone_control/drone_control.egg-info/requires.txt
[1.959s] writing top-level names to ../../build/drone_control/drone_control.egg-info/top_level.txt
[1.989s] reading manifest file '../../build/drone_control/drone_control.egg-info/SOURCES.txt'
[1.990s] writing manifest file '../../build/drone_control/drone_control.egg-info/SOURCES.txt'
[1.990s] running build
[1.991s] running build_py
[1.991s] copying drone_control/drone_mission.py -> /home/hcoyle444/ros_drone_ws/build/drone_control/build/lib/drone_control
[1.991s] copying drone_control/__init__.py -> /home/hcoyle444/ros_drone_ws/build/drone_control/build/lib/drone_control
[1.992s] copying drone_control/b.py -> /home/hcoyle444/ros_drone_ws/build/drone_control/build/lib/drone_control
[1.992s] running install
[1.993s] /home/hcoyle444/.local/lib/python3.10/site-packages/setuptools/_distutils/cmd.py:66: SetuptoolsDeprecationWarning: setup.py install is deprecated.
[1.993s] !!
[1.993s] 
[1.993s]         ********************************************************************************
[1.993s]         Please avoid running ``setup.py`` directly.
[1.993s]         Instead, use pypa/build, pypa/installer or other
[1.993s]         standards-based tools.
[1.993s] 
[1.993s]         See https://blog.ganssle.io/articles/2021/10/setup-py-deprecated.html for details.
[1.993s]         ********************************************************************************
[1.993s] 
[1.993s] !!
[1.993s]   self.initialize_options()
[1.999s] running install_lib
[2.012s] copying /home/hcoyle444/ros_drone_ws/build/drone_control/build/lib/drone_control/drone_mission.py -> /home/hcoyle444/ros_drone_ws/install/drone_control/lib/python3.10/site-packages/drone_control
[2.013s] byte-compiling /home/hcoyle444/ros_drone_ws/install/drone_control/lib/python3.10/site-packages/drone_control/drone_mission.py to drone_mission.cpython-310.pyc
[2.016s] byte-compiling /home/hcoyle444/ros_drone_ws/install/drone_control/lib/python3.10/site-packages/drone_control/drone_mission_test.py to drone_mission_test.cpython-310.pyc
[2.017s]   File "/home/hcoyle444/ros_drone_ws/install/drone_control/lib/python3.10/site-packages/drone_control/drone_mission_test.py", line 59
[2.017s]     ros2 topic echo /fmu/out/vehicle_local_position
[2.017s]          ^^^^^
[2.017s] SyntaxError: invalid syntax
[2.017s] 
[2.018s] running install_data
[2.033s] copying resource/drone_control -> /home/hcoyle444/ros_drone_ws/install/drone_control/share/ament_index/resource_index/packages
[2.033s] copying package.xml -> /home/hcoyle444/ros_drone_ws/install/drone_control/share/drone_control
[2.033s] running install_egg_info
[2.049s] removing '/home/hcoyle444/ros_drone_ws/install/drone_control/lib/python3.10/site-packages/drone_control-0.0.0-py3.10.egg-info' (and everything under it)
[2.050s] Copying ../../build/drone_control/drone_control.egg-info to /home/hcoyle444/ros_drone_ws/install/drone_control/lib/python3.10/site-packages/drone_control-0.0.0-py3.10.egg-info
[2.051s] running install_scripts
[2.189s] Installing drone_mission script to /home/hcoyle444/ros_drone_ws/install/drone_control/lib/drone_control
[2.190s] writing list of installed files to '/home/hcoyle444/ros_drone_ws/build/drone_control/install.log'
[2.223s] Invoked command in '/home/hcoyle444/ros_drone_ws/src/drone_control' returned '0': AMENT_PREFIX_PATH=/home/hcoyle444/ros_drone_ws/install/px4_msgs:${AMENT_PREFIX_PATH} CMAKE_PREFIX_PATH=/home/hcoyle444/ros_drone_ws/install/px4_msgs LD_LIBRARY_PATH=/home/hcoyle444/ros_drone_ws/install/px4_msgs/lib:${LD_LIBRARY_PATH} PYTHONPATH=/home/hcoyle444/ros_drone_ws/build/drone_control/prefix_override:/home/hcoyle444/ros_drone_ws/install/drone_control/lib/python3.10/site-packages:/home/hcoyle444/ros_drone_ws/install/px4_msgs/local/lib/python3.10/dist-packages:${PYTHONPATH} /usr/bin/python3 setup.py egg_info --egg-base ../../build/drone_control build --build-base /home/hcoyle444/ros_drone_ws/build/drone_control/build install --record /home/hcoyle444/ros_drone_ws/build/drone_control/install.log --single-version-externally-managed
