[0.294s] Invoking command in '/home/hcoyle444/ros_drone_ws/build/px4_ros_com': CMAKE_PREFIX_PATH=/home/hcoyle444/ros_drone_ws/install/px4_msgs:/home/hcoyle444/ros_drone_ws/install/px4_ros_com:/home/hcoyle444/ros_drone_ws/install/drone_control:/opt/ros/humble LD_LIBRARY_PATH=/home/hcoyle444/ros_drone_ws/install/px4_msgs/lib:/home/hcoyle444/ros_drone_ws/install/px4_ros_com/lib:/opt/ros/humble/opt/rviz_ogre_vendor/lib:/opt/ros/humble/lib/x86_64-linux-gnu:/opt/ros/humble/lib /usr/bin/cmake --build /home/hcoyle444/ros_drone_ws/build/px4_ros_com -- -j20 -l20
[0.327s] -- Found ament_cmake: 1.3.7 (/opt/ros/humble/share/ament_cmake/cmake)
[0.439s] -- Found builtin_interfaces: 1.2.1 (/opt/ros/humble/share/builtin_interfaces/cmake)
[0.650s] -- Found rosidl_generator_c: 3.1.5 (/opt/ros/humble/share/rosidl_generator_c/cmake)
[0.653s] -- Found rosidl_adapter: 3.1.5 (/opt/ros/humble/share/rosidl_adapter/cmake)
[0.661s] -- Found rosidl_generator_cpp: 3.1.5 (/opt/ros/humble/share/rosidl_generator_cpp/cmake)
[0.674s] -- Using all available rosidl_typesupport_c: rosidl_typesupport_fastrtps_c;rosidl_typesupport_introspection_c
[0.691s] -- Using all available rosidl_typesupport_cpp: rosidl_typesupport_fastrtps_cpp;rosidl_typesupport_introspection_cpp
[0.707s] -- Found eigen3_cmake_module: 0.1.1 (/opt/ros/humble/share/eigen3_cmake_module/cmake)
[0.709s] -- Found geometry_msgs: 4.2.3 (/opt/ros/humble/share/geometry_msgs/cmake)
[0.786s] -- Found px4_msgs: 2.0.1 (/home/hcoyle444/ros_drone_ws/install/px4_msgs/share/px4_msgs/cmake)
[0.811s] -- Found rclcpp: 16.0.8 (/opt/ros/humble/share/rclcpp/cmake)
[0.854s] -- Found rmw_implementation_cmake: 6.1.1 (/opt/ros/humble/share/rmw_implementation_cmake/cmake)
[0.855s] -- Found rmw_fastrtps_cpp: 6.2.6 (/opt/ros/humble/share/rmw_fastrtps_cpp/cmake)
[10.479s] -- Using RMW implementation 'rmw_fastrtps_cpp' as default
[10.594s] -- Found sensor_msgs: 4.2.3 (/opt/ros/humble/share/sensor_msgs/cmake)
[10.654s] -- Found rclpy: 3.3.11 (/opt/ros/humble/share/rclpy/cmake)
[10.659s] -- Found ament_lint_auto: 0.12.10 (/opt/ros/humble/share/ament_lint_auto/cmake)
[10.720s] -- Added test 'copyright' to check source files copyright and LICENSE
[10.722s] -- Added test 'cppcheck' to perform static code analysis on C / C++ code
[10.722s] -- Configured cppcheck include dirs: /home/hcoyle444/ros_drone_ws/src/px4_ros_com/include;$<BUILD_INTERFACE:/home/hcoyle444/ros_drone_ws/src/px4_ros_com/include/px4_ros_com>
[10.722s] -- Configured cppcheck exclude dirs and/or files: 
[10.724s] -- Added test 'cpplint' to check C / C++ code against the Google style
[10.724s] -- Configured cpplint exclude dirs and/or files: 
[10.725s] -- Added test 'flake8' to check Python code syntax and style conventions
[10.726s] -- Added test 'lint_cmake' to check CMake code style
[10.726s] -- Added test 'pep257' to check Python code against some of the docstring style conventions in PEP 257
[10.728s] -- Added test 'uncrustify' to check C / C++ code style
[10.728s] -- Configured uncrustify additional arguments: 
[10.729s] -- Added test 'xmllint' to check XML markup files
[10.731s] -- Configuring done
[10.755s] -- Generating done
[10.757s] -- Build files have been written to: /home/hcoyle444/ros_drone_ws/build/px4_ros_com
[10.774s] [35m[1mConsolidate compiler generated dependencies of target frame_transforms[0m
[10.775s] [35m[1mConsolidate compiler generated dependencies of target sensor_combined_listener[0m
[10.775s] [35m[1mConsolidate compiler generated dependencies of target debug_vect_advertiser[0m
[10.776s] [35m[1mConsolidate compiler generated dependencies of target vehicle_gps_position_listener[0m
[10.776s] [35m[1mConsolidate compiler generated dependencies of target offboard_control[0m
[10.777s] [35m[1mConsolidate compiler generated dependencies of target offboard_control_srv[0m
[10.786s] [  0%] Built target ament_cmake_python_copy_px4_ros_com
[10.797s] [  8%] [32mBuilding CXX object CMakeFiles/frame_transforms.dir/src/lib/frame_transforms.cpp.o[0m
[10.802s] [ 50%] [32mBuilding CXX object CMakeFiles/debug_vect_advertiser.dir/src/examples/advertisers/debug_vect_advertiser.cpp.o[0m
[10.802s] [ 50%] [32mBuilding CXX object CMakeFiles/vehicle_gps_position_listener.dir/src/examples/listeners/vehicle_gps_position_listener.cpp.o[0m
[10.802s] [ 50%] [32mBuilding CXX object CMakeFiles/offboard_control_srv.dir/src/examples/offboard/offboard_control_srv.cpp.o[0m
[10.802s] [ 50%] [32mBuilding CXX object CMakeFiles/offboard_control.dir/src/examples/offboard/offboard_control.cpp.o[0m
[10.802s] [ 50%] [32mBuilding CXX object CMakeFiles/sensor_combined_listener.dir/src/examples/listeners/sensor_combined_listener.cpp.o[0m
[10.904s] running egg_info
[10.912s] writing px4_ros_com.egg-info/PKG-INFO
[10.912s] writing dependency_links to px4_ros_com.egg-info/dependency_links.txt
[10.912s] writing top-level names to px4_ros_com.egg-info/top_level.txt
[10.934s] reading manifest file 'px4_ros_com.egg-info/SOURCES.txt'
[10.934s] writing manifest file 'px4_ros_com.egg-info/SOURCES.txt'
[10.951s] [ 50%] Built target ament_cmake_python_build_px4_ros_com_egg
[14.409s] [ 58%] [32m[1mLinking CXX executable debug_vect_advertiser[0m
[14.672s] [ 58%] Built target debug_vect_advertiser
[14.937s] [ 66%] [32m[1mLinking CXX executable offboard_control[0m
[15.185s] [ 66%] Built target offboard_control
[15.504s] [ 75%] [32m[1mLinking CXX executable offboard_control_srv[0m
[15.746s] [ 75%] Built target offboard_control_srv
[16.155s] [ 83%] [32m[1mLinking CXX shared library libframe_transforms.so[0m
[16.432s] [ 83%] Built target frame_transforms
[16.922s] [ 91%] [32m[1mLinking CXX executable sensor_combined_listener[0m
[16.950s] [100%] [32m[1mLinking CXX executable vehicle_gps_position_listener[0m
[17.251s] [100%] Built target sensor_combined_listener
[17.260s] [100%] Built target vehicle_gps_position_listener
[17.266s] Invoked command in '/home/hcoyle444/ros_drone_ws/build/px4_ros_com' returned '0': CMAKE_PREFIX_PATH=/home/hcoyle444/ros_drone_ws/install/px4_msgs:/home/hcoyle444/ros_drone_ws/install/px4_ros_com:/home/hcoyle444/ros_drone_ws/install/drone_control:/opt/ros/humble LD_LIBRARY_PATH=/home/hcoyle444/ros_drone_ws/install/px4_msgs/lib:/home/hcoyle444/ros_drone_ws/install/px4_ros_com/lib:/opt/ros/humble/opt/rviz_ogre_vendor/lib:/opt/ros/humble/lib/x86_64-linux-gnu:/opt/ros/humble/lib /usr/bin/cmake --build /home/hcoyle444/ros_drone_ws/build/px4_ros_com -- -j20 -l20
[17.289s] Invoking command in '/home/hcoyle444/ros_drone_ws/build/px4_ros_com': CMAKE_PREFIX_PATH=/home/hcoyle444/ros_drone_ws/install/px4_msgs:/home/hcoyle444/ros_drone_ws/install/px4_ros_com:/home/hcoyle444/ros_drone_ws/install/drone_control:/opt/ros/humble LD_LIBRARY_PATH=/home/hcoyle444/ros_drone_ws/install/px4_msgs/lib:/home/hcoyle444/ros_drone_ws/install/px4_ros_com/lib:/opt/ros/humble/opt/rviz_ogre_vendor/lib:/opt/ros/humble/lib/x86_64-linux-gnu:/opt/ros/humble/lib /usr/bin/cmake --install /home/hcoyle444/ros_drone_ws/build/px4_ros_com
[17.292s] -- Install configuration: ""
[17.293s] -- Installing: /home/hcoyle444/ros_drone_ws/install/px4_ros_com/lib/px4_ros_com/sensor_combined_listener
[17.295s] -- Set runtime path of "/home/hcoyle444/ros_drone_ws/install/px4_ros_com/lib/px4_ros_com/sensor_combined_listener" to ""
[17.295s] -- Installing: /home/hcoyle444/ros_drone_ws/install/px4_ros_com/lib/px4_ros_com/vehicle_gps_position_listener
[17.297s] -- Set runtime path of "/home/hcoyle444/ros_drone_ws/install/px4_ros_com/lib/px4_ros_com/vehicle_gps_position_listener" to ""
[17.297s] -- Installing: /home/hcoyle444/ros_drone_ws/install/px4_ros_com/lib/px4_ros_com/debug_vect_advertiser
[17.298s] -- Set runtime path of "/home/hcoyle444/ros_drone_ws/install/px4_ros_com/lib/px4_ros_com/debug_vect_advertiser" to ""
[17.298s] -- Installing: /home/hcoyle444/ros_drone_ws/install/px4_ros_com/lib/px4_ros_com/offboard_control
[17.299s] -- Set runtime path of "/home/hcoyle444/ros_drone_ws/install/px4_ros_com/lib/px4_ros_com/offboard_control" to ""
[17.300s] -- Installing: /home/hcoyle444/ros_drone_ws/install/px4_ros_com/lib/px4_ros_com/offboard_control_srv
[17.301s] -- Set runtime path of "/home/hcoyle444/ros_drone_ws/install/px4_ros_com/lib/px4_ros_com/offboard_control_srv" to ""
[17.301s] -- Up-to-date: /home/hcoyle444/ros_drone_ws/install/px4_ros_com/share/px4_ros_com/environment/library_path.sh
[17.301s] -- Installing: /home/hcoyle444/ros_drone_ws/install/px4_ros_com/share/px4_ros_com/environment/library_path.dsv
[17.301s] -- Up-to-date: /home/hcoyle444/ros_drone_ws/install/px4_ros_com/include/px4_ros_com
[17.301s] -- Installing: /home/hcoyle444/ros_drone_ws/install/px4_ros_com/include/px4_ros_com/frame_transforms.h
[17.302s] -- Installing: /home/hcoyle444/ros_drone_ws/install/px4_ros_com/lib/libframe_transforms.so
[17.304s] -- Set runtime path of "/home/hcoyle444/ros_drone_ws/install/px4_ros_com/lib/libframe_transforms.so" to ""
[17.304s] -- Up-to-date: /home/hcoyle444/ros_drone_ws/install/px4_ros_com/share/px4_ros_com//launch
[17.304s] -- Installing: /home/hcoyle444/ros_drone_ws/install/px4_ros_com/share/px4_ros_com//launch/sensor_combined_listener.launch.py
[17.304s] -- Installing: /home/hcoyle444/ros_drone_ws/install/px4_ros_com/share/px4_ros_com//launch/offboard_control_launch.yaml
[17.305s] -- Up-to-date: /home/hcoyle444/ros_drone_ws/install/px4_ros_com/share/px4_ros_com//test
[17.305s] -- Installing: /home/hcoyle444/ros_drone_ws/install/px4_ros_com/share/px4_ros_com//test/test_output.py
[17.305s] -- Installing: /home/hcoyle444/ros_drone_ws/install/px4_ros_com/share/px4_ros_com//test/pipeline_io_test.py
[17.305s] -- Installing: /home/hcoyle444/ros_drone_ws/install/px4_ros_com/share/px4_ros_com//test/__init__.py
[17.305s] -- Installing: /home/hcoyle444/ros_drone_ws/install/px4_ros_com/share/px4_ros_com//test/test_input.py
[17.305s] -- Up-to-date: /home/hcoyle444/ros_drone_ws/install/px4_ros_com/share/px4_ros_com/environment/pythonpath.sh
[17.305s] -- Installing: /home/hcoyle444/ros_drone_ws/install/px4_ros_com/share/px4_ros_com/environment/pythonpath.dsv
[17.305s] -- Up-to-date: /home/hcoyle444/ros_drone_ws/install/px4_ros_com/local/lib/python3.10/dist-packages/px4_ros_com-0.1.0-py3.10.egg-info
[17.305s] -- Installing: /home/hcoyle444/ros_drone_ws/install/px4_ros_com/local/lib/python3.10/dist-packages/px4_ros_com-0.1.0-py3.10.egg-info/SOURCES.txt
[17.305s] -- Installing: /home/hcoyle444/ros_drone_ws/install/px4_ros_com/local/lib/python3.10/dist-packages/px4_ros_com-0.1.0-py3.10.egg-info/top_level.txt
[17.305s] -- Installing: /home/hcoyle444/ros_drone_ws/install/px4_ros_com/local/lib/python3.10/dist-packages/px4_ros_com-0.1.0-py3.10.egg-info/dependency_links.txt
[17.305s] -- Installing: /home/hcoyle444/ros_drone_ws/install/px4_ros_com/local/lib/python3.10/dist-packages/px4_ros_com-0.1.0-py3.10.egg-info/PKG-INFO
[17.305s] -- Up-to-date: /home/hcoyle444/ros_drone_ws/install/px4_ros_com/local/lib/python3.10/dist-packages/px4_ros_com
[17.305s] -- Installing: /home/hcoyle444/ros_drone_ws/install/px4_ros_com/local/lib/python3.10/dist-packages/px4_ros_com/__init__.py
[17.306s] -- Installing: /home/hcoyle444/ros_drone_ws/install/px4_ros_com/local/lib/python3.10/dist-packages/px4_ros_com/module_to_import.py
[17.326s] Listing '/home/hcoyle444/ros_drone_ws/install/px4_ros_com/local/lib/python3.10/dist-packages/px4_ros_com'...
[17.326s] Compiling '/home/hcoyle444/ros_drone_ws/install/px4_ros_com/local/lib/python3.10/dist-packages/px4_ros_com/__init__.py'...
[17.326s] Compiling '/home/hcoyle444/ros_drone_ws/install/px4_ros_com/local/lib/python3.10/dist-packages/px4_ros_com/module_to_import.py'...
[17.329s] -- Installing: /home/hcoyle444/ros_drone_ws/install/px4_ros_com/lib/px4_ros_com/offboard_control.py
[17.329s] -- Up-to-date: /home/hcoyle444/ros_drone_ws/install/px4_ros_com/share/ament_index/resource_index/package_run_dependencies/px4_ros_com
[17.329s] -- Installing: /home/hcoyle444/ros_drone_ws/install/px4_ros_com/share/ament_index/resource_index/parent_prefix_path/px4_ros_com
[17.329s] -- Up-to-date: /home/hcoyle444/ros_drone_ws/install/px4_ros_com/share/px4_ros_com/environment/ament_prefix_path.sh
[17.329s] -- Installing: /home/hcoyle444/ros_drone_ws/install/px4_ros_com/share/px4_ros_com/environment/ament_prefix_path.dsv
[17.330s] -- Up-to-date: /home/hcoyle444/ros_drone_ws/install/px4_ros_com/share/px4_ros_com/environment/path.sh
[17.330s] -- Installing: /home/hcoyle444/ros_drone_ws/install/px4_ros_com/share/px4_ros_com/environment/path.dsv
[17.330s] -- Up-to-date: /home/hcoyle444/ros_drone_ws/install/px4_ros_com/share/px4_ros_com/local_setup.bash
[17.330s] -- Up-to-date: /home/hcoyle444/ros_drone_ws/install/px4_ros_com/share/px4_ros_com/local_setup.sh
[17.330s] -- Up-to-date: /home/hcoyle444/ros_drone_ws/install/px4_ros_com/share/px4_ros_com/local_setup.zsh
[17.330s] -- Installing: /home/hcoyle444/ros_drone_ws/install/px4_ros_com/share/px4_ros_com/local_setup.dsv
[17.330s] -- Installing: /home/hcoyle444/ros_drone_ws/install/px4_ros_com/share/px4_ros_com/package.dsv
[17.330s] -- Up-to-date: /home/hcoyle444/ros_drone_ws/install/px4_ros_com/share/ament_index/resource_index/packages/px4_ros_com
[17.331s] -- Up-to-date: /home/hcoyle444/ros_drone_ws/install/px4_ros_com/share/px4_ros_com/cmake/export_frame_transformsExport.cmake
[17.331s] -- Up-to-date: /home/hcoyle444/ros_drone_ws/install/px4_ros_com/share/px4_ros_com/cmake/export_frame_transformsExport-noconfig.cmake
[17.331s] -- Up-to-date: /home/hcoyle444/ros_drone_ws/install/px4_ros_com/share/px4_ros_com/cmake/ament_cmake_export_dependencies-extras.cmake
[17.331s] -- Up-to-date: /home/hcoyle444/ros_drone_ws/install/px4_ros_com/share/px4_ros_com/cmake/ament_cmake_export_targets-extras.cmake
[17.331s] -- Up-to-date: /home/hcoyle444/ros_drone_ws/install/px4_ros_com/share/px4_ros_com/cmake/ament_cmake_export_include_directories-extras.cmake
[17.331s] -- Up-to-date: /home/hcoyle444/ros_drone_ws/install/px4_ros_com/share/px4_ros_com/cmake/ament_cmake_export_libraries-extras.cmake
[17.331s] -- Up-to-date: /home/hcoyle444/ros_drone_ws/install/px4_ros_com/share/px4_ros_com/cmake/px4_ros_comConfig.cmake
[17.331s] -- Up-to-date: /home/hcoyle444/ros_drone_ws/install/px4_ros_com/share/px4_ros_com/cmake/px4_ros_comConfig-version.cmake
[17.331s] -- Installing: /home/hcoyle444/ros_drone_ws/install/px4_ros_com/share/px4_ros_com/package.xml
[17.332s] Invoked command in '/home/hcoyle444/ros_drone_ws/build/px4_ros_com' returned '0': CMAKE_PREFIX_PATH=/home/hcoyle444/ros_drone_ws/install/px4_msgs:/home/hcoyle444/ros_drone_ws/install/px4_ros_com:/home/hcoyle444/ros_drone_ws/install/drone_control:/opt/ros/humble LD_LIBRARY_PATH=/home/hcoyle444/ros_drone_ws/install/px4_msgs/lib:/home/hcoyle444/ros_drone_ws/install/px4_ros_com/lib:/opt/ros/humble/opt/rviz_ogre_vendor/lib:/opt/ros/humble/lib/x86_64-linux-gnu:/opt/ros/humble/lib /usr/bin/cmake --install /home/hcoyle444/ros_drone_ws/build/px4_ros_com
