[0.291s] Invoking command in '/home/hcoyle444/ros_drone_ws/build/px4_ros_com': AMENT_PREFIX_PATH=/home/hcoyle444/ros_drone_ws/install/px4_msgs:${AMENT_PREFIX_PATH} CMAKE_PREFIX_PATH=/home/hcoyle444/ros_drone_ws/install/px4_msgs:/opt/ros/humble LD_LIBRARY_PATH=/home/hcoyle444/ros_drone_ws/install/px4_msgs/lib:${LD_LIBRARY_PATH} PYTHONPATH=/home/hcoyle444/ros_drone_ws/install/px4_msgs/local/lib/python3.10/dist-packages:${PYTHONPATH} /usr/bin/cmake --build /home/hcoyle444/ros_drone_ws/build/px4_ros_com -- -j20 -l20
[0.310s] -- Found ament_cmake: 1.3.7 (/opt/ros/humble/share/ament_cmake/cmake)
[0.407s] -- Found builtin_interfaces: 1.2.1 (/opt/ros/humble/share/builtin_interfaces/cmake)
[0.629s] -- Found rosidl_generator_c: 3.1.5 (/opt/ros/humble/share/rosidl_generator_c/cmake)
[0.631s] -- Found rosidl_adapter: 3.1.5 (/opt/ros/humble/share/rosidl_adapter/cmake)
[0.635s] -- Found rosidl_generator_cpp: 3.1.5 (/opt/ros/humble/share/rosidl_generator_cpp/cmake)
[0.642s] -- Using all available rosidl_typesupport_c: rosidl_typesupport_fastrtps_c;rosidl_typesupport_introspection_c
[0.653s] -- Using all available rosidl_typesupport_cpp: rosidl_typesupport_fastrtps_cpp;rosidl_typesupport_introspection_cpp
[0.664s] -- Found eigen3_cmake_module: 0.1.1 (/opt/ros/humble/share/eigen3_cmake_module/cmake)
[0.669s] -- Found geometry_msgs: 4.2.3 (/opt/ros/humble/share/geometry_msgs/cmake)
[0.749s] -- Found px4_msgs: 2.0.1 (/home/hcoyle444/ros_drone_ws/install/px4_msgs/share/px4_msgs/cmake)
[0.777s] -- Found rclcpp: 16.0.8 (/opt/ros/humble/share/rclcpp/cmake)
[0.835s] -- Found rmw_implementation_cmake: 6.1.1 (/opt/ros/humble/share/rmw_implementation_cmake/cmake)
[0.837s] -- Found rmw_fastrtps_cpp: 6.2.6 (/opt/ros/humble/share/rmw_fastrtps_cpp/cmake)
[11.059s] -- Using RMW implementation 'rmw_fastrtps_cpp' as default
[11.184s] -- Found sensor_msgs: 4.2.3 (/opt/ros/humble/share/sensor_msgs/cmake)
[11.249s] -- Found rclpy: 3.3.11 (/opt/ros/humble/share/rclpy/cmake)
[11.254s] -- Found ament_lint_auto: 0.12.10 (/opt/ros/humble/share/ament_lint_auto/cmake)
[11.314s] -- Added test 'copyright' to check source files copyright and LICENSE
[11.318s] -- Added test 'cppcheck' to perform static code analysis on C / C++ code
[11.318s] -- Configured cppcheck include dirs: /home/hcoyle444/ros_drone_ws/src/px4_ros_com/include;$<BUILD_INTERFACE:/home/hcoyle444/ros_drone_ws/src/px4_ros_com/include/px4_ros_com>
[11.318s] -- Configured cppcheck exclude dirs and/or files: 
[11.320s] -- Added test 'cpplint' to check C / C++ code against the Google style
[11.320s] -- Configured cpplint exclude dirs and/or files: 
[11.321s] -- Added test 'flake8' to check Python code syntax and style conventions
[11.321s] -- Added test 'lint_cmake' to check CMake code style
[11.322s] -- Added test 'pep257' to check Python code against some of the docstring style conventions in PEP 257
[11.324s] -- Added test 'uncrustify' to check C / C++ code style
[11.324s] -- Configured uncrustify additional arguments: 
[11.325s] -- Added test 'xmllint' to check XML markup files
[11.327s] -- Configuring done
[11.353s] -- Generating done
[11.355s] -- Build files have been written to: /home/hcoyle444/ros_drone_ws/build/px4_ros_com
[11.376s] [35m[1mConsolidate compiler generated dependencies of target frame_transforms[0m
[11.377s] [35m[1mConsolidate compiler generated dependencies of target sensor_combined_listener[0m
[11.377s] [35m[1mConsolidate compiler generated dependencies of target offboard_control[0m
[11.377s] [35m[1mConsolidate compiler generated dependencies of target offboard_control_srv[0m
[11.377s] [35m[1mConsolidate compiler generated dependencies of target vehicle_gps_position_listener[0m
[11.379s] [35m[1mConsolidate compiler generated dependencies of target debug_vect_advertiser[0m
[11.391s] [ 16%] Built target frame_transforms
[11.393s] [ 16%] Built target ament_cmake_python_copy_px4_ros_com
[11.393s] [ 25%] [32mBuilding CXX object CMakeFiles/offboard_control.dir/src/examples/offboard/offboard_control.cpp.o[0m
[11.394s] [ 33%] [32mBuilding CXX object CMakeFiles/sensor_combined_listener.dir/src/examples/listeners/sensor_combined_listener.cpp.o[0m
[11.394s] [ 41%] [32mBuilding CXX object CMakeFiles/vehicle_gps_position_listener.dir/src/examples/listeners/vehicle_gps_position_listener.cpp.o[0m
[11.394s] [ 50%] [32mBuilding CXX object CMakeFiles/offboard_control_srv.dir/src/examples/offboard/offboard_control_srv.cpp.o[0m
[11.395s] [ 58%] [32mBuilding CXX object CMakeFiles/debug_vect_advertiser.dir/src/examples/advertisers/debug_vect_advertiser.cpp.o[0m
[11.515s] running egg_info
[11.522s] writing px4_ros_com.egg-info/PKG-INFO
[11.523s] writing dependency_links to px4_ros_com.egg-info/dependency_links.txt
[11.523s] writing top-level names to px4_ros_com.egg-info/top_level.txt
[11.546s] reading manifest file 'px4_ros_com.egg-info/SOURCES.txt'
[11.546s] writing manifest file 'px4_ros_com.egg-info/SOURCES.txt'
[11.564s] [ 58%] Built target ament_cmake_python_build_px4_ros_com_egg
[14.787s] [ 66%] [32m[1mLinking CXX executable debug_vect_advertiser[0m
[15.044s] [ 66%] Built target debug_vect_advertiser
[15.260s] [ 75%] [32m[1mLinking CXX executable offboard_control[0m
[15.525s] [ 75%] Built target offboard_control
[15.770s] [ 83%] [32m[1mLinking CXX executable offboard_control_srv[0m
[16.117s] [ 83%] Built target offboard_control_srv
[17.951s] [ 91%] [32m[1mLinking CXX executable vehicle_gps_position_listener[0m
[18.025s] [100%] [32m[1mLinking CXX executable sensor_combined_listener[0m
[18.291s] [100%] Built target vehicle_gps_position_listener
[18.365s] [100%] Built target sensor_combined_listener
[18.372s] Invoked command in '/home/hcoyle444/ros_drone_ws/build/px4_ros_com' returned '0': AMENT_PREFIX_PATH=/home/hcoyle444/ros_drone_ws/install/px4_msgs:${AMENT_PREFIX_PATH} CMAKE_PREFIX_PATH=/home/hcoyle444/ros_drone_ws/install/px4_msgs:/opt/ros/humble LD_LIBRARY_PATH=/home/hcoyle444/ros_drone_ws/install/px4_msgs/lib:${LD_LIBRARY_PATH} PYTHONPATH=/home/hcoyle444/ros_drone_ws/install/px4_msgs/local/lib/python3.10/dist-packages:${PYTHONPATH} /usr/bin/cmake --build /home/hcoyle444/ros_drone_ws/build/px4_ros_com -- -j20 -l20
[18.396s] Invoking command in '/home/hcoyle444/ros_drone_ws/build/px4_ros_com': AMENT_PREFIX_PATH=/home/hcoyle444/ros_drone_ws/install/px4_msgs:${AMENT_PREFIX_PATH} CMAKE_PREFIX_PATH=/home/hcoyle444/ros_drone_ws/install/px4_msgs:/opt/ros/humble LD_LIBRARY_PATH=/home/hcoyle444/ros_drone_ws/install/px4_msgs/lib:${LD_LIBRARY_PATH} PYTHONPATH=/home/hcoyle444/ros_drone_ws/install/px4_msgs/local/lib/python3.10/dist-packages:${PYTHONPATH} /usr/bin/cmake --install /home/hcoyle444/ros_drone_ws/build/px4_ros_com
[18.401s] -- Install configuration: ""
[18.401s] -- Installing: /home/hcoyle444/ros_drone_ws/install/px4_ros_com/lib/px4_ros_com/sensor_combined_listener
[18.403s] -- Set runtime path of "/home/hcoyle444/ros_drone_ws/install/px4_ros_com/lib/px4_ros_com/sensor_combined_listener" to ""
[18.404s] -- Installing: /home/hcoyle444/ros_drone_ws/install/px4_ros_com/lib/px4_ros_com/vehicle_gps_position_listener
[18.405s] -- Set runtime path of "/home/hcoyle444/ros_drone_ws/install/px4_ros_com/lib/px4_ros_com/vehicle_gps_position_listener" to ""
[18.406s] -- Installing: /home/hcoyle444/ros_drone_ws/install/px4_ros_com/lib/px4_ros_com/debug_vect_advertiser
[18.406s] -- Set runtime path of "/home/hcoyle444/ros_drone_ws/install/px4_ros_com/lib/px4_ros_com/debug_vect_advertiser" to ""
[18.407s] -- Installing: /home/hcoyle444/ros_drone_ws/install/px4_ros_com/lib/px4_ros_com/offboard_control
[18.408s] -- Set runtime path of "/home/hcoyle444/ros_drone_ws/install/px4_ros_com/lib/px4_ros_com/offboard_control" to ""
[18.408s] -- Installing: /home/hcoyle444/ros_drone_ws/install/px4_ros_com/lib/px4_ros_com/offboard_control_srv
[18.409s] -- Set runtime path of "/home/hcoyle444/ros_drone_ws/install/px4_ros_com/lib/px4_ros_com/offboard_control_srv" to ""
[18.409s] -- Up-to-date: /home/hcoyle444/ros_drone_ws/install/px4_ros_com/share/px4_ros_com/environment/library_path.sh
[18.409s] -- Installing: /home/hcoyle444/ros_drone_ws/install/px4_ros_com/share/px4_ros_com/environment/library_path.dsv
[18.410s] -- Up-to-date: /home/hcoyle444/ros_drone_ws/install/px4_ros_com/include/px4_ros_com
[18.410s] -- Up-to-date: /home/hcoyle444/ros_drone_ws/install/px4_ros_com/include/px4_ros_com/frame_transforms.h
[18.410s] -- Up-to-date: /home/hcoyle444/ros_drone_ws/install/px4_ros_com/lib/libframe_transforms.so
[18.410s] -- Up-to-date: /home/hcoyle444/ros_drone_ws/install/px4_ros_com/share/px4_ros_com//launch
[18.410s] -- Up-to-date: /home/hcoyle444/ros_drone_ws/install/px4_ros_com/share/px4_ros_com//launch/sensor_combined_listener.launch.py
[18.410s] -- Up-to-date: /home/hcoyle444/ros_drone_ws/install/px4_ros_com/share/px4_ros_com//launch/offboard_control_launch.yaml
[18.410s] -- Up-to-date: /home/hcoyle444/ros_drone_ws/install/px4_ros_com/share/px4_ros_com//test
[18.410s] -- Up-to-date: /home/hcoyle444/ros_drone_ws/install/px4_ros_com/share/px4_ros_com//test/test_output.py
[18.410s] -- Up-to-date: /home/hcoyle444/ros_drone_ws/install/px4_ros_com/share/px4_ros_com//test/pipeline_io_test.py
[18.410s] -- Up-to-date: /home/hcoyle444/ros_drone_ws/install/px4_ros_com/share/px4_ros_com//test/__init__.py
[18.410s] -- Up-to-date: /home/hcoyle444/ros_drone_ws/install/px4_ros_com/share/px4_ros_com//test/test_input.py
[18.410s] -- Up-to-date: /home/hcoyle444/ros_drone_ws/install/px4_ros_com/share/px4_ros_com/environment/pythonpath.sh
[18.411s] -- Installing: /home/hcoyle444/ros_drone_ws/install/px4_ros_com/share/px4_ros_com/environment/pythonpath.dsv
[18.411s] -- Up-to-date: /home/hcoyle444/ros_drone_ws/install/px4_ros_com/local/lib/python3.10/dist-packages/px4_ros_com-0.1.0-py3.10.egg-info
[18.411s] -- Installing: /home/hcoyle444/ros_drone_ws/install/px4_ros_com/local/lib/python3.10/dist-packages/px4_ros_com-0.1.0-py3.10.egg-info/SOURCES.txt
[18.411s] -- Installing: /home/hcoyle444/ros_drone_ws/install/px4_ros_com/local/lib/python3.10/dist-packages/px4_ros_com-0.1.0-py3.10.egg-info/top_level.txt
[18.411s] -- Installing: /home/hcoyle444/ros_drone_ws/install/px4_ros_com/local/lib/python3.10/dist-packages/px4_ros_com-0.1.0-py3.10.egg-info/dependency_links.txt
[18.411s] -- Installing: /home/hcoyle444/ros_drone_ws/install/px4_ros_com/local/lib/python3.10/dist-packages/px4_ros_com-0.1.0-py3.10.egg-info/PKG-INFO
[18.411s] -- Up-to-date: /home/hcoyle444/ros_drone_ws/install/px4_ros_com/local/lib/python3.10/dist-packages/px4_ros_com
[18.411s] -- Up-to-date: /home/hcoyle444/ros_drone_ws/install/px4_ros_com/local/lib/python3.10/dist-packages/px4_ros_com/__init__.py
[18.411s] -- Up-to-date: /home/hcoyle444/ros_drone_ws/install/px4_ros_com/local/lib/python3.10/dist-packages/px4_ros_com/module_to_import.py
[18.432s] Listing '/home/hcoyle444/ros_drone_ws/install/px4_ros_com/local/lib/python3.10/dist-packages/px4_ros_com'...
[18.435s] -- Up-to-date: /home/hcoyle444/ros_drone_ws/install/px4_ros_com/lib/px4_ros_com/offboard_control.py
[18.435s] -- Up-to-date: /home/hcoyle444/ros_drone_ws/install/px4_ros_com/share/ament_index/resource_index/package_run_dependencies/px4_ros_com
[18.435s] -- Installing: /home/hcoyle444/ros_drone_ws/install/px4_ros_com/share/ament_index/resource_index/parent_prefix_path/px4_ros_com
[18.435s] -- Up-to-date: /home/hcoyle444/ros_drone_ws/install/px4_ros_com/share/px4_ros_com/environment/ament_prefix_path.sh
[18.435s] -- Installing: /home/hcoyle444/ros_drone_ws/install/px4_ros_com/share/px4_ros_com/environment/ament_prefix_path.dsv
[18.435s] -- Up-to-date: /home/hcoyle444/ros_drone_ws/install/px4_ros_com/share/px4_ros_com/environment/path.sh
[18.435s] -- Installing: /home/hcoyle444/ros_drone_ws/install/px4_ros_com/share/px4_ros_com/environment/path.dsv
[18.435s] -- Up-to-date: /home/hcoyle444/ros_drone_ws/install/px4_ros_com/share/px4_ros_com/local_setup.bash
[18.435s] -- Up-to-date: /home/hcoyle444/ros_drone_ws/install/px4_ros_com/share/px4_ros_com/local_setup.sh
[18.435s] -- Up-to-date: /home/hcoyle444/ros_drone_ws/install/px4_ros_com/share/px4_ros_com/local_setup.zsh
[18.436s] -- Installing: /home/hcoyle444/ros_drone_ws/install/px4_ros_com/share/px4_ros_com/local_setup.dsv
[18.436s] -- Installing: /home/hcoyle444/ros_drone_ws/install/px4_ros_com/share/px4_ros_com/package.dsv
[18.436s] -- Up-to-date: /home/hcoyle444/ros_drone_ws/install/px4_ros_com/share/ament_index/resource_index/packages/px4_ros_com
[18.436s] -- Up-to-date: /home/hcoyle444/ros_drone_ws/install/px4_ros_com/share/px4_ros_com/cmake/export_frame_transformsExport.cmake
[18.436s] -- Up-to-date: /home/hcoyle444/ros_drone_ws/install/px4_ros_com/share/px4_ros_com/cmake/export_frame_transformsExport-noconfig.cmake
[18.436s] -- Up-to-date: /home/hcoyle444/ros_drone_ws/install/px4_ros_com/share/px4_ros_com/cmake/ament_cmake_export_dependencies-extras.cmake
[18.436s] -- Up-to-date: /home/hcoyle444/ros_drone_ws/install/px4_ros_com/share/px4_ros_com/cmake/ament_cmake_export_targets-extras.cmake
[18.436s] -- Up-to-date: /home/hcoyle444/ros_drone_ws/install/px4_ros_com/share/px4_ros_com/cmake/ament_cmake_export_include_directories-extras.cmake
[18.436s] -- Up-to-date: /home/hcoyle444/ros_drone_ws/install/px4_ros_com/share/px4_ros_com/cmake/ament_cmake_export_libraries-extras.cmake
[18.436s] -- Up-to-date: /home/hcoyle444/ros_drone_ws/install/px4_ros_com/share/px4_ros_com/cmake/px4_ros_comConfig.cmake
[18.437s] -- Up-to-date: /home/hcoyle444/ros_drone_ws/install/px4_ros_com/share/px4_ros_com/cmake/px4_ros_comConfig-version.cmake
[18.437s] -- Up-to-date: /home/hcoyle444/ros_drone_ws/install/px4_ros_com/share/px4_ros_com/package.xml
[18.438s] Invoked command in '/home/hcoyle444/ros_drone_ws/build/px4_ros_com' returned '0': AMENT_PREFIX_PATH=/home/hcoyle444/ros_drone_ws/install/px4_msgs:${AMENT_PREFIX_PATH} CMAKE_PREFIX_PATH=/home/hcoyle444/ros_drone_ws/install/px4_msgs:/opt/ros/humble LD_LIBRARY_PATH=/home/hcoyle444/ros_drone_ws/install/px4_msgs/lib:${LD_LIBRARY_PATH} PYTHONPATH=/home/hcoyle444/ros_drone_ws/install/px4_msgs/local/lib/python3.10/dist-packages:${PYTHONPATH} /usr/bin/cmake --install /home/hcoyle444/ros_drone_ws/build/px4_ros_com
