running egg_info
writing ../../build/drone_control/drone_control.egg-info/PKG-INFO
writing dependency_links to ../../build/drone_control/drone_control.egg-info/dependency_links.txt
writing entry points to ../../build/drone_control/drone_control.egg-info/entry_points.txt
writing requirements to ../../build/drone_control/drone_control.egg-info/requires.txt
writing top-level names to ../../build/drone_control/drone_control.egg-info/top_level.txt
reading manifest file '../../build/drone_control/drone_control.egg-info/SOURCES.txt'
writing manifest file '../../build/drone_control/drone_control.egg-info/SOURCES.txt'
running build
running build_py
running install
running install_lib
running install_data
copying package.xml -> /home/vini_dunker/MRT-19/ros_drone_ws/install/drone_control/share/drone_control
running install_egg_info
removing '/home/vini_dunker/MRT-19/ros_drone_ws/install/drone_control/lib/python3.10/site-packages/drone_control-0.0.0-py3.10.egg-info' (and everything under it)
Copying ../../build/drone_control/drone_control.egg-info to /home/vini_dunker/MRT-19/ros_drone_ws/install/drone_control/lib/python3.10/site-packages/drone_control-0.0.0-py3.10.egg-info
running install_scripts
Installing drone_mission script to /home/vini_dunker/MRT-19/ros_drone_ws/install/drone_control/lib/drone_control
writing list of installed files to '/home/vini_dunker/MRT-19/ros_drone_ws/build/drone_control/install.log'
