[0.553s] Invoking command in '/home/vini_dunker/MRT-19/ros_drone_ws/src/drone_control': PYTHONPATH=/home/vini_dunker/MRT-19/ros_drone_ws/build/drone_control/prefix_override:/home/vini_dunker/MRT-19/ros_drone_ws/install/drone_control/lib/python3.10/site-packages:${PYTHONPATH} /usr/bin/python3 setup.py egg_info --egg-base ../../build/drone_control build --build-base /home/vini_dunker/MRT-19/ros_drone_ws/build/drone_control/build install --record /home/vini_dunker/MRT-19/ros_drone_ws/build/drone_control/install.log --single-version-externally-managed
[0.765s] running egg_info
[0.765s] writing ../../build/drone_control/drone_control.egg-info/PKG-INFO
[0.766s] writing dependency_links to ../../build/drone_control/drone_control.egg-info/dependency_links.txt
[0.766s] writing entry points to ../../build/drone_control/drone_control.egg-info/entry_points.txt
[0.766s] writing requirements to ../../build/drone_control/drone_control.egg-info/requires.txt
[0.766s] writing top-level names to ../../build/drone_control/drone_control.egg-info/top_level.txt
[0.767s] reading manifest file '../../build/drone_control/drone_control.egg-info/SOURCES.txt'
[0.768s] writing manifest file '../../build/drone_control/drone_control.egg-info/SOURCES.txt'
[0.768s] running build
[0.768s] running build_py
[0.768s] running install
[0.768s] running install_lib
[0.769s] running install_data
[0.770s] copying package.xml -> /home/vini_dunker/MRT-19/ros_drone_ws/install/drone_control/share/drone_control
[0.770s] running install_egg_info
[0.771s] removing '/home/vini_dunker/MRT-19/ros_drone_ws/install/drone_control/lib/python3.10/site-packages/drone_control-0.0.0-py3.10.egg-info' (and everything under it)
[0.771s] Copying ../../build/drone_control/drone_control.egg-info to /home/vini_dunker/MRT-19/ros_drone_ws/install/drone_control/lib/python3.10/site-packages/drone_control-0.0.0-py3.10.egg-info
[0.772s] running install_scripts
[0.787s] Installing drone_mission script to /home/vini_dunker/MRT-19/ros_drone_ws/install/drone_control/lib/drone_control
[0.787s] writing list of installed files to '/home/vini_dunker/MRT-19/ros_drone_ws/build/drone_control/install.log'
[0.805s] Invoked command in '/home/vini_dunker/MRT-19/ros_drone_ws/src/drone_control' returned '0': PYTHONPATH=/home/vini_dunker/MRT-19/ros_drone_ws/build/drone_control/prefix_override:/home/vini_dunker/MRT-19/ros_drone_ws/install/drone_control/lib/python3.10/site-packages:${PYTHONPATH} /usr/bin/python3 setup.py egg_info --egg-base ../../build/drone_control build --build-base /home/vini_dunker/MRT-19/ros_drone_ws/build/drone_control/build install --record /home/vini_dunker/MRT-19/ros_drone_ws/build/drone_control/install.log --single-version-externally-managed
