[01m[K/home/hcoyle444/ros_drone_ws/build/px4_msgs/rosidl_typesupport_fastrtps_cpp/px4_msgs/msg/detail/dds_fastrtps/vehicle_local_position__type_support.cpp:[m[K In function ‘[01m[Kbool px4_msgs::msg::typesupport_fastrtps_cpp::cdr_serialize(const VehicleLocalPosition&, eprosima::fastcdr::Cdr&)[m[K’:
[01m[K/home/hcoyle444/ros_drone_ws/build/px4_msgs/rosidl_typesupport_fastrtps_cpp/px4_msgs/msg/detail/dds_fastrtps/vehicle_local_position__type_support.cpp:90:22:[m[K [01;31m[Kerror: [m[K‘[01m[Kconst VehicleLocalPosition[m[K’ {aka ‘[01m[Kconst struct px4_msgs::msg::VehicleLocalPosition_<std::allocator<void> >[m[K’} has no member named ‘[01m[Kheading_var[m[K’; did you mean ‘[01m[Kheading[m[K’?
   90 |   cdr << ros_message.[01;31m[Kheading_var[m[K;
      |                      [01;31m[K^~~~~~~~~~~[m[K
      |                      [32m[Kheading[m[K
[01m[K/home/hcoyle444/ros_drone_ws/build/px4_msgs/rosidl_typesupport_fastrtps_cpp/px4_msgs/msg/detail/dds_fastrtps/vehicle_local_position__type_support.cpp:100:22:[m[K [01;31m[Kerror: [m[K‘[01m[Kconst VehicleLocalPosition[m[K’ {aka ‘[01m[Kconst struct px4_msgs::msg::VehicleLocalPosition_<std::allocator<void> >[m[K’} has no member named ‘[01m[Ktilt_var[m[K’
  100 |   cdr << ros_message.[01;31m[Ktilt_var[m[K;
      |                      [01;31m[K^~~~~~~~[m[K
[01m[K/home/hcoyle444/ros_drone_ws/build/px4_msgs/rosidl_typesupport_fastrtps_cpp/px4_msgs/msg/detail/dds_fastrtps/vehicle_local_position__type_support.cpp:[m[K In function ‘[01m[Kbool px4_msgs::msg::typesupport_fastrtps_cpp::cdr_deserialize(eprosima::fastcdr::Cdr&, px4_msgs::msg::VehicleLocalPosition&)[m[K’:
[01m[K/home/hcoyle444/ros_drone_ws/build/px4_msgs/rosidl_typesupport_fastrtps_cpp/px4_msgs/msg/detail/dds_fastrtps/vehicle_local_position__type_support.cpp:242:22:[m[K [01;31m[Kerror: [m[K‘[01m[Kusing VehicleLocalPosition = struct px4_msgs::msg::VehicleLocalPosition_<std::allocator<void> >[m[K’ {aka ‘[01m[Kstruct px4_msgs::msg::VehicleLocalPosition_<std::allocator<void> >[m[K’} has no member named ‘[01m[Kheading_var[m[K’; did you mean ‘[01m[Kheading[m[K’?
  242 |   cdr >> ros_message.[01;31m[Kheading_var[m[K;
      |                      [01;31m[K^~~~~~~~~~~[m[K
      |                      [32m[Kheading[m[K
[01m[K/home/hcoyle444/ros_drone_ws/build/px4_msgs/rosidl_typesupport_fastrtps_cpp/px4_msgs/msg/detail/dds_fastrtps/vehicle_local_position__type_support.cpp:261:22:[m[K [01;31m[Kerror: [m[K‘[01m[Kusing VehicleLocalPosition = struct px4_msgs::msg::VehicleLocalPosition_<std::allocator<void> >[m[K’ {aka ‘[01m[Kstruct px4_msgs::msg::VehicleLocalPosition_<std::allocator<void> >[m[K’} has no member named ‘[01m[Ktilt_var[m[K’
  261 |   cdr >> ros_message.[01;31m[Ktilt_var[m[K;
      |                      [01;31m[K^~~~~~~~[m[K
[01m[K/home/hcoyle444/ros_drone_ws/build/px4_msgs/rosidl_typesupport_fastrtps_cpp/px4_msgs/msg/detail/dds_fastrtps/vehicle_local_position__type_support.cpp:[m[K In function ‘[01m[Ksize_t px4_msgs::msg::typesupport_fastrtps_cpp::get_serialized_size(const VehicleLocalPosition&, size_t)[m[K’:
[01m[K/home/hcoyle444/ros_drone_ws/build/px4_msgs/rosidl_typesupport_fastrtps_cpp/px4_msgs/msg/detail/dds_fastrtps/vehicle_local_position__type_support.cpp:503:43:[m[K [01;31m[Kerror: [m[K‘[01m[Kconst VehicleLocalPosition[m[K’ {aka ‘[01m[Kconst struct px4_msgs::msg::VehicleLocalPosition_<std::allocator<void> >[m[K’} has no member named ‘[01m[Kheading_var[m[K’; did you mean ‘[01m[Kheading[m[K’?
  503 |     size_t item_size = sizeof(ros_message.[01;31m[Kheading_var[m[K);
      |                                           [01;31m[K^~~~~~~~~~~[m[K
      |                                           [32m[Kheading[m[K
[01m[K/home/hcoyle444/ros_drone_ws/build/px4_msgs/rosidl_typesupport_fastrtps_cpp/px4_msgs/msg/detail/dds_fastrtps/vehicle_local_position__type_support.cpp:533:43:[m[K [01;31m[Kerror: [m[K‘[01m[Kconst VehicleLocalPosition[m[K’ {aka ‘[01m[Kconst struct px4_msgs::msg::VehicleLocalPosition_<std::allocator<void> >[m[K’} has no member named ‘[01m[Ktilt_var[m[K’
  533 |     size_t item_size = sizeof(ros_message.[01;31m[Ktilt_var[m[K);
      |                                           [01;31m[K^~~~~~~~[m[K
gmake[2]: *** [CMakeFiles/px4_msgs__rosidl_typesupport_fastrtps_cpp.dir/build.make:4076: CMakeFiles/px4_msgs__rosidl_typesupport_fastrtps_cpp.dir/rosidl_typesupport_fastrtps_cpp/px4_msgs/msg/detail/dds_fastrtps/vehicle_local_position__type_support.cpp.o] Error 1
gmake[2]: *** Waiting for unfinished jobs....
gmake[1]: *** [CMakeFiles/Makefile2:291: CMakeFiles/px4_msgs__rosidl_typesupport_fastrtps_cpp.dir/all] Error 2
gmake[1]: *** Waiting for unfinished jobs....
In file included from [01m[K/usr/include/stdio.h:33[m[K,
                 from [01m[K/usr/include/c++/11/cstdio:42[m[K,
                 from [01m[K/usr/include/c++/11/ext/string_conversions.h:43[m[K,
                 from [01m[K/usr/include/c++/11/bits/basic_string.h:6608[m[K,
                 from [01m[K/usr/include/c++/11/string:55[m[K,
                 from [01m[K/home/hcoyle444/ros_drone_ws/build/px4_msgs/rosidl_typesupport_introspection_cpp/px4_msgs/msg/detail/vehicle_local_position__type_support.cpp:7[m[K:
[01m[K/home/hcoyle444/ros_drone_ws/build/px4_msgs/rosidl_typesupport_introspection_cpp/px4_msgs/msg/detail/vehicle_local_position__type_support.cpp:550:51:[m[K [01;31m[Kerror: [m[K‘[01m[Kusing VehicleLocalPosition = struct px4_msgs::msg::VehicleLocalPosition_<std::allocator<void> >[m[K’ {aka ‘[01m[Kstruct px4_msgs::msg::VehicleLocalPosition_<std::allocator<void> >[m[K’} has no member named ‘[01m[Kheading_var[m[K’; did you mean ‘[01m[Kheading[m[K’?
  550 |     offsetof(px4_msgs::msg::VehicleLocalPosition, [01;31m[Kheading_var[m[K),  // bytes offset in struct
      |                                                   [01;31m[K^~~~~~~~~~~[m[K
[01m[K/home/hcoyle444/ros_drone_ws/build/px4_msgs/rosidl_typesupport_introspection_cpp/px4_msgs/msg/detail/vehicle_local_position__type_support.cpp:635:51:[m[K [01;31m[Kerror: [m[K‘[01m[Kusing VehicleLocalPosition = struct px4_msgs::msg::VehicleLocalPosition_<std::allocator<void> >[m[K’ {aka ‘[01m[Kstruct px4_msgs::msg::VehicleLocalPosition_<std::allocator<void> >[m[K’} has no member named ‘[01m[Ktilt_var[m[K’
  635 |     offsetof(px4_msgs::msg::VehicleLocalPosition, [01;31m[Ktilt_var[m[K),  // bytes offset in struct
      |                                                   [01;31m[K^~~~~~~~[m[K
gmake[2]: *** [CMakeFiles/px4_msgs__rosidl_typesupport_introspection_cpp.dir/build.make:4076: CMakeFiles/px4_msgs__rosidl_typesupport_introspection_cpp.dir/rosidl_typesupport_introspection_cpp/px4_msgs/msg/detail/vehicle_local_position__type_support.cpp.o] Error 1
gmake[2]: *** Waiting for unfinished jobs....
gmake[1]: *** [CMakeFiles/Makefile2:369: CMakeFiles/px4_msgs__rosidl_typesupport_introspection_cpp.dir/all] Error 2
In file included from [01m[K/usr/include/alloca.h:24[m[K,
                 from [01m[K/usr/include/stdlib.h:574[m[K,
                 from [01m[K/home/hcoyle444/ros_drone_ws/build/px4_msgs/rosidl_generator_c/px4_msgs/msg/detail/vehicle_local_position__functions.h:14[m[K,
                 from [01m[K/home/hcoyle444/ros_drone_ws/build/px4_msgs/rosidl_typesupport_introspection_c/px4_msgs/msg/detail/vehicle_local_position__type_support.c:11[m[K:
[01m[K/home/hcoyle444/ros_drone_ws/build/px4_msgs/rosidl_typesupport_introspection_c/px4_msgs/msg/detail/vehicle_local_position__type_support.c:558:51:[m[K [01;31m[Kerror: [m[K‘[01m[Kpx4_msgs__msg__VehicleLocalPosition[m[K’ has no member named ‘[01m[Kheading_var[m[K’; did you mean ‘[01m[Kheading[m[K’?
  558 |     offsetof(px4_msgs__msg__VehicleLocalPosition, [01;31m[Kheading_var[m[K),  // bytes offset in struct
      |                                                   [01;31m[K^~~~~~~~~~~[m[K
[01m[K/home/hcoyle444/ros_drone_ws/build/px4_msgs/rosidl_typesupport_introspection_c/px4_msgs/msg/detail/vehicle_local_position__type_support.c:643:5:[m[K [01;31m[Kerror: [m[K‘[01m[Kpx4_msgs__msg__VehicleLocalPosition[m[K’ has no member named ‘[01m[Ktilt_var[m[K’
  643 |     [01;31m[Koffsetof[m[K(px4_msgs__msg__VehicleLocalPosition, tilt_var),  // bytes offset in struct
      |     [01;31m[K^~~~~~~~[m[K
gmake[2]: *** [CMakeFiles/px4_msgs__rosidl_typesupport_introspection_c.dir/build.make:4076: CMakeFiles/px4_msgs__rosidl_typesupport_introspection_c.dir/rosidl_typesupport_introspection_c/px4_msgs/msg/detail/vehicle_local_position__type_support.c.o] Error 1
gmake[2]: *** Waiting for unfinished jobs....
gmake[1]: *** [CMakeFiles/Makefile2:317: CMakeFiles/px4_msgs__rosidl_typesupport_introspection_c.dir/all] Error 2
[01m[K/home/hcoyle444/ros_drone_ws/build/px4_msgs/rosidl_typesupport_fastrtps_c/px4_msgs/msg/detail/vehicle_local_position__type_support_c.cpp:[m[K In function ‘[01m[Kbool _VehicleLocalPosition__cdr_serialize(const void*, eprosima::fastcdr::Cdr&)[m[K’:
[01m[K/home/hcoyle444/ros_drone_ws/build/px4_msgs/rosidl_typesupport_fastrtps_c/px4_msgs/msg/detail/vehicle_local_position__type_support_c.cpp:183:25:[m[K [01;31m[Kerror: [m[K‘[01m[Kconst _VehicleLocalPosition__ros_msg_type[m[K’ {aka ‘[01m[Kconst struct px4_msgs__msg__VehicleLocalPosition[m[K’} has no member named ‘[01m[Kheading_var[m[K’; did you mean ‘[01m[Kheading[m[K’?
  183 |     cdr << ros_message->[01;31m[Kheading_var[m[K;
      |                         [01;31m[K^~~~~~~~~~~[m[K
      |                         [32m[Kheading[m[K
[01m[K/home/hcoyle444/ros_drone_ws/build/px4_msgs/rosidl_typesupport_fastrtps_c/px4_msgs/msg/detail/vehicle_local_position__type_support_c.cpp:208:25:[m[K [01;31m[Kerror: [m[K‘[01m[Kconst _VehicleLocalPosition__ros_msg_type[m[K’ {aka ‘[01m[Kconst struct px4_msgs__msg__VehicleLocalPosition[m[K’} has no member named ‘[01m[Ktilt_var[m[K’
  208 |     cdr << ros_message->[01;31m[Ktilt_var[m[K;
      |                         [01;31m[K^~~~~~~~[m[K
[01m[K/home/hcoyle444/ros_drone_ws/build/px4_msgs/rosidl_typesupport_fastrtps_c/px4_msgs/msg/detail/vehicle_local_position__type_support_c.cpp:[m[K In function ‘[01m[Kbool _VehicleLocalPosition__cdr_deserialize(eprosima::fastcdr::Cdr&, void*)[m[K’:
[01m[K/home/hcoyle444/ros_drone_ws/build/px4_msgs/rosidl_typesupport_fastrtps_c/px4_msgs/msg/detail/vehicle_local_position__type_support_c.cpp:452:25:[m[K [01;31m[Kerror: [m[K‘[01m[Kusing _VehicleLocalPosition__ros_msg_type = px4_msgs__msg__VehicleLocalPosition[m[K’ {aka ‘[01m[Kstruct px4_msgs__msg__VehicleLocalPosition[m[K’} has no member named ‘[01m[Kheading_var[m[K’; did you mean ‘[01m[Kheading[m[K’?
  452 |     cdr >> ros_message->[01;31m[Kheading_var[m[K;
      |                         [01;31m[K^~~~~~~~~~~[m[K
      |                         [32m[Kheading[m[K
[01m[K/home/hcoyle444/ros_drone_ws/build/px4_msgs/rosidl_typesupport_fastrtps_c/px4_msgs/msg/detail/vehicle_local_position__type_support_c.cpp:479:25:[m[K [01;31m[Kerror: [m[K‘[01m[Kusing _VehicleLocalPosition__ros_msg_type = px4_msgs__msg__VehicleLocalPosition[m[K’ {aka ‘[01m[Kstruct px4_msgs__msg__VehicleLocalPosition[m[K’} has no member named ‘[01m[Ktilt_var[m[K’
  479 |     cdr >> ros_message->[01;31m[Ktilt_var[m[K;
      |                         [01;31m[K^~~~~~~~[m[K
[01m[K/home/hcoyle444/ros_drone_ws/build/px4_msgs/rosidl_typesupport_fastrtps_c/px4_msgs/msg/detail/vehicle_local_position__type_support_c.cpp:[m[K In function ‘[01m[Ksize_t get_serialized_size_px4_msgs__msg__VehicleLocalPosition(const void*, size_t)[m[K’:
[01m[K/home/hcoyle444/ros_drone_ws/build/px4_msgs/rosidl_typesupport_fastrtps_c/px4_msgs/msg/detail/vehicle_local_position__type_support_c.cpp:755:44:[m[K [01;31m[Kerror: [m[K‘[01m[Kconst _VehicleLocalPosition__ros_msg_type[m[K’ {aka ‘[01m[Kconst struct px4_msgs__msg__VehicleLocalPosition[m[K’} has no member named ‘[01m[Kheading_var[m[K’; did you mean ‘[01m[Kheading[m[K’?
  755 |     size_t item_size = sizeof(ros_message->[01;31m[Kheading_var[m[K);
      |                                            [01;31m[K^~~~~~~~~~~[m[K
      |                                            [32m[Kheading[m[K
[01m[K/home/hcoyle444/ros_drone_ws/build/px4_msgs/rosidl_typesupport_fastrtps_c/px4_msgs/msg/detail/vehicle_local_position__type_support_c.cpp:785:44:[m[K [01;31m[Kerror: [m[K‘[01m[Kconst _VehicleLocalPosition__ros_msg_type[m[K’ {aka ‘[01m[Kconst struct px4_msgs__msg__VehicleLocalPosition[m[K’} has no member named ‘[01m[Ktilt_var[m[K’
  785 |     size_t item_size = sizeof(ros_message->[01;31m[Ktilt_var[m[K);
      |                                            [01;31m[K^~~~~~~~[m[K
gmake[2]: *** [CMakeFiles/px4_msgs__rosidl_typesupport_fastrtps_c.dir/build.make:4076: CMakeFiles/px4_msgs__rosidl_typesupport_fastrtps_c.dir/rosidl_typesupport_fastrtps_c/px4_msgs/msg/detail/vehicle_local_position__type_support_c.cpp.o] Error 1
gmake[2]: *** Waiting for unfinished jobs....
gmake[1]: *** [CMakeFiles/Makefile2:239: CMakeFiles/px4_msgs__rosidl_typesupport_fastrtps_c.dir/all] Error 2
gmake: *** [Makefile:146: all] Error 2
