[1.638s] DEBUG:colcon:Command line arguments: ['/usr/bin/colcon', 'build']
[1.639s] DEBUG:colcon:Parsed command line arguments: Namespace(log_base=None, log_level=None, verb_name='build', build_base='build', install_base='install', merge_install=False, symlink_install=False, test_result_base=None, continue_on_error=False, executor='parallel', parallel_workers=20, event_handlers=None, ignore_user_meta=False, metas=['./colcon.meta'], base_paths=['.'], packages_ignore=None, packages_ignore_regex=None, paths=None, packages_up_to=None, packages_up_to_regex=None, packages_above=None, packages_above_and_dependencies=None, packages_above_depth=None, packages_select_by_dep=None, packages_skip_by_dep=None, packages_skip_up_to=None, packages_select_build_failed=False, packages_skip_build_finished=False, packages_select_test_failures=False, packages_skip_test_passed=False, packages_select=None, packages_skip=None, packages_select_regex=None, packages_skip_regex=None, packages_start=None, packages_end=None, allow_overriding=[], cmake_args=None, cmake_target=None, cmake_target_skip_unavailable=False, cmake_clean_cache=False, cmake_clean_first=False, cmake_force_configure=False, ament_cmake_args=None, catkin_cmake_args=None, catkin_skip_building_tests=False, verb_parser=<colcon_defaults.argument_parser.defaults.DefaultArgumentsDecorator object at 0x7f42477ddc00>, verb_extension=<colcon_core.verb.build.BuildVerb object at 0x7f4247bc76a0>, main=<bound method BuildVerb.main of <colcon_core.verb.build.BuildVerb object at 0x7f4247bc76a0>>)
[1.714s] Level 1:colcon.colcon_core.package_discovery:discover_packages(colcon_meta) check parameters
[1.714s] Level 1:colcon.colcon_core.package_discovery:discover_packages(recursive) check parameters
[1.714s] Level 1:colcon.colcon_core.package_discovery:discover_packages(ignore) check parameters
[1.714s] Level 1:colcon.colcon_core.package_discovery:discover_packages(path) check parameters
[1.714s] Level 1:colcon.colcon_core.package_discovery:discover_packages(colcon_meta) discover
[1.714s] Level 1:colcon.colcon_core.package_discovery:discover_packages(recursive) discover
[1.714s] INFO:colcon.colcon_core.package_discovery:Crawling recursively for packages in '/home/hcoyle444/ros_drone_ws'
[1.715s] Level 1:colcon.colcon_core.package_identification:_identify(.) by extensions ['ignore', 'ignore_ament_install']
[1.715s] Level 1:colcon.colcon_core.package_identification:_identify(.) by extension 'ignore'
[1.715s] Level 1:colcon.colcon_core.package_identification:_identify(.) by extension 'ignore_ament_install'
[1.715s] Level 1:colcon.colcon_core.package_identification:_identify(.) by extensions ['colcon_pkg']
[1.715s] Level 1:colcon.colcon_core.package_identification:_identify(.) by extension 'colcon_pkg'
[1.715s] Level 1:colcon.colcon_core.package_identification:_identify(.) by extensions ['colcon_meta']
[1.715s] Level 1:colcon.colcon_core.package_identification:_identify(.) by extension 'colcon_meta'
[1.715s] Level 1:colcon.colcon_core.package_identification:_identify(.) by extensions ['ros']
[1.716s] Level 1:colcon.colcon_core.package_identification:_identify(.) by extension 'ros'
[1.738s] Level 1:colcon.colcon_core.package_identification:_identify(.) by extensions ['cmake', 'python']
[1.738s] Level 1:colcon.colcon_core.package_identification:_identify(.) by extension 'cmake'
[1.739s] Level 1:colcon.colcon_core.package_identification:_identify(.) by extension 'python'
[1.739s] Level 1:colcon.colcon_core.package_identification:_identify(.) by extensions ['python_setup_py']
[1.739s] Level 1:colcon.colcon_core.package_identification:_identify(.) by extension 'python_setup_py'
[1.739s] Level 1:colcon.colcon_core.package_identification:_identify(build) by extensions ['ignore', 'ignore_ament_install']
[1.739s] Level 1:colcon.colcon_core.package_identification:_identify(build) by extension 'ignore'
[1.739s] Level 1:colcon.colcon_core.package_identification:_identify(build) ignored
[1.739s] Level 1:colcon.colcon_core.package_identification:_identify(install) by extensions ['ignore', 'ignore_ament_install']
[1.739s] Level 1:colcon.colcon_core.package_identification:_identify(install) by extension 'ignore'
[1.739s] Level 1:colcon.colcon_core.package_identification:_identify(install) ignored
[1.739s] Level 1:colcon.colcon_core.package_identification:_identify(log) by extensions ['ignore', 'ignore_ament_install']
[1.740s] Level 1:colcon.colcon_core.package_identification:_identify(log) by extension 'ignore'
[1.740s] Level 1:colcon.colcon_core.package_identification:_identify(log) ignored
[1.740s] Level 1:colcon.colcon_core.package_identification:_identify(src) by extensions ['ignore', 'ignore_ament_install']
[1.740s] Level 1:colcon.colcon_core.package_identification:_identify(src) by extension 'ignore'
[1.740s] Level 1:colcon.colcon_core.package_identification:_identify(src) by extension 'ignore_ament_install'
[1.740s] Level 1:colcon.colcon_core.package_identification:_identify(src) by extensions ['colcon_pkg']
[1.740s] Level 1:colcon.colcon_core.package_identification:_identify(src) by extension 'colcon_pkg'
[1.740s] Level 1:colcon.colcon_core.package_identification:_identify(src) by extensions ['colcon_meta']
[1.740s] Level 1:colcon.colcon_core.package_identification:_identify(src) by extension 'colcon_meta'
[1.740s] Level 1:colcon.colcon_core.package_identification:_identify(src) by extensions ['ros']
[1.740s] Level 1:colcon.colcon_core.package_identification:_identify(src) by extension 'ros'
[1.740s] Level 1:colcon.colcon_core.package_identification:_identify(src) by extensions ['cmake', 'python']
[1.740s] Level 1:colcon.colcon_core.package_identification:_identify(src) by extension 'cmake'
[1.740s] Level 1:colcon.colcon_core.package_identification:_identify(src) by extension 'python'
[1.740s] Level 1:colcon.colcon_core.package_identification:_identify(src) by extensions ['python_setup_py']
[1.740s] Level 1:colcon.colcon_core.package_identification:_identify(src) by extension 'python_setup_py'
[1.740s] Level 1:colcon.colcon_core.package_identification:_identify(src/drone_control) by extensions ['ignore', 'ignore_ament_install']
[1.740s] Level 1:colcon.colcon_core.package_identification:_identify(src/drone_control) by extension 'ignore'
[1.741s] Level 1:colcon.colcon_core.package_identification:_identify(src/drone_control) by extension 'ignore_ament_install'
[1.741s] Level 1:colcon.colcon_core.package_identification:_identify(src/drone_control) by extensions ['colcon_pkg']
[1.741s] Level 1:colcon.colcon_core.package_identification:_identify(src/drone_control) by extension 'colcon_pkg'
[1.741s] Level 1:colcon.colcon_core.package_identification:_identify(src/drone_control) by extensions ['colcon_meta']
[1.741s] Level 1:colcon.colcon_core.package_identification:_identify(src/drone_control) by extension 'colcon_meta'
[1.741s] Level 1:colcon.colcon_core.package_identification:_identify(src/drone_control) by extensions ['ros']
[1.741s] Level 1:colcon.colcon_core.package_identification:_identify(src/drone_control) by extension 'ros'
[1.745s] DEBUG:colcon.colcon_core.package_identification:Package 'src/drone_control' with type 'ros.ament_python' and name 'drone_control'
[1.745s] Level 1:colcon.colcon_core.package_identification:_identify(src/px4_msgs) by extensions ['ignore', 'ignore_ament_install']
[1.745s] Level 1:colcon.colcon_core.package_identification:_identify(src/px4_msgs) by extension 'ignore'
[1.745s] Level 1:colcon.colcon_core.package_identification:_identify(src/px4_msgs) by extension 'ignore_ament_install'
[1.745s] Level 1:colcon.colcon_core.package_identification:_identify(src/px4_msgs) by extensions ['colcon_pkg']
[1.745s] Level 1:colcon.colcon_core.package_identification:_identify(src/px4_msgs) by extension 'colcon_pkg'
[1.745s] Level 1:colcon.colcon_core.package_identification:_identify(src/px4_msgs) by extensions ['colcon_meta']
[1.745s] Level 1:colcon.colcon_core.package_identification:_identify(src/px4_msgs) by extension 'colcon_meta'
[1.745s] Level 1:colcon.colcon_core.package_identification:_identify(src/px4_msgs) by extensions ['ros']
[1.745s] Level 1:colcon.colcon_core.package_identification:_identify(src/px4_msgs) by extension 'ros'
[1.746s] DEBUG:colcon.colcon_core.package_identification:Package 'src/px4_msgs' with type 'ros.ament_cmake' and name 'px4_msgs'
[1.746s] Level 1:colcon.colcon_core.package_identification:_identify(src/px4_ros_com) by extensions ['ignore', 'ignore_ament_install']
[1.747s] Level 1:colcon.colcon_core.package_identification:_identify(src/px4_ros_com) by extension 'ignore'
[1.747s] Level 1:colcon.colcon_core.package_identification:_identify(src/px4_ros_com) by extension 'ignore_ament_install'
[1.747s] Level 1:colcon.colcon_core.package_identification:_identify(src/px4_ros_com) by extensions ['colcon_pkg']
[1.747s] Level 1:colcon.colcon_core.package_identification:_identify(src/px4_ros_com) by extension 'colcon_pkg'
[1.747s] Level 1:colcon.colcon_core.package_identification:_identify(src/px4_ros_com) by extensions ['colcon_meta']
[1.747s] Level 1:colcon.colcon_core.package_identification:_identify(src/px4_ros_com) by extension 'colcon_meta'
[1.747s] Level 1:colcon.colcon_core.package_identification:_identify(src/px4_ros_com) by extensions ['ros']
[1.747s] Level 1:colcon.colcon_core.package_identification:_identify(src/px4_ros_com) by extension 'ros'
[1.749s] DEBUG:colcon.colcon_core.package_identification:Package 'src/px4_ros_com' with type 'ros.ament_cmake' and name 'px4_ros_com'
[1.749s] Level 1:colcon.colcon_core.package_discovery:discover_packages(recursive) using defaults
[1.749s] Level 1:colcon.colcon_core.package_discovery:discover_packages(ignore) discover
[1.749s] Level 1:colcon.colcon_core.package_discovery:discover_packages(ignore) using defaults
[1.749s] Level 1:colcon.colcon_core.package_discovery:discover_packages(path) discover
[1.749s] Level 1:colcon.colcon_core.package_discovery:discover_packages(path) using defaults
[1.862s] Level 1:colcon.colcon_core.package_discovery:discover_packages(prefix_path) check parameters
[1.862s] Level 1:colcon.colcon_core.package_discovery:discover_packages(prefix_path) discover
[1.895s] DEBUG:colcon.colcon_installed_package_information.package_discovery:Found 3 installed packages in /home/hcoyle444/ros_drone_ws/install
[1.913s] DEBUG:colcon.colcon_installed_package_information.package_discovery:Found 270 installed packages in /opt/ros/humble
[1.914s] Level 1:colcon.colcon_core.package_discovery:discover_packages(prefix_path) using defaults
[2.007s] Level 5:colcon.colcon_core.verb:set package 'px4_msgs' build argument 'cmake_args' from command line to 'None'
[2.007s] Level 5:colcon.colcon_core.verb:set package 'px4_msgs' build argument 'cmake_target' from command line to 'None'
[2.007s] Level 5:colcon.colcon_core.verb:set package 'px4_msgs' build argument 'cmake_target_skip_unavailable' from command line to 'False'
[2.007s] Level 5:colcon.colcon_core.verb:set package 'px4_msgs' build argument 'cmake_clean_cache' from command line to 'False'
[2.007s] Level 5:colcon.colcon_core.verb:set package 'px4_msgs' build argument 'cmake_clean_first' from command line to 'False'
[2.007s] Level 5:colcon.colcon_core.verb:set package 'px4_msgs' build argument 'cmake_force_configure' from command line to 'False'
[2.007s] Level 5:colcon.colcon_core.verb:set package 'px4_msgs' build argument 'ament_cmake_args' from command line to 'None'
[2.007s] Level 5:colcon.colcon_core.verb:set package 'px4_msgs' build argument 'catkin_cmake_args' from command line to 'None'
[2.007s] Level 5:colcon.colcon_core.verb:set package 'px4_msgs' build argument 'catkin_skip_building_tests' from command line to 'False'
[2.007s] DEBUG:colcon.colcon_core.verb:Building package 'px4_msgs' with the following arguments: {'ament_cmake_args': None, 'build_base': '/home/hcoyle444/ros_drone_ws/build/px4_msgs', 'catkin_cmake_args': None, 'catkin_skip_building_tests': False, 'cmake_args': None, 'cmake_clean_cache': False, 'cmake_clean_first': False, 'cmake_force_configure': False, 'cmake_target': None, 'cmake_target_skip_unavailable': False, 'install_base': '/home/hcoyle444/ros_drone_ws/install/px4_msgs', 'merge_install': False, 'path': '/home/hcoyle444/ros_drone_ws/src/px4_msgs', 'symlink_install': False, 'test_result_base': None}
[2.024s] Level 5:colcon.colcon_core.verb:set package 'drone_control' build argument 'cmake_args' from command line to 'None'
[2.024s] Level 5:colcon.colcon_core.verb:set package 'drone_control' build argument 'cmake_target' from command line to 'None'
[2.024s] Level 5:colcon.colcon_core.verb:set package 'drone_control' build argument 'cmake_target_skip_unavailable' from command line to 'False'
[2.024s] Level 5:colcon.colcon_core.verb:set package 'drone_control' build argument 'cmake_clean_cache' from command line to 'False'
[2.024s] Level 5:colcon.colcon_core.verb:set package 'drone_control' build argument 'cmake_clean_first' from command line to 'False'
[2.024s] Level 5:colcon.colcon_core.verb:set package 'drone_control' build argument 'cmake_force_configure' from command line to 'False'
[2.024s] Level 5:colcon.colcon_core.verb:set package 'drone_control' build argument 'ament_cmake_args' from command line to 'None'
[2.024s] Level 5:colcon.colcon_core.verb:set package 'drone_control' build argument 'catkin_cmake_args' from command line to 'None'
[2.024s] Level 5:colcon.colcon_core.verb:set package 'drone_control' build argument 'catkin_skip_building_tests' from command line to 'False'
[2.024s] DEBUG:colcon.colcon_core.verb:Building package 'drone_control' with the following arguments: {'ament_cmake_args': None, 'build_base': '/home/hcoyle444/ros_drone_ws/build/drone_control', 'catkin_cmake_args': None, 'catkin_skip_building_tests': False, 'cmake_args': None, 'cmake_clean_cache': False, 'cmake_clean_first': False, 'cmake_force_configure': False, 'cmake_target': None, 'cmake_target_skip_unavailable': False, 'install_base': '/home/hcoyle444/ros_drone_ws/install/drone_control', 'merge_install': False, 'path': '/home/hcoyle444/ros_drone_ws/src/drone_control', 'symlink_install': False, 'test_result_base': None}
[2.040s] Level 5:colcon.colcon_core.verb:set package 'px4_ros_com' build argument 'cmake_args' from command line to 'None'
[2.040s] Level 5:colcon.colcon_core.verb:set package 'px4_ros_com' build argument 'cmake_target' from command line to 'None'
[2.040s] Level 5:colcon.colcon_core.verb:set package 'px4_ros_com' build argument 'cmake_target_skip_unavailable' from command line to 'False'
[2.040s] Level 5:colcon.colcon_core.verb:set package 'px4_ros_com' build argument 'cmake_clean_cache' from command line to 'False'
[2.040s] Level 5:colcon.colcon_core.verb:set package 'px4_ros_com' build argument 'cmake_clean_first' from command line to 'False'
[2.040s] Level 5:colcon.colcon_core.verb:set package 'px4_ros_com' build argument 'cmake_force_configure' from command line to 'False'
[2.040s] Level 5:colcon.colcon_core.verb:set package 'px4_ros_com' build argument 'ament_cmake_args' from command line to 'None'
[2.040s] Level 5:colcon.colcon_core.verb:set package 'px4_ros_com' build argument 'catkin_cmake_args' from command line to 'None'
[2.040s] Level 5:colcon.colcon_core.verb:set package 'px4_ros_com' build argument 'catkin_skip_building_tests' from command line to 'False'
[2.040s] DEBUG:colcon.colcon_core.verb:Building package 'px4_ros_com' with the following arguments: {'ament_cmake_args': None, 'build_base': '/home/hcoyle444/ros_drone_ws/build/px4_ros_com', 'catkin_cmake_args': None, 'catkin_skip_building_tests': False, 'cmake_args': None, 'cmake_clean_cache': False, 'cmake_clean_first': False, 'cmake_force_configure': False, 'cmake_target': None, 'cmake_target_skip_unavailable': False, 'install_base': '/home/hcoyle444/ros_drone_ws/install/px4_ros_com', 'merge_install': False, 'path': '/home/hcoyle444/ros_drone_ws/src/px4_ros_com', 'symlink_install': False, 'test_result_base': None}
[2.056s] INFO:colcon.colcon_core.executor:Executing jobs using 'parallel' executor
[2.072s] DEBUG:colcon.colcon_parallel_executor.executor.parallel:run_until_complete
[2.072s] INFO:colcon.colcon_ros.task.ament_cmake.build:Building ROS package in '/home/hcoyle444/ros_drone_ws/src/px4_msgs' with build type 'ament_cmake'
[2.072s] INFO:colcon.colcon_cmake.task.cmake.build:Building CMake package in '/home/hcoyle444/ros_drone_ws/src/px4_msgs'
[2.108s] INFO:colcon.colcon_core.plugin_system:Skipping extension 'colcon_core.shell.bat': Not used on non-Windows systems
[2.109s] INFO:colcon.colcon_core.shell:Skip shell extension 'powershell' for command environment: Not usable outside of PowerShell
[2.109s] DEBUG:colcon.colcon_core.shell:Skip shell extension 'dsv' for command environment
[2.168s] DEBUG:colcon.colcon_core.event_handler.log_command:Invoking command in '/home/hcoyle444/ros_drone_ws/build/px4_msgs': CMAKE_PREFIX_PATH=${CMAKE_PREFIX_PATH}:/home/hcoyle444/ros_drone_ws/install/drone_control:/opt/ros/humble /usr/bin/cmake --build /home/hcoyle444/ros_drone_ws/build/px4_msgs -- -j20 -l20
[3.348s] DEBUG:colcon.colcon_core.event_handler.log_command:Invoked command in '/home/hcoyle444/ros_drone_ws/build/px4_msgs' returned '0': CMAKE_PREFIX_PATH=${CMAKE_PREFIX_PATH}:/home/hcoyle444/ros_drone_ws/install/drone_control:/opt/ros/humble /usr/bin/cmake --build /home/hcoyle444/ros_drone_ws/build/px4_msgs -- -j20 -l20
[8.834s] DEBUG:colcon.colcon_core.event_handler.log_command:Invoking command in '/home/hcoyle444/ros_drone_ws/build/px4_msgs': CMAKE_PREFIX_PATH=${CMAKE_PREFIX_PATH}:/home/hcoyle444/ros_drone_ws/install/drone_control:/opt/ros/humble /usr/bin/cmake --install /home/hcoyle444/ros_drone_ws/build/px4_msgs
[9.201s] Level 1:colcon.colcon_core.environment:create_environment_scripts_only(px4_msgs)
[9.318s] Level 1:colcon.colcon_core.environment:checking '/home/hcoyle444/ros_drone_ws/install/px4_msgs' for CMake module files
[9.325s] Level 1:colcon.colcon_core.environment:checking '/home/hcoyle444/ros_drone_ws/install/px4_msgs' for CMake config files
[9.364s] Level 1:colcon.colcon_core.shell:create_environment_hook('px4_msgs', 'cmake_prefix_path')
[9.448s] DEBUG:colcon.colcon_core.event_handler.log_command:Invoked command in '/home/hcoyle444/ros_drone_ws/build/px4_msgs' returned '0': CMAKE_PREFIX_PATH=${CMAKE_PREFIX_PATH}:/home/hcoyle444/ros_drone_ws/install/drone_control:/opt/ros/humble /usr/bin/cmake --install /home/hcoyle444/ros_drone_ws/build/px4_msgs
[9.454s] INFO:colcon.colcon_core.shell:Creating environment hook '/home/hcoyle444/ros_drone_ws/install/px4_msgs/share/px4_msgs/hook/cmake_prefix_path.ps1'
[9.455s] INFO:colcon.colcon_core.shell:Creating environment descriptor '/home/hcoyle444/ros_drone_ws/install/px4_msgs/share/px4_msgs/hook/cmake_prefix_path.dsv'
[9.455s] INFO:colcon.colcon_core.shell:Creating environment hook '/home/hcoyle444/ros_drone_ws/install/px4_msgs/share/px4_msgs/hook/cmake_prefix_path.sh'
[9.456s] Level 1:colcon.colcon_core.environment:checking '/home/hcoyle444/ros_drone_ws/install/px4_msgs/lib'
[9.457s] Level 1:colcon.colcon_core.shell:create_environment_hook('px4_msgs', 'ld_library_path_lib')
[9.468s] INFO:colcon.colcon_core.shell:Creating environment hook '/home/hcoyle444/ros_drone_ws/install/px4_msgs/share/px4_msgs/hook/ld_library_path_lib.ps1'
[9.468s] INFO:colcon.colcon_core.shell:Creating environment descriptor '/home/hcoyle444/ros_drone_ws/install/px4_msgs/share/px4_msgs/hook/ld_library_path_lib.dsv'
[9.469s] INFO:colcon.colcon_core.shell:Creating environment hook '/home/hcoyle444/ros_drone_ws/install/px4_msgs/share/px4_msgs/hook/ld_library_path_lib.sh'
[9.469s] Level 1:colcon.colcon_core.environment:checking '/home/hcoyle444/ros_drone_ws/install/px4_msgs/bin'
[9.469s] Level 1:colcon.colcon_core.environment:checking '/home/hcoyle444/ros_drone_ws/install/px4_msgs/lib/pkgconfig/px4_msgs.pc'
[9.469s] Level 1:colcon.colcon_core.environment:checking '/home/hcoyle444/ros_drone_ws/install/px4_msgs/lib/python3.10/site-packages'
[9.470s] Level 1:colcon.colcon_core.environment:checking '/home/hcoyle444/ros_drone_ws/install/px4_msgs/bin'
[9.481s] INFO:colcon.colcon_core.shell:Creating package script '/home/hcoyle444/ros_drone_ws/install/px4_msgs/share/px4_msgs/package.ps1'
[9.482s] INFO:colcon.colcon_core.shell:Creating package descriptor '/home/hcoyle444/ros_drone_ws/install/px4_msgs/share/px4_msgs/package.dsv'
[9.483s] INFO:colcon.colcon_core.shell:Creating package script '/home/hcoyle444/ros_drone_ws/install/px4_msgs/share/px4_msgs/package.sh'
[9.483s] INFO:colcon.colcon_core.shell:Creating package script '/home/hcoyle444/ros_drone_ws/install/px4_msgs/share/px4_msgs/package.bash'
[9.484s] INFO:colcon.colcon_core.shell:Creating package script '/home/hcoyle444/ros_drone_ws/install/px4_msgs/share/px4_msgs/package.zsh'
[9.484s] Level 1:colcon.colcon_core.environment:create_file_with_runtime_dependencies(/home/hcoyle444/ros_drone_ws/install/px4_msgs/share/colcon-core/packages/px4_msgs)
[15.795s] Level 1:colcon.colcon_core.environment:create_environment_scripts_only(px4_msgs)
[15.812s] Level 1:colcon.colcon_core.environment:checking '/home/hcoyle444/ros_drone_ws/install/px4_msgs' for CMake module files
[15.812s] Level 1:colcon.colcon_core.environment:checking '/home/hcoyle444/ros_drone_ws/install/px4_msgs' for CMake config files
[15.813s] Level 1:colcon.colcon_core.shell:create_environment_hook('px4_msgs', 'cmake_prefix_path')
[15.828s] INFO:colcon.colcon_core.shell:Creating environment hook '/home/hcoyle444/ros_drone_ws/install/px4_msgs/share/px4_msgs/hook/cmake_prefix_path.ps1'
[15.829s] INFO:colcon.colcon_core.shell:Creating environment descriptor '/home/hcoyle444/ros_drone_ws/install/px4_msgs/share/px4_msgs/hook/cmake_prefix_path.dsv'
[15.829s] INFO:colcon.colcon_core.shell:Creating environment hook '/home/hcoyle444/ros_drone_ws/install/px4_msgs/share/px4_msgs/hook/cmake_prefix_path.sh'
[15.830s] Level 1:colcon.colcon_core.environment:checking '/home/hcoyle444/ros_drone_ws/install/px4_msgs/lib'
[15.830s] Level 1:colcon.colcon_core.shell:create_environment_hook('px4_msgs', 'ld_library_path_lib')
[15.845s] INFO:colcon.colcon_core.shell:Creating environment hook '/home/hcoyle444/ros_drone_ws/install/px4_msgs/share/px4_msgs/hook/ld_library_path_lib.ps1'
[15.845s] INFO:colcon.colcon_core.shell:Creating environment descriptor '/home/hcoyle444/ros_drone_ws/install/px4_msgs/share/px4_msgs/hook/ld_library_path_lib.dsv'
[15.846s] INFO:colcon.colcon_core.shell:Creating environment hook '/home/hcoyle444/ros_drone_ws/install/px4_msgs/share/px4_msgs/hook/ld_library_path_lib.sh'
[15.846s] Level 1:colcon.colcon_core.environment:checking '/home/hcoyle444/ros_drone_ws/install/px4_msgs/bin'
[15.846s] Level 1:colcon.colcon_core.environment:checking '/home/hcoyle444/ros_drone_ws/install/px4_msgs/lib/pkgconfig/px4_msgs.pc'
[15.846s] Level 1:colcon.colcon_core.environment:checking '/home/hcoyle444/ros_drone_ws/install/px4_msgs/lib/python3.10/site-packages'
[15.847s] Level 1:colcon.colcon_core.environment:checking '/home/hcoyle444/ros_drone_ws/install/px4_msgs/bin'
[15.863s] INFO:colcon.colcon_core.shell:Creating package script '/home/hcoyle444/ros_drone_ws/install/px4_msgs/share/px4_msgs/package.ps1'
[15.864s] INFO:colcon.colcon_core.shell:Creating package descriptor '/home/hcoyle444/ros_drone_ws/install/px4_msgs/share/px4_msgs/package.dsv'
[15.864s] INFO:colcon.colcon_core.shell:Creating package script '/home/hcoyle444/ros_drone_ws/install/px4_msgs/share/px4_msgs/package.sh'
[15.865s] INFO:colcon.colcon_core.shell:Creating package script '/home/hcoyle444/ros_drone_ws/install/px4_msgs/share/px4_msgs/package.bash'
[15.865s] INFO:colcon.colcon_core.shell:Creating package script '/home/hcoyle444/ros_drone_ws/install/px4_msgs/share/px4_msgs/package.zsh'
[15.865s] Level 1:colcon.colcon_core.environment:create_file_with_runtime_dependencies(/home/hcoyle444/ros_drone_ws/install/px4_msgs/share/colcon-core/packages/px4_msgs)
[15.866s] INFO:colcon.colcon_ros.task.ament_python.build:Building ROS package in '/home/hcoyle444/ros_drone_ws/src/drone_control' with build type 'ament_python'
[15.866s] Level 1:colcon.colcon_core.shell:create_environment_hook('drone_control', 'ament_prefix_path')
[15.888s] INFO:colcon.colcon_core.shell:Creating environment hook '/home/hcoyle444/ros_drone_ws/install/drone_control/share/drone_control/hook/ament_prefix_path.ps1'
[15.889s] INFO:colcon.colcon_core.shell:Creating environment descriptor '/home/hcoyle444/ros_drone_ws/install/drone_control/share/drone_control/hook/ament_prefix_path.dsv'
[15.890s] INFO:colcon.colcon_core.shell:Creating environment hook '/home/hcoyle444/ros_drone_ws/install/drone_control/share/drone_control/hook/ament_prefix_path.sh'
[15.911s] INFO:colcon.colcon_core.shell:Skip shell extension 'powershell' for command environment: Not usable outside of PowerShell
[15.911s] DEBUG:colcon.colcon_core.shell:Skip shell extension 'dsv' for command environment
[15.959s] INFO:colcon.colcon_ros.task.ament_cmake.build:Building ROS package in '/home/hcoyle444/ros_drone_ws/src/px4_ros_com' with build type 'ament_cmake'
[15.959s] INFO:colcon.colcon_cmake.task.cmake.build:Building CMake package in '/home/hcoyle444/ros_drone_ws/src/px4_ros_com'
[15.977s] INFO:colcon.colcon_core.shell:Skip shell extension 'powershell' for command environment: Not usable outside of PowerShell
[15.977s] DEBUG:colcon.colcon_core.shell:Skip shell extension 'dsv' for command environment
[16.692s] INFO:colcon.colcon_core.task.python.build:Building Python package in '/home/hcoyle444/ros_drone_ws/src/drone_control'
[16.706s] INFO:colcon.colcon_core.shell:Skip shell extension 'powershell' for command environment: Not usable outside of PowerShell
[16.706s] DEBUG:colcon.colcon_core.shell:Skip shell extension 'dsv' for command environment
[16.759s] DEBUG:colcon.colcon_core.event_handler.log_command:Invoking command in '/home/hcoyle444/ros_drone_ws/build/px4_ros_com': CMAKE_PREFIX_PATH=/home/hcoyle444/ros_drone_ws/install/px4_msgs:/home/hcoyle444/ros_drone_ws/install/px4_ros_com:/home/hcoyle444/ros_drone_ws/install/drone_control:/opt/ros/humble LD_LIBRARY_PATH=/home/hcoyle444/ros_drone_ws/install/px4_msgs/lib:/home/hcoyle444/ros_drone_ws/install/px4_ros_com/lib:/opt/ros/humble/opt/rviz_ogre_vendor/lib:/opt/ros/humble/lib/x86_64-linux-gnu:/opt/ros/humble/lib /usr/bin/cmake --build /home/hcoyle444/ros_drone_ws/build/px4_ros_com -- -j20 -l20
[17.268s] DEBUG:colcon.colcon_core.event_handler.log_command:Invoked command in '/home/hcoyle444/ros_drone_ws/build/px4_ros_com' returned '0': CMAKE_PREFIX_PATH=/home/hcoyle444/ros_drone_ws/install/px4_msgs:/home/hcoyle444/ros_drone_ws/install/px4_ros_com:/home/hcoyle444/ros_drone_ws/install/drone_control:/opt/ros/humble LD_LIBRARY_PATH=/home/hcoyle444/ros_drone_ws/install/px4_msgs/lib:/home/hcoyle444/ros_drone_ws/install/px4_ros_com/lib:/opt/ros/humble/opt/rviz_ogre_vendor/lib:/opt/ros/humble/lib/x86_64-linux-gnu:/opt/ros/humble/lib /usr/bin/cmake --build /home/hcoyle444/ros_drone_ws/build/px4_ros_com -- -j20 -l20
[17.320s] DEBUG:colcon.colcon_core.event_handler.log_command:Invoking command in '/home/hcoyle444/ros_drone_ws/build/px4_ros_com': CMAKE_PREFIX_PATH=/home/hcoyle444/ros_drone_ws/install/px4_msgs:/home/hcoyle444/ros_drone_ws/install/px4_ros_com:/home/hcoyle444/ros_drone_ws/install/drone_control:/opt/ros/humble LD_LIBRARY_PATH=/home/hcoyle444/ros_drone_ws/install/px4_msgs/lib:/home/hcoyle444/ros_drone_ws/install/px4_ros_com/lib:/opt/ros/humble/opt/rviz_ogre_vendor/lib:/opt/ros/humble/lib/x86_64-linux-gnu:/opt/ros/humble/lib /usr/bin/cmake --install /home/hcoyle444/ros_drone_ws/build/px4_ros_com
[17.387s] Level 1:colcon.colcon_core.environment:create_environment_scripts_only(px4_ros_com)
[17.388s] DEBUG:colcon.colcon_core.event_handler.log_command:Invoked command in '/home/hcoyle444/ros_drone_ws/build/px4_ros_com' returned '0': CMAKE_PREFIX_PATH=/home/hcoyle444/ros_drone_ws/install/px4_msgs:/home/hcoyle444/ros_drone_ws/install/px4_ros_com:/home/hcoyle444/ros_drone_ws/install/drone_control:/opt/ros/humble LD_LIBRARY_PATH=/home/hcoyle444/ros_drone_ws/install/px4_msgs/lib:/home/hcoyle444/ros_drone_ws/install/px4_ros_com/lib:/opt/ros/humble/opt/rviz_ogre_vendor/lib:/opt/ros/humble/lib/x86_64-linux-gnu:/opt/ros/humble/lib /usr/bin/cmake --install /home/hcoyle444/ros_drone_ws/build/px4_ros_com
[17.404s] Level 1:colcon.colcon_core.environment:checking '/home/hcoyle444/ros_drone_ws/install/px4_ros_com' for CMake module files
[17.404s] Level 1:colcon.colcon_core.environment:checking '/home/hcoyle444/ros_drone_ws/install/px4_ros_com' for CMake config files
[17.405s] Level 1:colcon.colcon_core.shell:create_environment_hook('px4_ros_com', 'cmake_prefix_path')
[17.422s] INFO:colcon.colcon_core.shell:Creating environment hook '/home/hcoyle444/ros_drone_ws/install/px4_ros_com/share/px4_ros_com/hook/cmake_prefix_path.ps1'
[17.422s] INFO:colcon.colcon_core.shell:Creating environment descriptor '/home/hcoyle444/ros_drone_ws/install/px4_ros_com/share/px4_ros_com/hook/cmake_prefix_path.dsv'
[17.423s] INFO:colcon.colcon_core.shell:Creating environment hook '/home/hcoyle444/ros_drone_ws/install/px4_ros_com/share/px4_ros_com/hook/cmake_prefix_path.sh'
[17.423s] Level 1:colcon.colcon_core.environment:checking '/home/hcoyle444/ros_drone_ws/install/px4_ros_com/lib'
[17.423s] Level 1:colcon.colcon_core.shell:create_environment_hook('px4_ros_com', 'ld_library_path_lib')
[17.438s] INFO:colcon.colcon_core.shell:Creating environment hook '/home/hcoyle444/ros_drone_ws/install/px4_ros_com/share/px4_ros_com/hook/ld_library_path_lib.ps1'
[17.439s] INFO:colcon.colcon_core.shell:Creating environment descriptor '/home/hcoyle444/ros_drone_ws/install/px4_ros_com/share/px4_ros_com/hook/ld_library_path_lib.dsv'
[17.439s] INFO:colcon.colcon_core.shell:Creating environment hook '/home/hcoyle444/ros_drone_ws/install/px4_ros_com/share/px4_ros_com/hook/ld_library_path_lib.sh'
[17.440s] Level 1:colcon.colcon_core.environment:checking '/home/hcoyle444/ros_drone_ws/install/px4_ros_com/bin'
[17.440s] Level 1:colcon.colcon_core.environment:checking '/home/hcoyle444/ros_drone_ws/install/px4_ros_com/lib/pkgconfig/px4_ros_com.pc'
[17.440s] Level 1:colcon.colcon_core.environment:checking '/home/hcoyle444/ros_drone_ws/install/px4_ros_com/lib/python3.10/site-packages'
[17.441s] Level 1:colcon.colcon_core.environment:checking '/home/hcoyle444/ros_drone_ws/install/px4_ros_com/bin'
[17.458s] INFO:colcon.colcon_core.shell:Creating package script '/home/hcoyle444/ros_drone_ws/install/px4_ros_com/share/px4_ros_com/package.ps1'
[17.458s] INFO:colcon.colcon_core.shell:Creating package descriptor '/home/hcoyle444/ros_drone_ws/install/px4_ros_com/share/px4_ros_com/package.dsv'
[17.459s] INFO:colcon.colcon_core.shell:Creating package script '/home/hcoyle444/ros_drone_ws/install/px4_ros_com/share/px4_ros_com/package.sh'
[17.459s] INFO:colcon.colcon_core.shell:Creating package script '/home/hcoyle444/ros_drone_ws/install/px4_ros_com/share/px4_ros_com/package.bash'
[17.460s] INFO:colcon.colcon_core.shell:Creating package script '/home/hcoyle444/ros_drone_ws/install/px4_ros_com/share/px4_ros_com/package.zsh'
[17.460s] Level 1:colcon.colcon_core.environment:create_file_with_runtime_dependencies(/home/hcoyle444/ros_drone_ws/install/px4_ros_com/share/colcon-core/packages/px4_ros_com)
[17.526s] Level 1:colcon.colcon_core.environment:create_environment_scripts_only(px4_ros_com)
[17.542s] Level 1:colcon.colcon_core.environment:checking '/home/hcoyle444/ros_drone_ws/install/px4_ros_com' for CMake module files
[17.542s] Level 1:colcon.colcon_core.environment:checking '/home/hcoyle444/ros_drone_ws/install/px4_ros_com' for CMake config files
[17.543s] Level 1:colcon.colcon_core.shell:create_environment_hook('px4_ros_com', 'cmake_prefix_path')
[17.557s] INFO:colcon.colcon_core.shell:Creating environment hook '/home/hcoyle444/ros_drone_ws/install/px4_ros_com/share/px4_ros_com/hook/cmake_prefix_path.ps1'
[17.558s] INFO:colcon.colcon_core.shell:Creating environment descriptor '/home/hcoyle444/ros_drone_ws/install/px4_ros_com/share/px4_ros_com/hook/cmake_prefix_path.dsv'
[17.558s] INFO:colcon.colcon_core.shell:Creating environment hook '/home/hcoyle444/ros_drone_ws/install/px4_ros_com/share/px4_ros_com/hook/cmake_prefix_path.sh'
[17.559s] Level 1:colcon.colcon_core.environment:checking '/home/hcoyle444/ros_drone_ws/install/px4_ros_com/lib'
[17.559s] Level 1:colcon.colcon_core.shell:create_environment_hook('px4_ros_com', 'ld_library_path_lib')
[17.576s] INFO:colcon.colcon_core.shell:Creating environment hook '/home/hcoyle444/ros_drone_ws/install/px4_ros_com/share/px4_ros_com/hook/ld_library_path_lib.ps1'
[17.577s] INFO:colcon.colcon_core.shell:Creating environment descriptor '/home/hcoyle444/ros_drone_ws/install/px4_ros_com/share/px4_ros_com/hook/ld_library_path_lib.dsv'
[17.577s] INFO:colcon.colcon_core.shell:Creating environment hook '/home/hcoyle444/ros_drone_ws/install/px4_ros_com/share/px4_ros_com/hook/ld_library_path_lib.sh'
[17.578s] Level 1:colcon.colcon_core.environment:checking '/home/hcoyle444/ros_drone_ws/install/px4_ros_com/bin'
[17.578s] Level 1:colcon.colcon_core.environment:checking '/home/hcoyle444/ros_drone_ws/install/px4_ros_com/lib/pkgconfig/px4_ros_com.pc'
[17.578s] Level 1:colcon.colcon_core.environment:checking '/home/hcoyle444/ros_drone_ws/install/px4_ros_com/lib/python3.10/site-packages'
[17.578s] Level 1:colcon.colcon_core.environment:checking '/home/hcoyle444/ros_drone_ws/install/px4_ros_com/bin'
[17.594s] INFO:colcon.colcon_core.shell:Creating package script '/home/hcoyle444/ros_drone_ws/install/px4_ros_com/share/px4_ros_com/package.ps1'
[17.594s] INFO:colcon.colcon_core.shell:Creating package descriptor '/home/hcoyle444/ros_drone_ws/install/px4_ros_com/share/px4_ros_com/package.dsv'
[17.595s] INFO:colcon.colcon_core.shell:Creating package script '/home/hcoyle444/ros_drone_ws/install/px4_ros_com/share/px4_ros_com/package.sh'
[17.595s] INFO:colcon.colcon_core.shell:Creating package script '/home/hcoyle444/ros_drone_ws/install/px4_ros_com/share/px4_ros_com/package.bash'
[17.596s] INFO:colcon.colcon_core.shell:Creating package script '/home/hcoyle444/ros_drone_ws/install/px4_ros_com/share/px4_ros_com/package.zsh'
[17.596s] Level 1:colcon.colcon_core.environment:create_file_with_runtime_dependencies(/home/hcoyle444/ros_drone_ws/install/px4_ros_com/share/colcon-core/packages/px4_ros_com)
[17.834s] DEBUG:colcon.colcon_core.event_handler.log_command:Invoking command in '/home/hcoyle444/ros_drone_ws/src/drone_control': CMAKE_PREFIX_PATH=/home/hcoyle444/ros_drone_ws/install/px4_msgs:/home/hcoyle444/ros_drone_ws/install/px4_ros_com LD_LIBRARY_PATH=/home/hcoyle444/ros_drone_ws/install/px4_msgs/lib:/home/hcoyle444/ros_drone_ws/install/px4_ros_com/lib:/opt/ros/humble/opt/rviz_ogre_vendor/lib:/opt/ros/humble/lib/x86_64-linux-gnu:/opt/ros/humble/lib PYTHONPATH=/home/hcoyle444/ros_drone_ws/build/drone_control/prefix_override:/home/hcoyle444/ros_drone_ws/install/drone_control/lib/python3.10/site-packages:${PYTHONPATH} /usr/bin/python3 setup.py egg_info --egg-base ../../build/drone_control build --build-base /home/hcoyle444/ros_drone_ws/build/drone_control/build install --record /home/hcoyle444/ros_drone_ws/build/drone_control/install.log --single-version-externally-managed
[18.417s] DEBUG:colcon.colcon_core.event_handler.log_command:Invoked command in '/home/hcoyle444/ros_drone_ws/src/drone_control' returned '0': CMAKE_PREFIX_PATH=/home/hcoyle444/ros_drone_ws/install/px4_msgs:/home/hcoyle444/ros_drone_ws/install/px4_ros_com LD_LIBRARY_PATH=/home/hcoyle444/ros_drone_ws/install/px4_msgs/lib:/home/hcoyle444/ros_drone_ws/install/px4_ros_com/lib:/opt/ros/humble/opt/rviz_ogre_vendor/lib:/opt/ros/humble/lib/x86_64-linux-gnu:/opt/ros/humble/lib PYTHONPATH=/home/hcoyle444/ros_drone_ws/build/drone_control/prefix_override:/home/hcoyle444/ros_drone_ws/install/drone_control/lib/python3.10/site-packages:${PYTHONPATH} /usr/bin/python3 setup.py egg_info --egg-base ../../build/drone_control build --build-base /home/hcoyle444/ros_drone_ws/build/drone_control/build install --record /home/hcoyle444/ros_drone_ws/build/drone_control/install.log --single-version-externally-managed
[18.435s] Level 1:colcon.colcon_core.environment:checking '/home/hcoyle444/ros_drone_ws/install/drone_control' for CMake module files
[18.436s] Level 1:colcon.colcon_core.environment:checking '/home/hcoyle444/ros_drone_ws/install/drone_control' for CMake config files
[18.437s] Level 1:colcon.colcon_core.environment:checking '/home/hcoyle444/ros_drone_ws/install/drone_control/lib'
[18.437s] Level 1:colcon.colcon_core.environment:checking '/home/hcoyle444/ros_drone_ws/install/drone_control/bin'
[18.437s] Level 1:colcon.colcon_core.environment:checking '/home/hcoyle444/ros_drone_ws/install/drone_control/lib/pkgconfig/drone_control.pc'
[18.437s] Level 1:colcon.colcon_core.environment:checking '/home/hcoyle444/ros_drone_ws/install/drone_control/lib/python3.10/site-packages'
[18.437s] Level 1:colcon.colcon_core.shell:create_environment_hook('drone_control', 'pythonpath')
[18.457s] INFO:colcon.colcon_core.shell:Creating environment hook '/home/hcoyle444/ros_drone_ws/install/drone_control/share/drone_control/hook/pythonpath.ps1'
[18.458s] INFO:colcon.colcon_core.shell:Creating environment descriptor '/home/hcoyle444/ros_drone_ws/install/drone_control/share/drone_control/hook/pythonpath.dsv'
[18.458s] INFO:colcon.colcon_core.shell:Creating environment hook '/home/hcoyle444/ros_drone_ws/install/drone_control/share/drone_control/hook/pythonpath.sh'
[18.459s] Level 1:colcon.colcon_core.environment:checking '/home/hcoyle444/ros_drone_ws/install/drone_control/bin'
[18.459s] Level 1:colcon.colcon_core.environment:create_environment_scripts_only(drone_control)
[18.477s] INFO:colcon.colcon_core.shell:Creating package script '/home/hcoyle444/ros_drone_ws/install/drone_control/share/drone_control/package.ps1'
[18.478s] INFO:colcon.colcon_core.shell:Creating package descriptor '/home/hcoyle444/ros_drone_ws/install/drone_control/share/drone_control/package.dsv'
[18.479s] INFO:colcon.colcon_core.shell:Creating package script '/home/hcoyle444/ros_drone_ws/install/drone_control/share/drone_control/package.sh'
[18.479s] INFO:colcon.colcon_core.shell:Creating package script '/home/hcoyle444/ros_drone_ws/install/drone_control/share/drone_control/package.bash'
[18.480s] INFO:colcon.colcon_core.shell:Creating package script '/home/hcoyle444/ros_drone_ws/install/drone_control/share/drone_control/package.zsh'
[18.480s] Level 1:colcon.colcon_core.environment:create_file_with_runtime_dependencies(/home/hcoyle444/ros_drone_ws/install/drone_control/share/colcon-core/packages/drone_control)
[18.480s] DEBUG:colcon.colcon_parallel_executor.executor.parallel:closing loop
[18.481s] DEBUG:colcon.colcon_parallel_executor.executor.parallel:loop closed
[18.481s] DEBUG:colcon.colcon_parallel_executor.executor.parallel:run_until_complete finished with '0'
[18.482s] DEBUG:colcon.colcon_core.event_reactor:joining thread
[18.715s] INFO:colcon.colcon_core.plugin_system:Skipping extension 'colcon_notification.desktop_notification.notify_send': Could not find 'notify-send'
[18.716s] INFO:colcon.colcon_core.plugin_system:Skipping extension 'colcon_notification.desktop_notification.terminal_notifier': Not used on non-Darwin systems
[18.716s] INFO:colcon.colcon_core.plugin_system:Skipping extension 'colcon_notification.desktop_notification.win32': Not used on non-Windows systems
[18.716s] INFO:colcon.colcon_notification.desktop_notification:Sending desktop notification using 'notify2'
[18.716s] DEBUG:colcon.colcon_notification.desktop_notification.notify2:Failed to initialize notify2: org.freedesktop.DBus.Error.FileNotFound: Failed to connect to socket /run/user/1000/bus: No such file or directory
[18.717s] DEBUG:colcon.colcon_core.event_reactor:joined thread
[18.736s] INFO:colcon.colcon_core.shell:Creating prefix script '/home/hcoyle444/ros_drone_ws/install/local_setup.ps1'
[18.737s] INFO:colcon.colcon_core.shell:Creating prefix util module '/home/hcoyle444/ros_drone_ws/install/_local_setup_util_ps1.py'
[18.738s] INFO:colcon.colcon_core.shell:Creating prefix chain script '/home/hcoyle444/ros_drone_ws/install/setup.ps1'
[18.755s] INFO:colcon.colcon_core.shell:Creating prefix script '/home/hcoyle444/ros_drone_ws/install/local_setup.sh'
[18.756s] INFO:colcon.colcon_core.shell:Creating prefix util module '/home/hcoyle444/ros_drone_ws/install/_local_setup_util_sh.py'
[18.756s] INFO:colcon.colcon_core.shell:Creating prefix chain script '/home/hcoyle444/ros_drone_ws/install/setup.sh'
[18.769s] INFO:colcon.colcon_core.shell:Creating prefix script '/home/hcoyle444/ros_drone_ws/install/local_setup.bash'
[18.770s] INFO:colcon.colcon_core.shell:Creating prefix chain script '/home/hcoyle444/ros_drone_ws/install/setup.bash'
[18.789s] INFO:colcon.colcon_core.shell:Creating prefix script '/home/hcoyle444/ros_drone_ws/install/local_setup.zsh'
[18.790s] INFO:colcon.colcon_core.shell:Creating prefix chain script '/home/hcoyle444/ros_drone_ws/install/setup.zsh'
