[0.668s] DEBUG:colcon:Command line arguments: ['/usr/bin/colcon', 'build']
[0.668s] DEBUG:colcon:Parsed command line arguments: Namespace(log_base=None, log_level=None, verb_name='build', build_base='build', install_base='install', merge_install=False, symlink_install=False, test_result_base=None, continue_on_error=False, executor='parallel', parallel_workers=20, event_handlers=None, ignore_user_meta=False, metas=['./colcon.meta'], base_paths=['.'], packages_ignore=None, packages_ignore_regex=None, paths=None, packages_up_to=None, packages_up_to_regex=None, packages_above=None, packages_above_and_dependencies=None, packages_above_depth=None, packages_select_by_dep=None, packages_skip_by_dep=None, packages_skip_up_to=None, packages_select_build_failed=False, packages_skip_build_finished=False, packages_select_test_failures=False, packages_skip_test_passed=False, packages_select=None, packages_skip=None, packages_select_regex=None, packages_skip_regex=None, packages_start=None, packages_end=None, allow_overriding=[], cmake_args=None, cmake_target=None, cmake_target_skip_unavailable=False, cmake_clean_cache=False, cmake_clean_first=False, cmake_force_configure=False, ament_cmake_args=None, catkin_cmake_args=None, catkin_skip_building_tests=False, verb_parser=<colcon_defaults.argument_parser.defaults.DefaultArgumentsDecorator object at 0x7f8d74829fc0>, verb_extension=<colcon_core.verb.build.BuildVerb object at 0x7f8d74d0b520>, main=<bound method BuildVerb.main of <colcon_core.verb.build.BuildVerb object at 0x7f8d74d0b520>>)
[0.703s] Level 1:colcon.colcon_core.package_discovery:discover_packages(colcon_meta) check parameters
[0.703s] Level 1:colcon.colcon_core.package_discovery:discover_packages(recursive) check parameters
[0.703s] Level 1:colcon.colcon_core.package_discovery:discover_packages(ignore) check parameters
[0.703s] Level 1:colcon.colcon_core.package_discovery:discover_packages(path) check parameters
[0.703s] Level 1:colcon.colcon_core.package_discovery:discover_packages(colcon_meta) discover
[0.703s] Level 1:colcon.colcon_core.package_discovery:discover_packages(recursive) discover
[0.703s] INFO:colcon.colcon_core.package_discovery:Crawling recursively for packages in '/home/hcoyle444/ros_drone_ws'
[0.703s] Level 1:colcon.colcon_core.package_identification:_identify(.) by extensions ['ignore', 'ignore_ament_install']
[0.703s] Level 1:colcon.colcon_core.package_identification:_identify(.) by extension 'ignore'
[0.703s] Level 1:colcon.colcon_core.package_identification:_identify(.) by extension 'ignore_ament_install'
[0.703s] Level 1:colcon.colcon_core.package_identification:_identify(.) by extensions ['colcon_pkg']
[0.703s] Level 1:colcon.colcon_core.package_identification:_identify(.) by extension 'colcon_pkg'
[0.703s] Level 1:colcon.colcon_core.package_identification:_identify(.) by extensions ['colcon_meta']
[0.703s] Level 1:colcon.colcon_core.package_identification:_identify(.) by extension 'colcon_meta'
[0.703s] Level 1:colcon.colcon_core.package_identification:_identify(.) by extensions ['ros']
[0.703s] Level 1:colcon.colcon_core.package_identification:_identify(.) by extension 'ros'
[0.714s] Level 1:colcon.colcon_core.package_identification:_identify(.) by extensions ['cmake', 'python']
[0.714s] Level 1:colcon.colcon_core.package_identification:_identify(.) by extension 'cmake'
[0.714s] Level 1:colcon.colcon_core.package_identification:_identify(.) by extension 'python'
[0.714s] Level 1:colcon.colcon_core.package_identification:_identify(.) by extensions ['python_setup_py']
[0.714s] Level 1:colcon.colcon_core.package_identification:_identify(.) by extension 'python_setup_py'
[0.714s] Level 1:colcon.colcon_core.package_identification:_identify(build) by extensions ['ignore', 'ignore_ament_install']
[0.714s] Level 1:colcon.colcon_core.package_identification:_identify(build) by extension 'ignore'
[0.714s] Level 1:colcon.colcon_core.package_identification:_identify(build) ignored
[0.714s] Level 1:colcon.colcon_core.package_identification:_identify(install) by extensions ['ignore', 'ignore_ament_install']
[0.714s] Level 1:colcon.colcon_core.package_identification:_identify(install) by extension 'ignore'
[0.714s] Level 1:colcon.colcon_core.package_identification:_identify(install) ignored
[0.714s] Level 1:colcon.colcon_core.package_identification:_identify(log) by extensions ['ignore', 'ignore_ament_install']
[0.714s] Level 1:colcon.colcon_core.package_identification:_identify(log) by extension 'ignore'
[0.715s] Level 1:colcon.colcon_core.package_identification:_identify(log) ignored
[0.715s] Level 1:colcon.colcon_core.package_identification:_identify(src) by extensions ['ignore', 'ignore_ament_install']
[0.715s] Level 1:colcon.colcon_core.package_identification:_identify(src) by extension 'ignore'
[0.715s] Level 1:colcon.colcon_core.package_identification:_identify(src) by extension 'ignore_ament_install'
[0.715s] Level 1:colcon.colcon_core.package_identification:_identify(src) by extensions ['colcon_pkg']
[0.715s] Level 1:colcon.colcon_core.package_identification:_identify(src) by extension 'colcon_pkg'
[0.715s] Level 1:colcon.colcon_core.package_identification:_identify(src) by extensions ['colcon_meta']
[0.715s] Level 1:colcon.colcon_core.package_identification:_identify(src) by extension 'colcon_meta'
[0.715s] Level 1:colcon.colcon_core.package_identification:_identify(src) by extensions ['ros']
[0.715s] Level 1:colcon.colcon_core.package_identification:_identify(src) by extension 'ros'
[0.715s] Level 1:colcon.colcon_core.package_identification:_identify(src) by extensions ['cmake', 'python']
[0.715s] Level 1:colcon.colcon_core.package_identification:_identify(src) by extension 'cmake'
[0.715s] Level 1:colcon.colcon_core.package_identification:_identify(src) by extension 'python'
[0.715s] Level 1:colcon.colcon_core.package_identification:_identify(src) by extensions ['python_setup_py']
[0.715s] Level 1:colcon.colcon_core.package_identification:_identify(src) by extension 'python_setup_py'
[0.715s] Level 1:colcon.colcon_core.package_identification:_identify(src/drone_control) by extensions ['ignore', 'ignore_ament_install']
[0.715s] Level 1:colcon.colcon_core.package_identification:_identify(src/drone_control) by extension 'ignore'
[0.715s] Level 1:colcon.colcon_core.package_identification:_identify(src/drone_control) by extension 'ignore_ament_install'
[0.715s] Level 1:colcon.colcon_core.package_identification:_identify(src/drone_control) by extensions ['colcon_pkg']
[0.715s] Level 1:colcon.colcon_core.package_identification:_identify(src/drone_control) by extension 'colcon_pkg'
[0.715s] Level 1:colcon.colcon_core.package_identification:_identify(src/drone_control) by extensions ['colcon_meta']
[0.715s] Level 1:colcon.colcon_core.package_identification:_identify(src/drone_control) by extension 'colcon_meta'
[0.715s] Level 1:colcon.colcon_core.package_identification:_identify(src/drone_control) by extensions ['ros']
[0.715s] Level 1:colcon.colcon_core.package_identification:_identify(src/drone_control) by extension 'ros'
[0.717s] DEBUG:colcon.colcon_core.package_identification:Package 'src/drone_control' with type 'ros.ament_python' and name 'drone_control'
[0.717s] Level 1:colcon.colcon_core.package_identification:_identify(src/px4_msgs) by extensions ['ignore', 'ignore_ament_install']
[0.717s] Level 1:colcon.colcon_core.package_identification:_identify(src/px4_msgs) by extension 'ignore'
[0.717s] Level 1:colcon.colcon_core.package_identification:_identify(src/px4_msgs) by extension 'ignore_ament_install'
[0.717s] Level 1:colcon.colcon_core.package_identification:_identify(src/px4_msgs) by extensions ['colcon_pkg']
[0.717s] Level 1:colcon.colcon_core.package_identification:_identify(src/px4_msgs) by extension 'colcon_pkg'
[0.717s] Level 1:colcon.colcon_core.package_identification:_identify(src/px4_msgs) by extensions ['colcon_meta']
[0.717s] Level 1:colcon.colcon_core.package_identification:_identify(src/px4_msgs) by extension 'colcon_meta'
[0.717s] Level 1:colcon.colcon_core.package_identification:_identify(src/px4_msgs) by extensions ['ros']
[0.717s] Level 1:colcon.colcon_core.package_identification:_identify(src/px4_msgs) by extension 'ros'
[0.718s] DEBUG:colcon.colcon_core.package_identification:Package 'src/px4_msgs' with type 'ros.ament_cmake' and name 'px4_msgs'
[0.718s] Level 1:colcon.colcon_core.package_identification:_identify(src/px4_ros_com) by extensions ['ignore', 'ignore_ament_install']
[0.718s] Level 1:colcon.colcon_core.package_identification:_identify(src/px4_ros_com) by extension 'ignore'
[0.718s] Level 1:colcon.colcon_core.package_identification:_identify(src/px4_ros_com) by extension 'ignore_ament_install'
[0.718s] Level 1:colcon.colcon_core.package_identification:_identify(src/px4_ros_com) by extensions ['colcon_pkg']
[0.718s] Level 1:colcon.colcon_core.package_identification:_identify(src/px4_ros_com) by extension 'colcon_pkg'
[0.718s] Level 1:colcon.colcon_core.package_identification:_identify(src/px4_ros_com) by extensions ['colcon_meta']
[0.718s] Level 1:colcon.colcon_core.package_identification:_identify(src/px4_ros_com) by extension 'colcon_meta'
[0.718s] Level 1:colcon.colcon_core.package_identification:_identify(src/px4_ros_com) by extensions ['ros']
[0.718s] Level 1:colcon.colcon_core.package_identification:_identify(src/px4_ros_com) by extension 'ros'
[0.719s] DEBUG:colcon.colcon_core.package_identification:Package 'src/px4_ros_com' with type 'ros.ament_cmake' and name 'px4_ros_com'
[0.719s] Level 1:colcon.colcon_core.package_discovery:discover_packages(recursive) using defaults
[0.719s] Level 1:colcon.colcon_core.package_discovery:discover_packages(ignore) discover
[0.719s] Level 1:colcon.colcon_core.package_discovery:discover_packages(ignore) using defaults
[0.719s] Level 1:colcon.colcon_core.package_discovery:discover_packages(path) discover
[0.719s] Level 1:colcon.colcon_core.package_discovery:discover_packages(path) using defaults
[0.769s] Level 1:colcon.colcon_core.package_discovery:discover_packages(prefix_path) check parameters
[0.769s] Level 1:colcon.colcon_core.package_discovery:discover_packages(prefix_path) discover
[0.784s] DEBUG:colcon.colcon_installed_package_information.package_discovery:Found 270 installed packages in /opt/ros/humble
[0.785s] Level 1:colcon.colcon_core.package_discovery:discover_packages(prefix_path) using defaults
[0.824s] Level 5:colcon.colcon_core.verb:set package 'px4_msgs' build argument 'cmake_args' from command line to 'None'
[0.824s] Level 5:colcon.colcon_core.verb:set package 'px4_msgs' build argument 'cmake_target' from command line to 'None'
[0.824s] Level 5:colcon.colcon_core.verb:set package 'px4_msgs' build argument 'cmake_target_skip_unavailable' from command line to 'False'
[0.824s] Level 5:colcon.colcon_core.verb:set package 'px4_msgs' build argument 'cmake_clean_cache' from command line to 'False'
[0.824s] Level 5:colcon.colcon_core.verb:set package 'px4_msgs' build argument 'cmake_clean_first' from command line to 'False'
[0.825s] Level 5:colcon.colcon_core.verb:set package 'px4_msgs' build argument 'cmake_force_configure' from command line to 'False'
[0.825s] Level 5:colcon.colcon_core.verb:set package 'px4_msgs' build argument 'ament_cmake_args' from command line to 'None'
[0.825s] Level 5:colcon.colcon_core.verb:set package 'px4_msgs' build argument 'catkin_cmake_args' from command line to 'None'
[0.825s] Level 5:colcon.colcon_core.verb:set package 'px4_msgs' build argument 'catkin_skip_building_tests' from command line to 'False'
[0.825s] DEBUG:colcon.colcon_core.verb:Building package 'px4_msgs' with the following arguments: {'ament_cmake_args': None, 'build_base': '/home/hcoyle444/ros_drone_ws/build/px4_msgs', 'catkin_cmake_args': None, 'catkin_skip_building_tests': False, 'cmake_args': None, 'cmake_clean_cache': False, 'cmake_clean_first': False, 'cmake_force_configure': False, 'cmake_target': None, 'cmake_target_skip_unavailable': False, 'install_base': '/home/hcoyle444/ros_drone_ws/install/px4_msgs', 'merge_install': False, 'path': '/home/hcoyle444/ros_drone_ws/src/px4_msgs', 'symlink_install': False, 'test_result_base': None}
[0.832s] Level 5:colcon.colcon_core.verb:set package 'drone_control' build argument 'cmake_args' from command line to 'None'
[0.832s] Level 5:colcon.colcon_core.verb:set package 'drone_control' build argument 'cmake_target' from command line to 'None'
[0.832s] Level 5:colcon.colcon_core.verb:set package 'drone_control' build argument 'cmake_target_skip_unavailable' from command line to 'False'
[0.832s] Level 5:colcon.colcon_core.verb:set package 'drone_control' build argument 'cmake_clean_cache' from command line to 'False'
[0.832s] Level 5:colcon.colcon_core.verb:set package 'drone_control' build argument 'cmake_clean_first' from command line to 'False'
[0.832s] Level 5:colcon.colcon_core.verb:set package 'drone_control' build argument 'cmake_force_configure' from command line to 'False'
[0.832s] Level 5:colcon.colcon_core.verb:set package 'drone_control' build argument 'ament_cmake_args' from command line to 'None'
[0.832s] Level 5:colcon.colcon_core.verb:set package 'drone_control' build argument 'catkin_cmake_args' from command line to 'None'
[0.832s] Level 5:colcon.colcon_core.verb:set package 'drone_control' build argument 'catkin_skip_building_tests' from command line to 'False'
[0.832s] DEBUG:colcon.colcon_core.verb:Building package 'drone_control' with the following arguments: {'ament_cmake_args': None, 'build_base': '/home/hcoyle444/ros_drone_ws/build/drone_control', 'catkin_cmake_args': None, 'catkin_skip_building_tests': False, 'cmake_args': None, 'cmake_clean_cache': False, 'cmake_clean_first': False, 'cmake_force_configure': False, 'cmake_target': None, 'cmake_target_skip_unavailable': False, 'install_base': '/home/hcoyle444/ros_drone_ws/install/drone_control', 'merge_install': False, 'path': '/home/hcoyle444/ros_drone_ws/src/drone_control', 'symlink_install': False, 'test_result_base': None}
[0.839s] Level 5:colcon.colcon_core.verb:set package 'px4_ros_com' build argument 'cmake_args' from command line to 'None'
[0.839s] Level 5:colcon.colcon_core.verb:set package 'px4_ros_com' build argument 'cmake_target' from command line to 'None'
[0.839s] Level 5:colcon.colcon_core.verb:set package 'px4_ros_com' build argument 'cmake_target_skip_unavailable' from command line to 'False'
[0.839s] Level 5:colcon.colcon_core.verb:set package 'px4_ros_com' build argument 'cmake_clean_cache' from command line to 'False'
[0.839s] Level 5:colcon.colcon_core.verb:set package 'px4_ros_com' build argument 'cmake_clean_first' from command line to 'False'
[0.839s] Level 5:colcon.colcon_core.verb:set package 'px4_ros_com' build argument 'cmake_force_configure' from command line to 'False'
[0.839s] Level 5:colcon.colcon_core.verb:set package 'px4_ros_com' build argument 'ament_cmake_args' from command line to 'None'
[0.839s] Level 5:colcon.colcon_core.verb:set package 'px4_ros_com' build argument 'catkin_cmake_args' from command line to 'None'
[0.839s] Level 5:colcon.colcon_core.verb:set package 'px4_ros_com' build argument 'catkin_skip_building_tests' from command line to 'False'
[0.839s] DEBUG:colcon.colcon_core.verb:Building package 'px4_ros_com' with the following arguments: {'ament_cmake_args': None, 'build_base': '/home/hcoyle444/ros_drone_ws/build/px4_ros_com', 'catkin_cmake_args': None, 'catkin_skip_building_tests': False, 'cmake_args': None, 'cmake_clean_cache': False, 'cmake_clean_first': False, 'cmake_force_configure': False, 'cmake_target': None, 'cmake_target_skip_unavailable': False, 'install_base': '/home/hcoyle444/ros_drone_ws/install/px4_ros_com', 'merge_install': False, 'path': '/home/hcoyle444/ros_drone_ws/src/px4_ros_com', 'symlink_install': False, 'test_result_base': None}
[0.846s] INFO:colcon.colcon_core.executor:Executing jobs using 'parallel' executor
[0.853s] DEBUG:colcon.colcon_parallel_executor.executor.parallel:run_until_complete
[0.854s] INFO:colcon.colcon_ros.task.ament_cmake.build:Building ROS package in '/home/hcoyle444/ros_drone_ws/src/px4_msgs' with build type 'ament_cmake'
[0.854s] INFO:colcon.colcon_cmake.task.cmake.build:Building CMake package in '/home/hcoyle444/ros_drone_ws/src/px4_msgs'
[0.862s] INFO:colcon.colcon_core.plugin_system:Skipping extension 'colcon_core.shell.bat': Not used on non-Windows systems
[0.863s] INFO:colcon.colcon_core.shell:Skip shell extension 'powershell' for command environment: Not usable outside of PowerShell
[0.863s] DEBUG:colcon.colcon_core.shell:Skip shell extension 'dsv' for command environment
[0.890s] DEBUG:colcon.colcon_core.event_handler.log_command:Invoking command in '/home/hcoyle444/ros_drone_ws/build/px4_msgs': CMAKE_PREFIX_PATH=/opt/ros/humble /usr/bin/cmake --build /home/hcoyle444/ros_drone_ws/build/px4_msgs -- -j20 -l20
[1.400s] DEBUG:colcon.colcon_core.event_handler.log_command:Invoked command in '/home/hcoyle444/ros_drone_ws/build/px4_msgs' returned '0': CMAKE_PREFIX_PATH=/opt/ros/humble /usr/bin/cmake --build /home/hcoyle444/ros_drone_ws/build/px4_msgs -- -j20 -l20
[3.638s] DEBUG:colcon.colcon_core.event_handler.log_command:Invoking command in '/home/hcoyle444/ros_drone_ws/build/px4_msgs': CMAKE_PREFIX_PATH=/opt/ros/humble /usr/bin/cmake --install /home/hcoyle444/ros_drone_ws/build/px4_msgs
[3.912s] Level 1:colcon.colcon_core.environment:create_environment_scripts_only(px4_msgs)
[3.996s] DEBUG:colcon.colcon_core.event_handler.log_command:Invoked command in '/home/hcoyle444/ros_drone_ws/build/px4_msgs' returned '0': CMAKE_PREFIX_PATH=/opt/ros/humble /usr/bin/cmake --install /home/hcoyle444/ros_drone_ws/build/px4_msgs
[4.000s] Level 1:colcon.colcon_core.environment:checking '/home/hcoyle444/ros_drone_ws/install/px4_msgs' for CMake module files
[4.000s] Level 1:colcon.colcon_core.environment:checking '/home/hcoyle444/ros_drone_ws/install/px4_msgs' for CMake config files
[4.001s] Level 1:colcon.colcon_core.shell:create_environment_hook('px4_msgs', 'cmake_prefix_path')
[4.008s] INFO:colcon.colcon_core.shell:Creating environment hook '/home/hcoyle444/ros_drone_ws/install/px4_msgs/share/px4_msgs/hook/cmake_prefix_path.ps1'
[4.008s] INFO:colcon.colcon_core.shell:Creating environment descriptor '/home/hcoyle444/ros_drone_ws/install/px4_msgs/share/px4_msgs/hook/cmake_prefix_path.dsv'
[4.009s] INFO:colcon.colcon_core.shell:Creating environment hook '/home/hcoyle444/ros_drone_ws/install/px4_msgs/share/px4_msgs/hook/cmake_prefix_path.sh'
[4.009s] Level 1:colcon.colcon_core.environment:checking '/home/hcoyle444/ros_drone_ws/install/px4_msgs/lib'
[4.009s] Level 1:colcon.colcon_core.shell:create_environment_hook('px4_msgs', 'ld_library_path_lib')
[4.016s] INFO:colcon.colcon_core.shell:Creating environment hook '/home/hcoyle444/ros_drone_ws/install/px4_msgs/share/px4_msgs/hook/ld_library_path_lib.ps1'
[4.017s] INFO:colcon.colcon_core.shell:Creating environment descriptor '/home/hcoyle444/ros_drone_ws/install/px4_msgs/share/px4_msgs/hook/ld_library_path_lib.dsv'
[4.021s] INFO:colcon.colcon_core.shell:Creating environment hook '/home/hcoyle444/ros_drone_ws/install/px4_msgs/share/px4_msgs/hook/ld_library_path_lib.sh'
[4.022s] Level 1:colcon.colcon_core.environment:checking '/home/hcoyle444/ros_drone_ws/install/px4_msgs/bin'
[4.022s] Level 1:colcon.colcon_core.environment:checking '/home/hcoyle444/ros_drone_ws/install/px4_msgs/lib/pkgconfig/px4_msgs.pc'
[4.022s] Level 1:colcon.colcon_core.environment:checking '/home/hcoyle444/ros_drone_ws/install/px4_msgs/lib/python3.10/site-packages'
[4.022s] Level 1:colcon.colcon_core.environment:checking '/home/hcoyle444/ros_drone_ws/install/px4_msgs/bin'
[4.029s] INFO:colcon.colcon_core.shell:Creating package script '/home/hcoyle444/ros_drone_ws/install/px4_msgs/share/px4_msgs/package.ps1'
[4.030s] INFO:colcon.colcon_core.shell:Creating package descriptor '/home/hcoyle444/ros_drone_ws/install/px4_msgs/share/px4_msgs/package.dsv'
[4.030s] INFO:colcon.colcon_core.shell:Creating package script '/home/hcoyle444/ros_drone_ws/install/px4_msgs/share/px4_msgs/package.sh'
[4.030s] INFO:colcon.colcon_core.shell:Creating package script '/home/hcoyle444/ros_drone_ws/install/px4_msgs/share/px4_msgs/package.bash'
[4.031s] INFO:colcon.colcon_core.shell:Creating package script '/home/hcoyle444/ros_drone_ws/install/px4_msgs/share/px4_msgs/package.zsh'
[4.031s] Level 1:colcon.colcon_core.environment:create_file_with_runtime_dependencies(/home/hcoyle444/ros_drone_ws/install/px4_msgs/share/colcon-core/packages/px4_msgs)
[6.226s] Level 1:colcon.colcon_core.environment:create_environment_scripts_only(px4_msgs)
[6.233s] Level 1:colcon.colcon_core.environment:checking '/home/hcoyle444/ros_drone_ws/install/px4_msgs' for CMake module files
[6.233s] Level 1:colcon.colcon_core.environment:checking '/home/hcoyle444/ros_drone_ws/install/px4_msgs' for CMake config files
[6.233s] Level 1:colcon.colcon_core.shell:create_environment_hook('px4_msgs', 'cmake_prefix_path')
[6.240s] INFO:colcon.colcon_core.shell:Creating environment hook '/home/hcoyle444/ros_drone_ws/install/px4_msgs/share/px4_msgs/hook/cmake_prefix_path.ps1'
[6.241s] INFO:colcon.colcon_core.shell:Creating environment descriptor '/home/hcoyle444/ros_drone_ws/install/px4_msgs/share/px4_msgs/hook/cmake_prefix_path.dsv'
[6.241s] INFO:colcon.colcon_core.shell:Creating environment hook '/home/hcoyle444/ros_drone_ws/install/px4_msgs/share/px4_msgs/hook/cmake_prefix_path.sh'
[6.241s] Level 1:colcon.colcon_core.environment:checking '/home/hcoyle444/ros_drone_ws/install/px4_msgs/lib'
[6.241s] Level 1:colcon.colcon_core.shell:create_environment_hook('px4_msgs', 'ld_library_path_lib')
[6.248s] INFO:colcon.colcon_core.shell:Creating environment hook '/home/hcoyle444/ros_drone_ws/install/px4_msgs/share/px4_msgs/hook/ld_library_path_lib.ps1'
[6.248s] INFO:colcon.colcon_core.shell:Creating environment descriptor '/home/hcoyle444/ros_drone_ws/install/px4_msgs/share/px4_msgs/hook/ld_library_path_lib.dsv'
[6.248s] INFO:colcon.colcon_core.shell:Creating environment hook '/home/hcoyle444/ros_drone_ws/install/px4_msgs/share/px4_msgs/hook/ld_library_path_lib.sh'
[6.249s] Level 1:colcon.colcon_core.environment:checking '/home/hcoyle444/ros_drone_ws/install/px4_msgs/bin'
[6.249s] Level 1:colcon.colcon_core.environment:checking '/home/hcoyle444/ros_drone_ws/install/px4_msgs/lib/pkgconfig/px4_msgs.pc'
[6.249s] Level 1:colcon.colcon_core.environment:checking '/home/hcoyle444/ros_drone_ws/install/px4_msgs/lib/python3.10/site-packages'
[6.249s] Level 1:colcon.colcon_core.environment:checking '/home/hcoyle444/ros_drone_ws/install/px4_msgs/bin'
[6.256s] INFO:colcon.colcon_core.shell:Creating package script '/home/hcoyle444/ros_drone_ws/install/px4_msgs/share/px4_msgs/package.ps1'
[6.256s] INFO:colcon.colcon_core.shell:Creating package descriptor '/home/hcoyle444/ros_drone_ws/install/px4_msgs/share/px4_msgs/package.dsv'
[6.257s] INFO:colcon.colcon_core.shell:Creating package script '/home/hcoyle444/ros_drone_ws/install/px4_msgs/share/px4_msgs/package.sh'
[6.257s] INFO:colcon.colcon_core.shell:Creating package script '/home/hcoyle444/ros_drone_ws/install/px4_msgs/share/px4_msgs/package.bash'
[6.257s] INFO:colcon.colcon_core.shell:Creating package script '/home/hcoyle444/ros_drone_ws/install/px4_msgs/share/px4_msgs/package.zsh'
[6.257s] Level 1:colcon.colcon_core.environment:create_file_with_runtime_dependencies(/home/hcoyle444/ros_drone_ws/install/px4_msgs/share/colcon-core/packages/px4_msgs)
[6.258s] INFO:colcon.colcon_ros.task.ament_python.build:Building ROS package in '/home/hcoyle444/ros_drone_ws/src/drone_control' with build type 'ament_python'
[6.258s] Level 1:colcon.colcon_core.shell:create_environment_hook('drone_control', 'ament_prefix_path')
[6.266s] INFO:colcon.colcon_core.shell:Creating environment hook '/home/hcoyle444/ros_drone_ws/install/drone_control/share/drone_control/hook/ament_prefix_path.ps1'
[6.266s] INFO:colcon.colcon_core.shell:Creating environment descriptor '/home/hcoyle444/ros_drone_ws/install/drone_control/share/drone_control/hook/ament_prefix_path.dsv'
[6.266s] INFO:colcon.colcon_core.shell:Creating environment hook '/home/hcoyle444/ros_drone_ws/install/drone_control/share/drone_control/hook/ament_prefix_path.sh'
[6.274s] INFO:colcon.colcon_core.shell:Skip shell extension 'powershell' for command environment: Not usable outside of PowerShell
[6.274s] DEBUG:colcon.colcon_core.shell:Skip shell extension 'dsv' for command environment
[6.290s] INFO:colcon.colcon_ros.task.ament_cmake.build:Building ROS package in '/home/hcoyle444/ros_drone_ws/src/px4_ros_com' with build type 'ament_cmake'
[6.290s] INFO:colcon.colcon_cmake.task.cmake.build:Building CMake package in '/home/hcoyle444/ros_drone_ws/src/px4_ros_com'
[6.298s] INFO:colcon.colcon_core.shell:Skip shell extension 'powershell' for command environment: Not usable outside of PowerShell
[6.298s] DEBUG:colcon.colcon_core.shell:Skip shell extension 'dsv' for command environment
[6.526s] INFO:colcon.colcon_core.task.python.build:Building Python package in '/home/hcoyle444/ros_drone_ws/src/drone_control'
[6.534s] INFO:colcon.colcon_core.shell:Skip shell extension 'powershell' for command environment: Not usable outside of PowerShell
[6.534s] DEBUG:colcon.colcon_core.shell:Skip shell extension 'dsv' for command environment
[6.552s] DEBUG:colcon.colcon_core.event_handler.log_command:Invoking command in '/home/hcoyle444/ros_drone_ws/build/px4_ros_com': AMENT_PREFIX_PATH=/home/hcoyle444/ros_drone_ws/install/px4_msgs:${AMENT_PREFIX_PATH} CMAKE_PREFIX_PATH=/home/hcoyle444/ros_drone_ws/install/px4_msgs:/opt/ros/humble LD_LIBRARY_PATH=/home/hcoyle444/ros_drone_ws/install/px4_msgs/lib:${LD_LIBRARY_PATH} PYTHONPATH=/home/hcoyle444/ros_drone_ws/install/px4_msgs/local/lib/python3.10/dist-packages:${PYTHONPATH} /usr/bin/cmake --build /home/hcoyle444/ros_drone_ws/build/px4_ros_com -- -j20 -l20
[6.757s] DEBUG:colcon.colcon_core.event_handler.log_command:Invoked command in '/home/hcoyle444/ros_drone_ws/build/px4_ros_com' returned '0': AMENT_PREFIX_PATH=/home/hcoyle444/ros_drone_ws/install/px4_msgs:${AMENT_PREFIX_PATH} CMAKE_PREFIX_PATH=/home/hcoyle444/ros_drone_ws/install/px4_msgs:/opt/ros/humble LD_LIBRARY_PATH=/home/hcoyle444/ros_drone_ws/install/px4_msgs/lib:${LD_LIBRARY_PATH} PYTHONPATH=/home/hcoyle444/ros_drone_ws/install/px4_msgs/local/lib/python3.10/dist-packages:${PYTHONPATH} /usr/bin/cmake --build /home/hcoyle444/ros_drone_ws/build/px4_ros_com -- -j20 -l20
[6.782s] DEBUG:colcon.colcon_core.event_handler.log_command:Invoking command in '/home/hcoyle444/ros_drone_ws/build/px4_ros_com': AMENT_PREFIX_PATH=/home/hcoyle444/ros_drone_ws/install/px4_msgs:${AMENT_PREFIX_PATH} CMAKE_PREFIX_PATH=/home/hcoyle444/ros_drone_ws/install/px4_msgs:/opt/ros/humble LD_LIBRARY_PATH=/home/hcoyle444/ros_drone_ws/install/px4_msgs/lib:${LD_LIBRARY_PATH} PYTHONPATH=/home/hcoyle444/ros_drone_ws/install/px4_msgs/local/lib/python3.10/dist-packages:${PYTHONPATH} /usr/bin/cmake --install /home/hcoyle444/ros_drone_ws/build/px4_ros_com
[6.812s] Level 1:colcon.colcon_core.environment:create_environment_scripts_only(px4_ros_com)
[6.812s] DEBUG:colcon.colcon_core.event_handler.log_command:Invoked command in '/home/hcoyle444/ros_drone_ws/build/px4_ros_com' returned '0': AMENT_PREFIX_PATH=/home/hcoyle444/ros_drone_ws/install/px4_msgs:${AMENT_PREFIX_PATH} CMAKE_PREFIX_PATH=/home/hcoyle444/ros_drone_ws/install/px4_msgs:/opt/ros/humble LD_LIBRARY_PATH=/home/hcoyle444/ros_drone_ws/install/px4_msgs/lib:${LD_LIBRARY_PATH} PYTHONPATH=/home/hcoyle444/ros_drone_ws/install/px4_msgs/local/lib/python3.10/dist-packages:${PYTHONPATH} /usr/bin/cmake --install /home/hcoyle444/ros_drone_ws/build/px4_ros_com
[6.819s] Level 1:colcon.colcon_core.environment:checking '/home/hcoyle444/ros_drone_ws/install/px4_ros_com' for CMake module files
[6.820s] Level 1:colcon.colcon_core.environment:checking '/home/hcoyle444/ros_drone_ws/install/px4_ros_com' for CMake config files
[6.820s] Level 1:colcon.colcon_core.shell:create_environment_hook('px4_ros_com', 'cmake_prefix_path')
[6.827s] INFO:colcon.colcon_core.shell:Creating environment hook '/home/hcoyle444/ros_drone_ws/install/px4_ros_com/share/px4_ros_com/hook/cmake_prefix_path.ps1'
[6.827s] INFO:colcon.colcon_core.shell:Creating environment descriptor '/home/hcoyle444/ros_drone_ws/install/px4_ros_com/share/px4_ros_com/hook/cmake_prefix_path.dsv'
[6.828s] INFO:colcon.colcon_core.shell:Creating environment hook '/home/hcoyle444/ros_drone_ws/install/px4_ros_com/share/px4_ros_com/hook/cmake_prefix_path.sh'
[6.828s] Level 1:colcon.colcon_core.environment:checking '/home/hcoyle444/ros_drone_ws/install/px4_ros_com/lib'
[6.828s] Level 1:colcon.colcon_core.shell:create_environment_hook('px4_ros_com', 'ld_library_path_lib')
[6.835s] INFO:colcon.colcon_core.shell:Creating environment hook '/home/hcoyle444/ros_drone_ws/install/px4_ros_com/share/px4_ros_com/hook/ld_library_path_lib.ps1'
[6.835s] INFO:colcon.colcon_core.shell:Creating environment descriptor '/home/hcoyle444/ros_drone_ws/install/px4_ros_com/share/px4_ros_com/hook/ld_library_path_lib.dsv'
[6.835s] INFO:colcon.colcon_core.shell:Creating environment hook '/home/hcoyle444/ros_drone_ws/install/px4_ros_com/share/px4_ros_com/hook/ld_library_path_lib.sh'
[6.836s] Level 1:colcon.colcon_core.environment:checking '/home/hcoyle444/ros_drone_ws/install/px4_ros_com/bin'
[6.836s] Level 1:colcon.colcon_core.environment:checking '/home/hcoyle444/ros_drone_ws/install/px4_ros_com/lib/pkgconfig/px4_ros_com.pc'
[6.836s] Level 1:colcon.colcon_core.environment:checking '/home/hcoyle444/ros_drone_ws/install/px4_ros_com/lib/python3.10/site-packages'
[6.836s] Level 1:colcon.colcon_core.environment:checking '/home/hcoyle444/ros_drone_ws/install/px4_ros_com/bin'
[6.843s] INFO:colcon.colcon_core.shell:Creating package script '/home/hcoyle444/ros_drone_ws/install/px4_ros_com/share/px4_ros_com/package.ps1'
[6.844s] INFO:colcon.colcon_core.shell:Creating package descriptor '/home/hcoyle444/ros_drone_ws/install/px4_ros_com/share/px4_ros_com/package.dsv'
[6.844s] INFO:colcon.colcon_core.shell:Creating package script '/home/hcoyle444/ros_drone_ws/install/px4_ros_com/share/px4_ros_com/package.sh'
[6.845s] INFO:colcon.colcon_core.shell:Creating package script '/home/hcoyle444/ros_drone_ws/install/px4_ros_com/share/px4_ros_com/package.bash'
[6.845s] INFO:colcon.colcon_core.shell:Creating package script '/home/hcoyle444/ros_drone_ws/install/px4_ros_com/share/px4_ros_com/package.zsh'
[6.845s] Level 1:colcon.colcon_core.environment:create_file_with_runtime_dependencies(/home/hcoyle444/ros_drone_ws/install/px4_ros_com/share/colcon-core/packages/px4_ros_com)
[6.876s] Level 1:colcon.colcon_core.environment:create_environment_scripts_only(px4_ros_com)
[6.883s] Level 1:colcon.colcon_core.environment:checking '/home/hcoyle444/ros_drone_ws/install/px4_ros_com' for CMake module files
[6.883s] Level 1:colcon.colcon_core.environment:checking '/home/hcoyle444/ros_drone_ws/install/px4_ros_com' for CMake config files
[6.883s] Level 1:colcon.colcon_core.shell:create_environment_hook('px4_ros_com', 'cmake_prefix_path')
[6.890s] INFO:colcon.colcon_core.shell:Creating environment hook '/home/hcoyle444/ros_drone_ws/install/px4_ros_com/share/px4_ros_com/hook/cmake_prefix_path.ps1'
[6.891s] INFO:colcon.colcon_core.shell:Creating environment descriptor '/home/hcoyle444/ros_drone_ws/install/px4_ros_com/share/px4_ros_com/hook/cmake_prefix_path.dsv'
[6.891s] INFO:colcon.colcon_core.shell:Creating environment hook '/home/hcoyle444/ros_drone_ws/install/px4_ros_com/share/px4_ros_com/hook/cmake_prefix_path.sh'
[6.891s] Level 1:colcon.colcon_core.environment:checking '/home/hcoyle444/ros_drone_ws/install/px4_ros_com/lib'
[6.891s] Level 1:colcon.colcon_core.shell:create_environment_hook('px4_ros_com', 'ld_library_path_lib')
[6.898s] INFO:colcon.colcon_core.shell:Creating environment hook '/home/hcoyle444/ros_drone_ws/install/px4_ros_com/share/px4_ros_com/hook/ld_library_path_lib.ps1'
[6.898s] INFO:colcon.colcon_core.shell:Creating environment descriptor '/home/hcoyle444/ros_drone_ws/install/px4_ros_com/share/px4_ros_com/hook/ld_library_path_lib.dsv'
[6.898s] INFO:colcon.colcon_core.shell:Creating environment hook '/home/hcoyle444/ros_drone_ws/install/px4_ros_com/share/px4_ros_com/hook/ld_library_path_lib.sh'
[6.899s] Level 1:colcon.colcon_core.environment:checking '/home/hcoyle444/ros_drone_ws/install/px4_ros_com/bin'
[6.899s] Level 1:colcon.colcon_core.environment:checking '/home/hcoyle444/ros_drone_ws/install/px4_ros_com/lib/pkgconfig/px4_ros_com.pc'
[6.899s] Level 1:colcon.colcon_core.environment:checking '/home/hcoyle444/ros_drone_ws/install/px4_ros_com/lib/python3.10/site-packages'
[6.899s] Level 1:colcon.colcon_core.environment:checking '/home/hcoyle444/ros_drone_ws/install/px4_ros_com/bin'
[6.906s] INFO:colcon.colcon_core.shell:Creating package script '/home/hcoyle444/ros_drone_ws/install/px4_ros_com/share/px4_ros_com/package.ps1'
[6.906s] INFO:colcon.colcon_core.shell:Creating package descriptor '/home/hcoyle444/ros_drone_ws/install/px4_ros_com/share/px4_ros_com/package.dsv'
[6.907s] INFO:colcon.colcon_core.shell:Creating package script '/home/hcoyle444/ros_drone_ws/install/px4_ros_com/share/px4_ros_com/package.sh'
[6.907s] INFO:colcon.colcon_core.shell:Creating package script '/home/hcoyle444/ros_drone_ws/install/px4_ros_com/share/px4_ros_com/package.bash'
[6.907s] INFO:colcon.colcon_core.shell:Creating package script '/home/hcoyle444/ros_drone_ws/install/px4_ros_com/share/px4_ros_com/package.zsh'
[6.907s] Level 1:colcon.colcon_core.environment:create_file_with_runtime_dependencies(/home/hcoyle444/ros_drone_ws/install/px4_ros_com/share/colcon-core/packages/px4_ros_com)
[6.948s] DEBUG:colcon.colcon_core.event_handler.log_command:Invoking command in '/home/hcoyle444/ros_drone_ws/src/drone_control': AMENT_PREFIX_PATH=/home/hcoyle444/ros_drone_ws/install/px4_msgs:${AMENT_PREFIX_PATH} CMAKE_PREFIX_PATH=/home/hcoyle444/ros_drone_ws/install/px4_msgs LD_LIBRARY_PATH=/home/hcoyle444/ros_drone_ws/install/px4_msgs/lib:${LD_LIBRARY_PATH} PYTHONPATH=/home/hcoyle444/ros_drone_ws/build/drone_control/prefix_override:/home/hcoyle444/ros_drone_ws/install/drone_control/lib/python3.10/site-packages:/home/hcoyle444/ros_drone_ws/install/px4_msgs/local/lib/python3.10/dist-packages:${PYTHONPATH} /usr/bin/python3 setup.py egg_info --egg-base ../../build/drone_control build --build-base /home/hcoyle444/ros_drone_ws/build/drone_control/build install --record /home/hcoyle444/ros_drone_ws/build/drone_control/install.log --single-version-externally-managed
[7.208s] DEBUG:colcon.colcon_core.event_handler.log_command:Invoked command in '/home/hcoyle444/ros_drone_ws/src/drone_control' returned '0': AMENT_PREFIX_PATH=/home/hcoyle444/ros_drone_ws/install/px4_msgs:${AMENT_PREFIX_PATH} CMAKE_PREFIX_PATH=/home/hcoyle444/ros_drone_ws/install/px4_msgs LD_LIBRARY_PATH=/home/hcoyle444/ros_drone_ws/install/px4_msgs/lib:${LD_LIBRARY_PATH} PYTHONPATH=/home/hcoyle444/ros_drone_ws/build/drone_control/prefix_override:/home/hcoyle444/ros_drone_ws/install/drone_control/lib/python3.10/site-packages:/home/hcoyle444/ros_drone_ws/install/px4_msgs/local/lib/python3.10/dist-packages:${PYTHONPATH} /usr/bin/python3 setup.py egg_info --egg-base ../../build/drone_control build --build-base /home/hcoyle444/ros_drone_ws/build/drone_control/build install --record /home/hcoyle444/ros_drone_ws/build/drone_control/install.log --single-version-externally-managed
[7.215s] Level 1:colcon.colcon_core.environment:checking '/home/hcoyle444/ros_drone_ws/install/drone_control' for CMake module files
[7.215s] Level 1:colcon.colcon_core.environment:checking '/home/hcoyle444/ros_drone_ws/install/drone_control' for CMake config files
[7.215s] Level 1:colcon.colcon_core.environment:checking '/home/hcoyle444/ros_drone_ws/install/drone_control/lib'
[7.215s] Level 1:colcon.colcon_core.environment:checking '/home/hcoyle444/ros_drone_ws/install/drone_control/bin'
[7.216s] Level 1:colcon.colcon_core.environment:checking '/home/hcoyle444/ros_drone_ws/install/drone_control/lib/pkgconfig/drone_control.pc'
[7.216s] Level 1:colcon.colcon_core.environment:checking '/home/hcoyle444/ros_drone_ws/install/drone_control/lib/python3.10/site-packages'
[7.216s] Level 1:colcon.colcon_core.shell:create_environment_hook('drone_control', 'pythonpath')
[7.223s] INFO:colcon.colcon_core.shell:Creating environment hook '/home/hcoyle444/ros_drone_ws/install/drone_control/share/drone_control/hook/pythonpath.ps1'
[7.223s] INFO:colcon.colcon_core.shell:Creating environment descriptor '/home/hcoyle444/ros_drone_ws/install/drone_control/share/drone_control/hook/pythonpath.dsv'
[7.223s] INFO:colcon.colcon_core.shell:Creating environment hook '/home/hcoyle444/ros_drone_ws/install/drone_control/share/drone_control/hook/pythonpath.sh'
[7.224s] Level 1:colcon.colcon_core.environment:checking '/home/hcoyle444/ros_drone_ws/install/drone_control/bin'
[7.224s] Level 1:colcon.colcon_core.environment:create_environment_scripts_only(drone_control)
[7.231s] INFO:colcon.colcon_core.shell:Creating package script '/home/hcoyle444/ros_drone_ws/install/drone_control/share/drone_control/package.ps1'
[7.231s] INFO:colcon.colcon_core.shell:Creating package descriptor '/home/hcoyle444/ros_drone_ws/install/drone_control/share/drone_control/package.dsv'
[7.232s] INFO:colcon.colcon_core.shell:Creating package script '/home/hcoyle444/ros_drone_ws/install/drone_control/share/drone_control/package.sh'
[7.232s] INFO:colcon.colcon_core.shell:Creating package script '/home/hcoyle444/ros_drone_ws/install/drone_control/share/drone_control/package.bash'
[7.232s] INFO:colcon.colcon_core.shell:Creating package script '/home/hcoyle444/ros_drone_ws/install/drone_control/share/drone_control/package.zsh'
[7.232s] Level 1:colcon.colcon_core.environment:create_file_with_runtime_dependencies(/home/hcoyle444/ros_drone_ws/install/drone_control/share/colcon-core/packages/drone_control)
[7.232s] DEBUG:colcon.colcon_parallel_executor.executor.parallel:closing loop
[7.233s] DEBUG:colcon.colcon_parallel_executor.executor.parallel:loop closed
[7.233s] DEBUG:colcon.colcon_parallel_executor.executor.parallel:run_until_complete finished with '0'
[7.233s] DEBUG:colcon.colcon_core.event_reactor:joining thread
[7.301s] INFO:colcon.colcon_core.plugin_system:Skipping extension 'colcon_notification.desktop_notification.notify_send': Could not find 'notify-send'
[7.301s] INFO:colcon.colcon_core.plugin_system:Skipping extension 'colcon_notification.desktop_notification.terminal_notifier': Not used on non-Darwin systems
[7.301s] INFO:colcon.colcon_core.plugin_system:Skipping extension 'colcon_notification.desktop_notification.win32': Not used on non-Windows systems
[7.301s] INFO:colcon.colcon_notification.desktop_notification:Sending desktop notification using 'notify2'
[7.301s] DEBUG:colcon.colcon_notification.desktop_notification.notify2:Failed to initialize notify2: org.freedesktop.DBus.Error.FileNotFound: Failed to connect to socket /run/user/1000/bus: No such file or directory
[7.301s] DEBUG:colcon.colcon_core.event_reactor:joined thread
[7.309s] INFO:colcon.colcon_core.shell:Creating prefix script '/home/hcoyle444/ros_drone_ws/install/local_setup.ps1'
[7.310s] INFO:colcon.colcon_core.shell:Creating prefix util module '/home/hcoyle444/ros_drone_ws/install/_local_setup_util_ps1.py'
[7.310s] INFO:colcon.colcon_core.shell:Creating prefix chain script '/home/hcoyle444/ros_drone_ws/install/setup.ps1'
[7.318s] INFO:colcon.colcon_core.shell:Creating prefix script '/home/hcoyle444/ros_drone_ws/install/local_setup.sh'
[7.318s] INFO:colcon.colcon_core.shell:Creating prefix util module '/home/hcoyle444/ros_drone_ws/install/_local_setup_util_sh.py'
[7.319s] INFO:colcon.colcon_core.shell:Creating prefix chain script '/home/hcoyle444/ros_drone_ws/install/setup.sh'
[7.326s] INFO:colcon.colcon_core.shell:Creating prefix script '/home/hcoyle444/ros_drone_ws/install/local_setup.bash'
[7.326s] INFO:colcon.colcon_core.shell:Creating prefix chain script '/home/hcoyle444/ros_drone_ws/install/setup.bash'
[7.334s] INFO:colcon.colcon_core.shell:Creating prefix script '/home/hcoyle444/ros_drone_ws/install/local_setup.zsh'
[7.334s] INFO:colcon.colcon_core.shell:Creating prefix chain script '/home/hcoyle444/ros_drone_ws/install/setup.zsh'
