[0.752s] Invoking command in '/home/hcoyle444/ros_drone_ws/src/drone_control': CMAKE_PREFIX_PATH=/home/hcoyle444/ros_drone_ws/install/px4_msgs:/home/hcoyle444/ros_drone_ws/install/px4_ros_com LD_LIBRARY_PATH=/home/hcoyle444/ros_drone_ws/install/px4_msgs/lib:/home/hcoyle444/ros_drone_ws/install/px4_ros_com/lib:/opt/ros/humble/opt/rviz_ogre_vendor/lib:/opt/ros/humble/lib/x86_64-linux-gnu:/opt/ros/humble/lib PYTHONPATH=/home/hcoyle444/ros_drone_ws/build/drone_control/prefix_override:/home/hcoyle444/ros_drone_ws/install/drone_control/lib/python3.10/site-packages:${PYTHONPATH} /usr/bin/python3 setup.py egg_info --egg-base ../../build/drone_control build --build-base /home/hcoyle444/ros_drone_ws/build/drone_control/build install --record /home/hcoyle444/ros_drone_ws/build/drone_control/install.log --single-version-externally-managed
[0.874s] running egg_info
[0.882s] writing ../../build/drone_control/drone_control.egg-info/PKG-INFO
[0.883s] writing dependency_links to ../../build/drone_control/drone_control.egg-info/dependency_links.txt
[0.883s] writing entry points to ../../build/drone_control/drone_control.egg-info/entry_points.txt
[0.883s] writing requirements to ../../build/drone_control/drone_control.egg-info/requires.txt
[0.883s] writing top-level names to ../../build/drone_control/drone_control.egg-info/top_level.txt
[0.899s] reading manifest file '../../build/drone_control/drone_control.egg-info/SOURCES.txt'
[0.899s] writing manifest file '../../build/drone_control/drone_control.egg-info/SOURCES.txt'
[0.899s] running build
[0.900s] running build_py
[0.900s] copying drone_control/drone_mission.py -> /home/hcoyle444/ros_drone_ws/build/drone_control/build/lib/drone_control
[0.900s] copying drone_control/__init__.py -> /home/hcoyle444/ros_drone_ws/build/drone_control/build/lib/drone_control
[0.900s] copying drone_control/b.py -> /home/hcoyle444/ros_drone_ws/build/drone_control/build/lib/drone_control
[0.900s] running install
[0.900s] /home/hcoyle444/.local/lib/python3.10/site-packages/setuptools/_distutils/cmd.py:66: SetuptoolsDeprecationWarning: setup.py install is deprecated.
[0.900s] !!
[0.900s] 
[0.900s]         ********************************************************************************
[0.900s]         Please avoid running ``setup.py`` directly.
[0.900s]         Instead, use pypa/build, pypa/installer or other
[0.901s]         standards-based tools.
[0.901s] 
[0.901s]         See https://blog.ganssle.io/articles/2021/10/setup-py-deprecated.html for details.
[0.901s]         ********************************************************************************
[0.901s] 
[0.901s] !!
[0.901s]   self.initialize_options()
[0.904s] running install_lib
[0.912s] byte-compiling /home/hcoyle444/ros_drone_ws/install/drone_control/lib/python3.10/site-packages/drone_control/drone_mission_test.py to drone_mission_test.cpython-310.pyc
[0.913s]   File "/home/hcoyle444/ros_drone_ws/install/drone_control/lib/python3.10/site-packages/drone_control/drone_mission_test.py", line 59
[0.913s]     ros2 topic echo /fmu/out/vehicle_local_position
[0.913s]          ^^^^^
[0.913s] SyntaxError: invalid syntax
[0.913s] 
[0.913s] running install_data
[0.921s] copying resource/drone_control -> /home/hcoyle444/ros_drone_ws/install/drone_control/share/ament_index/resource_index/packages
[0.921s] copying package.xml -> /home/hcoyle444/ros_drone_ws/install/drone_control/share/drone_control
[0.921s] running install_egg_info
[0.929s] removing '/home/hcoyle444/ros_drone_ws/install/drone_control/lib/python3.10/site-packages/drone_control-0.0.0-py3.10.egg-info' (and everything under it)
[0.929s] Copying ../../build/drone_control/drone_control.egg-info to /home/hcoyle444/ros_drone_ws/install/drone_control/lib/python3.10/site-packages/drone_control-0.0.0-py3.10.egg-info
[0.929s] running install_scripts
[1.002s] Installing drone_mission script to /home/hcoyle444/ros_drone_ws/install/drone_control/lib/drone_control
[1.003s] writing list of installed files to '/home/hcoyle444/ros_drone_ws/build/drone_control/install.log'
[1.019s] Invoked command in '/home/hcoyle444/ros_drone_ws/src/drone_control' returned '0': CMAKE_PREFIX_PATH=/home/hcoyle444/ros_drone_ws/install/px4_msgs:/home/hcoyle444/ros_drone_ws/install/px4_ros_com LD_LIBRARY_PATH=/home/hcoyle444/ros_drone_ws/install/px4_msgs/lib:/home/hcoyle444/ros_drone_ws/install/px4_ros_com/lib:/opt/ros/humble/opt/rviz_ogre_vendor/lib:/opt/ros/humble/lib/x86_64-linux-gnu:/opt/ros/humble/lib PYTHONPATH=/home/hcoyle444/ros_drone_ws/build/drone_control/prefix_override:/home/hcoyle444/ros_drone_ws/install/drone_control/lib/python3.10/site-packages:${PYTHONPATH} /usr/bin/python3 setup.py egg_info --egg-base ../../build/drone_control build --build-base /home/hcoyle444/ros_drone_ws/build/drone_control/build install --record /home/hcoyle444/ros_drone_ws/build/drone_control/install.log --single-version-externally-managed
