[0.384s] DEBUG:colcon:Command line arguments: ['/usr/bin/colcon', 'build']
[0.384s] DEBUG:colcon:Parsed command line arguments: Namespace(log_base=None, log_level=None, verb_name='build', build_base='build', install_base='install', merge_install=False, symlink_install=False, test_result_base=None, continue_on_error=False, executor='parallel', parallel_workers=12, event_handlers=None, ignore_user_meta=False, metas=['./colcon.meta'], base_paths=['.'], packages_ignore=None, packages_ignore_regex=None, paths=None, packages_up_to=None, packages_up_to_regex=None, packages_above=None, packages_above_and_dependencies=None, packages_above_depth=None, packages_select_by_dep=None, packages_skip_by_dep=None, packages_skip_up_to=None, packages_select_build_failed=False, packages_skip_build_finished=False, packages_select_test_failures=False, packages_skip_test_passed=False, packages_select=None, packages_skip=None, packages_select_regex=None, packages_skip_regex=None, packages_start=None, packages_end=None, allow_overriding=[], cmake_args=None, cmake_target=None, cmake_target_skip_unavailable=False, cmake_clean_cache=False, cmake_clean_first=False, cmake_force_configure=False, ament_cmake_args=None, catkin_cmake_args=None, catkin_skip_building_tests=False, verb_parser=<colcon_defaults.argument_parser.defaults.DefaultArgumentsDecorator object at 0x7fc13e11bb20>, verb_extension=<colcon_core.verb.build.BuildVerb object at 0x7fc13df3f310>, main=<bound method BuildVerb.main of <colcon_core.verb.build.BuildVerb object at 0x7fc13df3f310>>)
[0.403s] Level 1:colcon.colcon_core.package_discovery:discover_packages(colcon_meta) check parameters
[0.403s] Level 1:colcon.colcon_core.package_discovery:discover_packages(recursive) check parameters
[0.403s] Level 1:colcon.colcon_core.package_discovery:discover_packages(ignore) check parameters
[0.403s] Level 1:colcon.colcon_core.package_discovery:discover_packages(path) check parameters
[0.403s] Level 1:colcon.colcon_core.package_discovery:discover_packages(colcon_meta) discover
[0.403s] Level 1:colcon.colcon_core.package_discovery:discover_packages(recursive) discover
[0.403s] INFO:colcon.colcon_core.package_discovery:Crawling recursively for packages in '/home/vini_dunker/MRT-19/ros_drone_ws'
[0.404s] Level 1:colcon.colcon_core.package_identification:_identify(.) by extensions ['ignore', 'ignore_ament_install']
[0.404s] Level 1:colcon.colcon_core.package_identification:_identify(.) by extension 'ignore'
[0.404s] Level 1:colcon.colcon_core.package_identification:_identify(.) by extension 'ignore_ament_install'
[0.404s] Level 1:colcon.colcon_core.package_identification:_identify(.) by extensions ['colcon_pkg']
[0.404s] Level 1:colcon.colcon_core.package_identification:_identify(.) by extension 'colcon_pkg'
[0.404s] Level 1:colcon.colcon_core.package_identification:_identify(.) by extensions ['colcon_meta']
[0.404s] Level 1:colcon.colcon_core.package_identification:_identify(.) by extension 'colcon_meta'
[0.404s] Level 1:colcon.colcon_core.package_identification:_identify(.) by extensions ['ros']
[0.404s] Level 1:colcon.colcon_core.package_identification:_identify(.) by extension 'ros'
[0.413s] Level 1:colcon.colcon_core.package_identification:_identify(.) by extensions ['cmake', 'python']
[0.413s] Level 1:colcon.colcon_core.package_identification:_identify(.) by extension 'cmake'
[0.413s] Level 1:colcon.colcon_core.package_identification:_identify(.) by extension 'python'
[0.413s] Level 1:colcon.colcon_core.package_identification:_identify(.) by extensions ['python_setup_py']
[0.413s] Level 1:colcon.colcon_core.package_identification:_identify(.) by extension 'python_setup_py'
[0.413s] Level 1:colcon.colcon_core.package_identification:_identify(build) by extensions ['ignore', 'ignore_ament_install']
[0.414s] Level 1:colcon.colcon_core.package_identification:_identify(build) by extension 'ignore'
[0.414s] Level 1:colcon.colcon_core.package_identification:_identify(build) ignored
[0.414s] Level 1:colcon.colcon_core.package_identification:_identify(install) by extensions ['ignore', 'ignore_ament_install']
[0.414s] Level 1:colcon.colcon_core.package_identification:_identify(install) by extension 'ignore'
[0.414s] Level 1:colcon.colcon_core.package_identification:_identify(install) ignored
[0.414s] Level 1:colcon.colcon_core.package_identification:_identify(log) by extensions ['ignore', 'ignore_ament_install']
[0.414s] Level 1:colcon.colcon_core.package_identification:_identify(log) by extension 'ignore'
[0.414s] Level 1:colcon.colcon_core.package_identification:_identify(log) ignored
[0.414s] Level 1:colcon.colcon_core.package_identification:_identify(src) by extensions ['ignore', 'ignore_ament_install']
[0.414s] Level 1:colcon.colcon_core.package_identification:_identify(src) by extension 'ignore'
[0.414s] Level 1:colcon.colcon_core.package_identification:_identify(src) by extension 'ignore_ament_install'
[0.414s] Level 1:colcon.colcon_core.package_identification:_identify(src) by extensions ['colcon_pkg']
[0.414s] Level 1:colcon.colcon_core.package_identification:_identify(src) by extension 'colcon_pkg'
[0.414s] Level 1:colcon.colcon_core.package_identification:_identify(src) by extensions ['colcon_meta']
[0.414s] Level 1:colcon.colcon_core.package_identification:_identify(src) by extension 'colcon_meta'
[0.414s] Level 1:colcon.colcon_core.package_identification:_identify(src) by extensions ['ros']
[0.414s] Level 1:colcon.colcon_core.package_identification:_identify(src) by extension 'ros'
[0.414s] Level 1:colcon.colcon_core.package_identification:_identify(src) by extensions ['cmake', 'python']
[0.414s] Level 1:colcon.colcon_core.package_identification:_identify(src) by extension 'cmake'
[0.414s] Level 1:colcon.colcon_core.package_identification:_identify(src) by extension 'python'
[0.414s] Level 1:colcon.colcon_core.package_identification:_identify(src) by extensions ['python_setup_py']
[0.414s] Level 1:colcon.colcon_core.package_identification:_identify(src) by extension 'python_setup_py'
[0.415s] Level 1:colcon.colcon_core.package_identification:_identify(src/drone_control) by extensions ['ignore', 'ignore_ament_install']
[0.415s] Level 1:colcon.colcon_core.package_identification:_identify(src/drone_control) by extension 'ignore'
[0.415s] Level 1:colcon.colcon_core.package_identification:_identify(src/drone_control) by extension 'ignore_ament_install'
[0.415s] Level 1:colcon.colcon_core.package_identification:_identify(src/drone_control) by extensions ['colcon_pkg']
[0.415s] Level 1:colcon.colcon_core.package_identification:_identify(src/drone_control) by extension 'colcon_pkg'
[0.415s] Level 1:colcon.colcon_core.package_identification:_identify(src/drone_control) by extensions ['colcon_meta']
[0.415s] Level 1:colcon.colcon_core.package_identification:_identify(src/drone_control) by extension 'colcon_meta'
[0.415s] Level 1:colcon.colcon_core.package_identification:_identify(src/drone_control) by extensions ['ros']
[0.415s] Level 1:colcon.colcon_core.package_identification:_identify(src/drone_control) by extension 'ros'
[0.418s] DEBUG:colcon.colcon_core.package_identification:Package 'src/drone_control' with type 'ros.ament_python' and name 'drone_control'
[0.418s] Level 1:colcon.colcon_core.package_discovery:discover_packages(recursive) using defaults
[0.418s] Level 1:colcon.colcon_core.package_discovery:discover_packages(ignore) discover
[0.418s] Level 1:colcon.colcon_core.package_discovery:discover_packages(ignore) using defaults
[0.418s] Level 1:colcon.colcon_core.package_discovery:discover_packages(path) discover
[0.418s] Level 1:colcon.colcon_core.package_discovery:discover_packages(path) using defaults
[0.438s] Level 1:colcon.colcon_core.package_discovery:discover_packages(prefix_path) check parameters
[0.438s] Level 1:colcon.colcon_core.package_discovery:discover_packages(prefix_path) discover
[0.441s] DEBUG:colcon.colcon_installed_package_information.package_discovery:Found 7 installed packages in /home/vini_dunker/COSMOS-AFS/cosmos_ws/install
[0.441s] DEBUG:colcon.colcon_installed_package_information.package_discovery:Found 5 installed packages in /home/vini_dunker/Automation/mrt19ROS_ws/install
[0.442s] DEBUG:colcon.colcon_installed_package_information.package_discovery:Found 3 installed packages in /home/vini_dunker/mrt_ws/install
[0.443s] DEBUG:colcon.colcon_installed_package_information.package_discovery:Found 6 installed packages in /home/vini_dunker/udemy_ws/install
[0.445s] DEBUG:colcon.colcon_installed_package_information.package_discovery:Found 331 installed packages in /opt/ros/humble
[0.446s] Level 1:colcon.colcon_core.package_discovery:discover_packages(prefix_path) using defaults
[0.503s] Level 5:colcon.colcon_core.verb:set package 'drone_control' build argument 'cmake_args' from command line to 'None'
[0.503s] Level 5:colcon.colcon_core.verb:set package 'drone_control' build argument 'cmake_target' from command line to 'None'
[0.503s] Level 5:colcon.colcon_core.verb:set package 'drone_control' build argument 'cmake_target_skip_unavailable' from command line to 'False'
[0.503s] Level 5:colcon.colcon_core.verb:set package 'drone_control' build argument 'cmake_clean_cache' from command line to 'False'
[0.503s] Level 5:colcon.colcon_core.verb:set package 'drone_control' build argument 'cmake_clean_first' from command line to 'False'
[0.503s] Level 5:colcon.colcon_core.verb:set package 'drone_control' build argument 'cmake_force_configure' from command line to 'False'
[0.503s] Level 5:colcon.colcon_core.verb:set package 'drone_control' build argument 'ament_cmake_args' from command line to 'None'
[0.503s] Level 5:colcon.colcon_core.verb:set package 'drone_control' build argument 'catkin_cmake_args' from command line to 'None'
[0.503s] Level 5:colcon.colcon_core.verb:set package 'drone_control' build argument 'catkin_skip_building_tests' from command line to 'False'
[0.503s] DEBUG:colcon.colcon_core.verb:Building package 'drone_control' with the following arguments: {'ament_cmake_args': None, 'build_base': '/home/vini_dunker/MRT-19/ros_drone_ws/build/drone_control', 'catkin_cmake_args': None, 'catkin_skip_building_tests': False, 'cmake_args': None, 'cmake_clean_cache': False, 'cmake_clean_first': False, 'cmake_force_configure': False, 'cmake_target': None, 'cmake_target_skip_unavailable': False, 'install_base': '/home/vini_dunker/MRT-19/ros_drone_ws/install/drone_control', 'merge_install': False, 'path': '/home/vini_dunker/MRT-19/ros_drone_ws/src/drone_control', 'symlink_install': False, 'test_result_base': None}
[0.504s] INFO:colcon.colcon_core.executor:Executing jobs using 'parallel' executor
[0.507s] DEBUG:colcon.colcon_parallel_executor.executor.parallel:run_until_complete
[0.508s] INFO:colcon.colcon_ros.task.ament_python.build:Building ROS package in '/home/vini_dunker/MRT-19/ros_drone_ws/src/drone_control' with build type 'ament_python'
[0.508s] Level 1:colcon.colcon_core.shell:create_environment_hook('drone_control', 'ament_prefix_path')
[0.513s] INFO:colcon.colcon_core.plugin_system:Skipping extension 'colcon_core.shell.bat': Not used on non-Windows systems
[0.513s] INFO:colcon.colcon_core.shell:Creating environment hook '/home/vini_dunker/MRT-19/ros_drone_ws/install/drone_control/share/drone_control/hook/ament_prefix_path.ps1'
[0.515s] INFO:colcon.colcon_core.shell:Creating environment descriptor '/home/vini_dunker/MRT-19/ros_drone_ws/install/drone_control/share/drone_control/hook/ament_prefix_path.dsv'
[0.516s] INFO:colcon.colcon_core.shell:Creating environment hook '/home/vini_dunker/MRT-19/ros_drone_ws/install/drone_control/share/drone_control/hook/ament_prefix_path.sh'
[0.518s] INFO:colcon.colcon_core.shell:Skip shell extension 'powershell' for command environment: Not usable outside of PowerShell
[0.518s] DEBUG:colcon.colcon_core.shell:Skip shell extension 'dsv' for command environment
[0.766s] INFO:colcon.colcon_core.task.python.build:Building Python package in '/home/vini_dunker/MRT-19/ros_drone_ws/src/drone_control'
[0.767s] INFO:colcon.colcon_core.shell:Skip shell extension 'powershell' for command environment: Not usable outside of PowerShell
[0.767s] DEBUG:colcon.colcon_core.shell:Skip shell extension 'dsv' for command environment
[1.131s] DEBUG:colcon.colcon_core.event_handler.log_command:Invoking command in '/home/vini_dunker/MRT-19/ros_drone_ws/src/drone_control': PYTHONPATH=/home/vini_dunker/MRT-19/ros_drone_ws/build/drone_control/prefix_override:/home/vini_dunker/MRT-19/ros_drone_ws/install/drone_control/lib/python3.10/site-packages:${PYTHONPATH} /usr/bin/python3 setup.py egg_info --egg-base ../../build/drone_control build --build-base /home/vini_dunker/MRT-19/ros_drone_ws/build/drone_control/build install --record /home/vini_dunker/MRT-19/ros_drone_ws/build/drone_control/install.log --single-version-externally-managed
[1.385s] DEBUG:colcon.colcon_core.event_handler.log_command:Invoked command in '/home/vini_dunker/MRT-19/ros_drone_ws/src/drone_control' returned '0': PYTHONPATH=/home/vini_dunker/MRT-19/ros_drone_ws/build/drone_control/prefix_override:/home/vini_dunker/MRT-19/ros_drone_ws/install/drone_control/lib/python3.10/site-packages:${PYTHONPATH} /usr/bin/python3 setup.py egg_info --egg-base ../../build/drone_control build --build-base /home/vini_dunker/MRT-19/ros_drone_ws/build/drone_control/build install --record /home/vini_dunker/MRT-19/ros_drone_ws/build/drone_control/install.log --single-version-externally-managed
[1.392s] Level 1:colcon.colcon_core.environment:checking '/home/vini_dunker/MRT-19/ros_drone_ws/install/drone_control' for CMake module files
[1.392s] Level 1:colcon.colcon_core.environment:checking '/home/vini_dunker/MRT-19/ros_drone_ws/install/drone_control' for CMake config files
[1.393s] Level 1:colcon.colcon_core.environment:checking '/home/vini_dunker/MRT-19/ros_drone_ws/install/drone_control/lib'
[1.393s] Level 1:colcon.colcon_core.environment:checking '/home/vini_dunker/MRT-19/ros_drone_ws/install/drone_control/bin'
[1.393s] Level 1:colcon.colcon_core.environment:checking '/home/vini_dunker/MRT-19/ros_drone_ws/install/drone_control/lib/pkgconfig/drone_control.pc'
[1.393s] Level 1:colcon.colcon_core.environment:checking '/home/vini_dunker/MRT-19/ros_drone_ws/install/drone_control/lib/python3.10/site-packages'
[1.393s] Level 1:colcon.colcon_core.shell:create_environment_hook('drone_control', 'pythonpath')
[1.394s] INFO:colcon.colcon_core.shell:Creating environment hook '/home/vini_dunker/MRT-19/ros_drone_ws/install/drone_control/share/drone_control/hook/pythonpath.ps1'
[1.395s] INFO:colcon.colcon_core.shell:Creating environment descriptor '/home/vini_dunker/MRT-19/ros_drone_ws/install/drone_control/share/drone_control/hook/pythonpath.dsv'
[1.395s] INFO:colcon.colcon_core.shell:Creating environment hook '/home/vini_dunker/MRT-19/ros_drone_ws/install/drone_control/share/drone_control/hook/pythonpath.sh'
[1.395s] Level 1:colcon.colcon_core.environment:checking '/home/vini_dunker/MRT-19/ros_drone_ws/install/drone_control/bin'
[1.395s] Level 1:colcon.colcon_core.environment:create_environment_scripts_only(drone_control)
[1.396s] INFO:colcon.colcon_core.shell:Creating package script '/home/vini_dunker/MRT-19/ros_drone_ws/install/drone_control/share/drone_control/package.ps1'
[1.397s] INFO:colcon.colcon_core.shell:Creating package descriptor '/home/vini_dunker/MRT-19/ros_drone_ws/install/drone_control/share/drone_control/package.dsv'
[1.398s] INFO:colcon.colcon_core.shell:Creating package script '/home/vini_dunker/MRT-19/ros_drone_ws/install/drone_control/share/drone_control/package.sh'
[1.399s] INFO:colcon.colcon_core.shell:Creating package script '/home/vini_dunker/MRT-19/ros_drone_ws/install/drone_control/share/drone_control/package.bash'
[1.399s] INFO:colcon.colcon_core.shell:Creating package script '/home/vini_dunker/MRT-19/ros_drone_ws/install/drone_control/share/drone_control/package.zsh'
[1.400s] Level 1:colcon.colcon_core.environment:create_file_with_runtime_dependencies(/home/vini_dunker/MRT-19/ros_drone_ws/install/drone_control/share/colcon-core/packages/drone_control)
[1.401s] DEBUG:colcon.colcon_parallel_executor.executor.parallel:closing loop
[1.401s] DEBUG:colcon.colcon_parallel_executor.executor.parallel:loop closed
[1.402s] DEBUG:colcon.colcon_parallel_executor.executor.parallel:run_until_complete finished with '0'
[1.402s] DEBUG:colcon.colcon_core.event_reactor:joining thread
[1.452s] INFO:colcon.colcon_core.plugin_system:Skipping extension 'colcon_notification.desktop_notification.notify_send': Could not find 'notify-send'
[1.453s] INFO:colcon.colcon_core.plugin_system:Skipping extension 'colcon_notification.desktop_notification.terminal_notifier': Not used on non-Darwin systems
[1.453s] INFO:colcon.colcon_core.plugin_system:Skipping extension 'colcon_notification.desktop_notification.win32': Not used on non-Windows systems
[1.453s] INFO:colcon.colcon_notification.desktop_notification:Sending desktop notification using 'notify2'
[1.457s] DEBUG:colcon.colcon_notification.desktop_notification.notify2:Failed to initialize notify2: org.freedesktop.DBus.Error.ServiceUnknown: The name org.freedesktop.Notifications was not provided by any .service files
[1.458s] DEBUG:colcon.colcon_core.event_reactor:joined thread
[1.459s] INFO:colcon.colcon_core.shell:Creating prefix script '/home/vini_dunker/MRT-19/ros_drone_ws/install/local_setup.ps1'
[1.460s] INFO:colcon.colcon_core.shell:Creating prefix util module '/home/vini_dunker/MRT-19/ros_drone_ws/install/_local_setup_util_ps1.py'
[1.461s] INFO:colcon.colcon_core.shell:Creating prefix chain script '/home/vini_dunker/MRT-19/ros_drone_ws/install/setup.ps1'
[1.463s] INFO:colcon.colcon_core.shell:Creating prefix script '/home/vini_dunker/MRT-19/ros_drone_ws/install/local_setup.sh'
[1.463s] INFO:colcon.colcon_core.shell:Creating prefix util module '/home/vini_dunker/MRT-19/ros_drone_ws/install/_local_setup_util_sh.py'
[1.463s] INFO:colcon.colcon_core.shell:Creating prefix chain script '/home/vini_dunker/MRT-19/ros_drone_ws/install/setup.sh'
[1.465s] INFO:colcon.colcon_core.shell:Creating prefix script '/home/vini_dunker/MRT-19/ros_drone_ws/install/local_setup.bash'
[1.465s] INFO:colcon.colcon_core.shell:Creating prefix chain script '/home/vini_dunker/MRT-19/ros_drone_ws/install/setup.bash'
[1.467s] INFO:colcon.colcon_core.shell:Creating prefix script '/home/vini_dunker/MRT-19/ros_drone_ws/install/local_setup.zsh'
[1.467s] INFO:colcon.colcon_core.shell:Creating prefix chain script '/home/vini_dunker/MRT-19/ros_drone_ws/install/setup.zsh'
