[0.799s] Invoking command in '/home/hcoyle444/ros_drone_ws/build/px4_ros_com': CMAKE_PREFIX_PATH=/home/hcoyle444/ros_drone_ws/install/px4_msgs:/home/hcoyle444/ros_drone_ws/install/px4_ros_com:/home/hcoyle444/ros_drone_ws/install/drone_control:/opt/ros/humble LD_LIBRARY_PATH=/home/hcoyle444/ros_drone_ws/install/px4_msgs/lib:/home/hcoyle444/ros_drone_ws/install/px4_ros_com/lib:/opt/ros/humble/opt/rviz_ogre_vendor/lib:/opt/ros/humble/lib/x86_64-linux-gnu:/opt/ros/humble/lib /usr/bin/cmake --build /home/hcoyle444/ros_drone_ws/build/px4_ros_com -- -j20 -l20
[0.885s] [ 16%] Built target sensor_combined_listener
[0.886s] [ 33%] Built target vehicle_gps_position_listener
[0.891s] [ 50%] Built target frame_transforms
[0.898s] [ 66%] Built target debug_vect_advertiser
[0.900s] [ 83%] Built target offboard_control
[0.903s] [100%] Built target offboard_control_srv
[0.912s] [100%] Built target ament_cmake_python_copy_px4_ros_com
[1.181s] running egg_info
[1.201s] writing px4_ros_com.egg-info/PKG-INFO
[1.202s] writing dependency_links to px4_ros_com.egg-info/dependency_links.txt
[1.202s] writing top-level names to px4_ros_com.egg-info/top_level.txt
[1.257s] reading manifest file 'px4_ros_com.egg-info/SOURCES.txt'
[1.257s] writing manifest file 'px4_ros_com.egg-info/SOURCES.txt'
[1.292s] [100%] Built target ament_cmake_python_build_px4_ros_com_egg
[1.308s] Invoked command in '/home/hcoyle444/ros_drone_ws/build/px4_ros_com' returned '0': CMAKE_PREFIX_PATH=/home/hcoyle444/ros_drone_ws/install/px4_msgs:/home/hcoyle444/ros_drone_ws/install/px4_ros_com:/home/hcoyle444/ros_drone_ws/install/drone_control:/opt/ros/humble LD_LIBRARY_PATH=/home/hcoyle444/ros_drone_ws/install/px4_msgs/lib:/home/hcoyle444/ros_drone_ws/install/px4_ros_com/lib:/opt/ros/humble/opt/rviz_ogre_vendor/lib:/opt/ros/humble/lib/x86_64-linux-gnu:/opt/ros/humble/lib /usr/bin/cmake --build /home/hcoyle444/ros_drone_ws/build/px4_ros_com -- -j20 -l20
[1.360s] Invoking command in '/home/hcoyle444/ros_drone_ws/build/px4_ros_com': CMAKE_PREFIX_PATH=/home/hcoyle444/ros_drone_ws/install/px4_msgs:/home/hcoyle444/ros_drone_ws/install/px4_ros_com:/home/hcoyle444/ros_drone_ws/install/drone_control:/opt/ros/humble LD_LIBRARY_PATH=/home/hcoyle444/ros_drone_ws/install/px4_msgs/lib:/home/hcoyle444/ros_drone_ws/install/px4_ros_com/lib:/opt/ros/humble/opt/rviz_ogre_vendor/lib:/opt/ros/humble/lib/x86_64-linux-gnu:/opt/ros/humble/lib /usr/bin/cmake --install /home/hcoyle444/ros_drone_ws/build/px4_ros_com
[1.368s] -- Install configuration: ""
[1.368s] -- Up-to-date: /home/hcoyle444/ros_drone_ws/install/px4_ros_com/lib/px4_ros_com/sensor_combined_listener
[1.369s] -- Up-to-date: /home/hcoyle444/ros_drone_ws/install/px4_ros_com/lib/px4_ros_com/vehicle_gps_position_listener
[1.370s] -- Up-to-date: /home/hcoyle444/ros_drone_ws/install/px4_ros_com/lib/px4_ros_com/debug_vect_advertiser
[1.370s] -- Up-to-date: /home/hcoyle444/ros_drone_ws/install/px4_ros_com/lib/px4_ros_com/offboard_control
[1.370s] -- Up-to-date: /home/hcoyle444/ros_drone_ws/install/px4_ros_com/lib/px4_ros_com/offboard_control_srv
[1.370s] -- Up-to-date: /home/hcoyle444/ros_drone_ws/install/px4_ros_com/share/px4_ros_com/environment/library_path.sh
[1.370s] -- Up-to-date: /home/hcoyle444/ros_drone_ws/install/px4_ros_com/share/px4_ros_com/environment/library_path.dsv
[1.370s] -- Up-to-date: /home/hcoyle444/ros_drone_ws/install/px4_ros_com/include/px4_ros_com
[1.370s] -- Up-to-date: /home/hcoyle444/ros_drone_ws/install/px4_ros_com/include/px4_ros_com/frame_transforms.h
[1.371s] -- Up-to-date: /home/hcoyle444/ros_drone_ws/install/px4_ros_com/lib/libframe_transforms.so
[1.371s] -- Up-to-date: /home/hcoyle444/ros_drone_ws/install/px4_ros_com/share/px4_ros_com//launch
[1.372s] -- Up-to-date: /home/hcoyle444/ros_drone_ws/install/px4_ros_com/share/px4_ros_com//launch/sensor_combined_listener.launch.py
[1.372s] -- Up-to-date: /home/hcoyle444/ros_drone_ws/install/px4_ros_com/share/px4_ros_com//launch/offboard_control_launch.yaml
[1.372s] -- Up-to-date: /home/hcoyle444/ros_drone_ws/install/px4_ros_com/share/px4_ros_com//test
[1.372s] -- Up-to-date: /home/hcoyle444/ros_drone_ws/install/px4_ros_com/share/px4_ros_com//test/test_output.py
[1.372s] -- Up-to-date: /home/hcoyle444/ros_drone_ws/install/px4_ros_com/share/px4_ros_com//test/pipeline_io_test.py
[1.372s] -- Up-to-date: /home/hcoyle444/ros_drone_ws/install/px4_ros_com/share/px4_ros_com//test/__init__.py
[1.372s] -- Up-to-date: /home/hcoyle444/ros_drone_ws/install/px4_ros_com/share/px4_ros_com//test/test_input.py
[1.372s] -- Up-to-date: /home/hcoyle444/ros_drone_ws/install/px4_ros_com/share/px4_ros_com/environment/pythonpath.sh
[1.372s] -- Up-to-date: /home/hcoyle444/ros_drone_ws/install/px4_ros_com/share/px4_ros_com/environment/pythonpath.dsv
[1.372s] -- Up-to-date: /home/hcoyle444/ros_drone_ws/install/px4_ros_com/local/lib/python3.10/dist-packages/px4_ros_com-0.1.0-py3.10.egg-info
[1.372s] -- Installing: /home/hcoyle444/ros_drone_ws/install/px4_ros_com/local/lib/python3.10/dist-packages/px4_ros_com-0.1.0-py3.10.egg-info/SOURCES.txt
[1.372s] -- Installing: /home/hcoyle444/ros_drone_ws/install/px4_ros_com/local/lib/python3.10/dist-packages/px4_ros_com-0.1.0-py3.10.egg-info/top_level.txt
[1.372s] -- Installing: /home/hcoyle444/ros_drone_ws/install/px4_ros_com/local/lib/python3.10/dist-packages/px4_ros_com-0.1.0-py3.10.egg-info/dependency_links.txt
[1.373s] -- Installing: /home/hcoyle444/ros_drone_ws/install/px4_ros_com/local/lib/python3.10/dist-packages/px4_ros_com-0.1.0-py3.10.egg-info/PKG-INFO
[1.373s] -- Up-to-date: /home/hcoyle444/ros_drone_ws/install/px4_ros_com/local/lib/python3.10/dist-packages/px4_ros_com
[1.373s] -- Up-to-date: /home/hcoyle444/ros_drone_ws/install/px4_ros_com/local/lib/python3.10/dist-packages/px4_ros_com/__init__.py
[1.373s] -- Up-to-date: /home/hcoyle444/ros_drone_ws/install/px4_ros_com/local/lib/python3.10/dist-packages/px4_ros_com/module_to_import.py
[1.416s] Listing '/home/hcoyle444/ros_drone_ws/install/px4_ros_com/local/lib/python3.10/dist-packages/px4_ros_com'...
[1.421s] -- Up-to-date: /home/hcoyle444/ros_drone_ws/install/px4_ros_com/lib/px4_ros_com/offboard_control.py
[1.421s] -- Up-to-date: /home/hcoyle444/ros_drone_ws/install/px4_ros_com/share/ament_index/resource_index/package_run_dependencies/px4_ros_com
[1.421s] -- Up-to-date: /home/hcoyle444/ros_drone_ws/install/px4_ros_com/share/ament_index/resource_index/parent_prefix_path/px4_ros_com
[1.422s] -- Up-to-date: /home/hcoyle444/ros_drone_ws/install/px4_ros_com/share/px4_ros_com/environment/ament_prefix_path.sh
[1.422s] -- Up-to-date: /home/hcoyle444/ros_drone_ws/install/px4_ros_com/share/px4_ros_com/environment/ament_prefix_path.dsv
[1.422s] -- Up-to-date: /home/hcoyle444/ros_drone_ws/install/px4_ros_com/share/px4_ros_com/environment/path.sh
[1.423s] -- Up-to-date: /home/hcoyle444/ros_drone_ws/install/px4_ros_com/share/px4_ros_com/environment/path.dsv
[1.423s] -- Up-to-date: /home/hcoyle444/ros_drone_ws/install/px4_ros_com/share/px4_ros_com/local_setup.bash
[1.423s] -- Up-to-date: /home/hcoyle444/ros_drone_ws/install/px4_ros_com/share/px4_ros_com/local_setup.sh
[1.423s] -- Up-to-date: /home/hcoyle444/ros_drone_ws/install/px4_ros_com/share/px4_ros_com/local_setup.zsh
[1.423s] -- Up-to-date: /home/hcoyle444/ros_drone_ws/install/px4_ros_com/share/px4_ros_com/local_setup.dsv
[1.423s] -- Installing: /home/hcoyle444/ros_drone_ws/install/px4_ros_com/share/px4_ros_com/package.dsv
[1.424s] -- Up-to-date: /home/hcoyle444/ros_drone_ws/install/px4_ros_com/share/ament_index/resource_index/packages/px4_ros_com
[1.424s] -- Up-to-date: /home/hcoyle444/ros_drone_ws/install/px4_ros_com/share/px4_ros_com/cmake/export_frame_transformsExport.cmake
[1.425s] -- Up-to-date: /home/hcoyle444/ros_drone_ws/install/px4_ros_com/share/px4_ros_com/cmake/export_frame_transformsExport-noconfig.cmake
[1.425s] -- Up-to-date: /home/hcoyle444/ros_drone_ws/install/px4_ros_com/share/px4_ros_com/cmake/ament_cmake_export_dependencies-extras.cmake
[1.427s] -- Up-to-date: /home/hcoyle444/ros_drone_ws/install/px4_ros_com/share/px4_ros_com/cmake/ament_cmake_export_targets-extras.cmake
[1.427s] -- Up-to-date: /home/hcoyle444/ros_drone_ws/install/px4_ros_com/share/px4_ros_com/cmake/ament_cmake_export_include_directories-extras.cmake
[1.428s] -- Up-to-date: /home/hcoyle444/ros_drone_ws/install/px4_ros_com/share/px4_ros_com/cmake/ament_cmake_export_libraries-extras.cmake
[1.428s] -- Up-to-date: /home/hcoyle444/ros_drone_ws/install/px4_ros_com/share/px4_ros_com/cmake/px4_ros_comConfig.cmake
[1.428s] -- Up-to-date: /home/hcoyle444/ros_drone_ws/install/px4_ros_com/share/px4_ros_com/cmake/px4_ros_comConfig-version.cmake
[1.428s] -- Up-to-date: /home/hcoyle444/ros_drone_ws/install/px4_ros_com/share/px4_ros_com/package.xml
[1.428s] Invoked command in '/home/hcoyle444/ros_drone_ws/build/px4_ros_com' returned '0': CMAKE_PREFIX_PATH=/home/hcoyle444/ros_drone_ws/install/px4_msgs:/home/hcoyle444/ros_drone_ws/install/px4_ros_com:/home/hcoyle444/ros_drone_ws/install/drone_control:/opt/ros/humble LD_LIBRARY_PATH=/home/hcoyle444/ros_drone_ws/install/px4_msgs/lib:/home/hcoyle444/ros_drone_ws/install/px4_ros_com/lib:/opt/ros/humble/opt/rviz_ogre_vendor/lib:/opt/ros/humble/lib/x86_64-linux-gnu:/opt/ros/humble/lib /usr/bin/cmake --install /home/hcoyle444/ros_drone_ws/build/px4_ros_com
