[1.967s] Invoking command in '/home/hcoyle444/ros_drone_ws/src/drone_control': CMAKE_PREFIX_PATH=/home/hcoyle444/ros_drone_ws/install/px4_msgs:/home/hcoyle444/ros_drone_ws/install/px4_ros_com LD_LIBRARY_PATH=/home/hcoyle444/ros_drone_ws/install/px4_msgs/lib:/home/hcoyle444/ros_drone_ws/install/px4_ros_com/lib:/opt/ros/humble/opt/rviz_ogre_vendor/lib:/opt/ros/humble/lib/x86_64-linux-gnu:/opt/ros/humble/lib PYTHONPATH=/home/hcoyle444/ros_drone_ws/build/drone_control/prefix_override:/home/hcoyle444/ros_drone_ws/install/drone_control/lib/python3.10/site-packages:${PYTHONPATH} /usr/bin/python3 setup.py egg_info --egg-base ../../build/drone_control build --build-base /home/hcoyle444/ros_drone_ws/build/drone_control/build install --record /home/hcoyle444/ros_drone_ws/build/drone_control/install.log --single-version-externally-managed
[2.231s] running egg_info
[2.246s] writing ../../build/drone_control/drone_control.egg-info/PKG-INFO
[2.248s] writing dependency_links to ../../build/drone_control/drone_control.egg-info/dependency_links.txt
[2.249s] writing entry points to ../../build/drone_control/drone_control.egg-info/entry_points.txt
[2.249s] writing requirements to ../../build/drone_control/drone_control.egg-info/requires.txt
[2.249s] writing top-level names to ../../build/drone_control/drone_control.egg-info/top_level.txt
[2.288s] reading manifest file '../../build/drone_control/drone_control.egg-info/SOURCES.txt'
[2.289s] writing manifest file '../../build/drone_control/drone_control.egg-info/SOURCES.txt'
[2.290s] running build
[2.290s] running build_py
[2.291s] copying drone_control/drone_mission.py -> /home/hcoyle444/ros_drone_ws/build/drone_control/build/lib/drone_control
[2.293s] copying drone_control/__init__.py -> /home/hcoyle444/ros_drone_ws/build/drone_control/build/lib/drone_control
[2.294s] copying drone_control/b.py -> /home/hcoyle444/ros_drone_ws/build/drone_control/build/lib/drone_control
[2.294s] running install
[2.296s] /home/hcoyle444/.local/lib/python3.10/site-packages/setuptools/_distutils/cmd.py:66: SetuptoolsDeprecationWarning: setup.py install is deprecated.
[2.296s] !!
[2.296s] 
[2.296s]         ********************************************************************************
[2.296s]         Please avoid running ``setup.py`` directly.
[2.296s]         Instead, use pypa/build, pypa/installer or other
[2.297s]         standards-based tools.
[2.297s] 
[2.297s]         See https://blog.ganssle.io/articles/2021/10/setup-py-deprecated.html for details.
[2.297s]         ********************************************************************************
[2.297s] 
[2.297s] !!
[2.297s]   self.initialize_options()
[2.303s] running install_lib
[2.319s] running install_data
[2.339s] copying resource/drone_control -> /home/hcoyle444/ros_drone_ws/install/drone_control/share/ament_index/resource_index/packages
[2.342s] copying package.xml -> /home/hcoyle444/ros_drone_ws/install/drone_control/share/drone_control
[2.343s] running install_egg_info
[2.366s] removing '/home/hcoyle444/ros_drone_ws/install/drone_control/lib/python3.10/site-packages/drone_control-0.0.0-py3.10.egg-info' (and everything under it)
[2.366s] Copying ../../build/drone_control/drone_control.egg-info to /home/hcoyle444/ros_drone_ws/install/drone_control/lib/python3.10/site-packages/drone_control-0.0.0-py3.10.egg-info
[2.368s] running install_scripts
[2.524s] Installing drone_mission script to /home/hcoyle444/ros_drone_ws/install/drone_control/lib/drone_control
[2.525s] writing list of installed files to '/home/hcoyle444/ros_drone_ws/build/drone_control/install.log'
[2.558s] Invoked command in '/home/hcoyle444/ros_drone_ws/src/drone_control' returned '0': CMAKE_PREFIX_PATH=/home/hcoyle444/ros_drone_ws/install/px4_msgs:/home/hcoyle444/ros_drone_ws/install/px4_ros_com LD_LIBRARY_PATH=/home/hcoyle444/ros_drone_ws/install/px4_msgs/lib:/home/hcoyle444/ros_drone_ws/install/px4_ros_com/lib:/opt/ros/humble/opt/rviz_ogre_vendor/lib:/opt/ros/humble/lib/x86_64-linux-gnu:/opt/ros/humble/lib PYTHONPATH=/home/hcoyle444/ros_drone_ws/build/drone_control/prefix_override:/home/hcoyle444/ros_drone_ws/install/drone_control/lib/python3.10/site-packages:${PYTHONPATH} /usr/bin/python3 setup.py egg_info --egg-base ../../build/drone_control build --build-base /home/hcoyle444/ros_drone_ws/build/drone_control/build install --record /home/hcoyle444/ros_drone_ws/build/drone_control/install.log --single-version-externally-managed
