[1.363s] DEBUG:colcon:Command line arguments: ['/usr/bin/colcon', 'build']
[1.363s] DEBUG:colcon:Parsed command line arguments: Namespace(log_base=None, log_level=None, verb_name='build', build_base='build', install_base='install', merge_install=False, symlink_install=False, test_result_base=None, continue_on_error=False, executor='parallel', parallel_workers=20, event_handlers=None, ignore_user_meta=False, metas=['./colcon.meta'], base_paths=['.'], packages_ignore=None, packages_ignore_regex=None, paths=None, packages_up_to=None, packages_up_to_regex=None, packages_above=None, packages_above_and_dependencies=None, packages_above_depth=None, packages_select_by_dep=None, packages_skip_by_dep=None, packages_skip_up_to=None, packages_select_build_failed=False, packages_skip_build_finished=False, packages_select_test_failures=False, packages_skip_test_passed=False, packages_select=None, packages_skip=None, packages_select_regex=None, packages_skip_regex=None, packages_start=None, packages_end=None, allow_overriding=[], cmake_args=None, cmake_target=None, cmake_target_skip_unavailable=False, cmake_clean_cache=False, cmake_clean_first=False, cmake_force_configure=False, ament_cmake_args=None, catkin_cmake_args=None, catkin_skip_building_tests=False, verb_parser=<colcon_defaults.argument_parser.defaults.DefaultArgumentsDecorator object at 0x7f323942ecb0>, verb_extension=<colcon_core.verb.build.BuildVerb object at 0x7f3239913520>, main=<bound method BuildVerb.main of <colcon_core.verb.build.BuildVerb object at 0x7f3239913520>>)
[1.446s] Level 1:colcon.colcon_core.package_discovery:discover_packages(colcon_meta) check parameters
[1.446s] Level 1:colcon.colcon_core.package_discovery:discover_packages(recursive) check parameters
[1.446s] Level 1:colcon.colcon_core.package_discovery:discover_packages(ignore) check parameters
[1.446s] Level 1:colcon.colcon_core.package_discovery:discover_packages(path) check parameters
[1.446s] Level 1:colcon.colcon_core.package_discovery:discover_packages(colcon_meta) discover
[1.446s] Level 1:colcon.colcon_core.package_discovery:discover_packages(recursive) discover
[1.447s] INFO:colcon.colcon_core.package_discovery:Crawling recursively for packages in '/home/hcoyle444/ros_drone_ws'
[1.447s] Level 1:colcon.colcon_core.package_identification:_identify(.) by extensions ['ignore', 'ignore_ament_install']
[1.447s] Level 1:colcon.colcon_core.package_identification:_identify(.) by extension 'ignore'
[1.447s] Level 1:colcon.colcon_core.package_identification:_identify(.) by extension 'ignore_ament_install'
[1.447s] Level 1:colcon.colcon_core.package_identification:_identify(.) by extensions ['colcon_pkg']
[1.447s] Level 1:colcon.colcon_core.package_identification:_identify(.) by extension 'colcon_pkg'
[1.447s] Level 1:colcon.colcon_core.package_identification:_identify(.) by extensions ['colcon_meta']
[1.447s] Level 1:colcon.colcon_core.package_identification:_identify(.) by extension 'colcon_meta'
[1.447s] Level 1:colcon.colcon_core.package_identification:_identify(.) by extensions ['ros']
[1.447s] Level 1:colcon.colcon_core.package_identification:_identify(.) by extension 'ros'
[1.481s] Level 1:colcon.colcon_core.package_identification:_identify(.) by extensions ['cmake', 'python']
[1.481s] Level 1:colcon.colcon_core.package_identification:_identify(.) by extension 'cmake'
[1.481s] Level 1:colcon.colcon_core.package_identification:_identify(.) by extension 'python'
[1.481s] Level 1:colcon.colcon_core.package_identification:_identify(.) by extensions ['python_setup_py']
[1.481s] Level 1:colcon.colcon_core.package_identification:_identify(.) by extension 'python_setup_py'
[1.481s] Level 1:colcon.colcon_core.package_identification:_identify(build) by extensions ['ignore', 'ignore_ament_install']
[1.482s] Level 1:colcon.colcon_core.package_identification:_identify(build) by extension 'ignore'
[1.482s] Level 1:colcon.colcon_core.package_identification:_identify(build) ignored
[1.482s] Level 1:colcon.colcon_core.package_identification:_identify(install) by extensions ['ignore', 'ignore_ament_install']
[1.482s] Level 1:colcon.colcon_core.package_identification:_identify(install) by extension 'ignore'
[1.482s] Level 1:colcon.colcon_core.package_identification:_identify(install) ignored
[1.482s] Level 1:colcon.colcon_core.package_identification:_identify(log) by extensions ['ignore', 'ignore_ament_install']
[1.482s] Level 1:colcon.colcon_core.package_identification:_identify(log) by extension 'ignore'
[1.482s] Level 1:colcon.colcon_core.package_identification:_identify(log) ignored
[1.482s] Level 1:colcon.colcon_core.package_identification:_identify(src) by extensions ['ignore', 'ignore_ament_install']
[1.482s] Level 1:colcon.colcon_core.package_identification:_identify(src) by extension 'ignore'
[1.483s] Level 1:colcon.colcon_core.package_identification:_identify(src) by extension 'ignore_ament_install'
[1.483s] Level 1:colcon.colcon_core.package_identification:_identify(src) by extensions ['colcon_pkg']
[1.483s] Level 1:colcon.colcon_core.package_identification:_identify(src) by extension 'colcon_pkg'
[1.483s] Level 1:colcon.colcon_core.package_identification:_identify(src) by extensions ['colcon_meta']
[1.483s] Level 1:colcon.colcon_core.package_identification:_identify(src) by extension 'colcon_meta'
[1.483s] Level 1:colcon.colcon_core.package_identification:_identify(src) by extensions ['ros']
[1.483s] Level 1:colcon.colcon_core.package_identification:_identify(src) by extension 'ros'
[1.483s] Level 1:colcon.colcon_core.package_identification:_identify(src) by extensions ['cmake', 'python']
[1.483s] Level 1:colcon.colcon_core.package_identification:_identify(src) by extension 'cmake'
[1.483s] Level 1:colcon.colcon_core.package_identification:_identify(src) by extension 'python'
[1.483s] Level 1:colcon.colcon_core.package_identification:_identify(src) by extensions ['python_setup_py']
[1.483s] Level 1:colcon.colcon_core.package_identification:_identify(src) by extension 'python_setup_py'
[1.483s] Level 1:colcon.colcon_core.package_identification:_identify(src/drone_control) by extensions ['ignore', 'ignore_ament_install']
[1.483s] Level 1:colcon.colcon_core.package_identification:_identify(src/drone_control) by extension 'ignore'
[1.483s] Level 1:colcon.colcon_core.package_identification:_identify(src/drone_control) by extension 'ignore_ament_install'
[1.483s] Level 1:colcon.colcon_core.package_identification:_identify(src/drone_control) by extensions ['colcon_pkg']
[1.483s] Level 1:colcon.colcon_core.package_identification:_identify(src/drone_control) by extension 'colcon_pkg'
[1.483s] Level 1:colcon.colcon_core.package_identification:_identify(src/drone_control) by extensions ['colcon_meta']
[1.483s] Level 1:colcon.colcon_core.package_identification:_identify(src/drone_control) by extension 'colcon_meta'
[1.483s] Level 1:colcon.colcon_core.package_identification:_identify(src/drone_control) by extensions ['ros']
[1.483s] Level 1:colcon.colcon_core.package_identification:_identify(src/drone_control) by extension 'ros'
[1.488s] DEBUG:colcon.colcon_core.package_identification:Package 'src/drone_control' with type 'ros.ament_python' and name 'drone_control'
[1.488s] Level 1:colcon.colcon_core.package_identification:_identify(src/px4_msgs) by extensions ['ignore', 'ignore_ament_install']
[1.488s] Level 1:colcon.colcon_core.package_identification:_identify(src/px4_msgs) by extension 'ignore'
[1.488s] Level 1:colcon.colcon_core.package_identification:_identify(src/px4_msgs) by extension 'ignore_ament_install'
[1.488s] Level 1:colcon.colcon_core.package_identification:_identify(src/px4_msgs) by extensions ['colcon_pkg']
[1.488s] Level 1:colcon.colcon_core.package_identification:_identify(src/px4_msgs) by extension 'colcon_pkg'
[1.488s] Level 1:colcon.colcon_core.package_identification:_identify(src/px4_msgs) by extensions ['colcon_meta']
[1.488s] Level 1:colcon.colcon_core.package_identification:_identify(src/px4_msgs) by extension 'colcon_meta'
[1.488s] Level 1:colcon.colcon_core.package_identification:_identify(src/px4_msgs) by extensions ['ros']
[1.488s] Level 1:colcon.colcon_core.package_identification:_identify(src/px4_msgs) by extension 'ros'
[1.489s] DEBUG:colcon.colcon_core.package_identification:Package 'src/px4_msgs' with type 'ros.ament_cmake' and name 'px4_msgs'
[1.490s] Level 1:colcon.colcon_core.package_identification:_identify(src/px4_ros_com) by extensions ['ignore', 'ignore_ament_install']
[1.490s] Level 1:colcon.colcon_core.package_identification:_identify(src/px4_ros_com) by extension 'ignore'
[1.490s] Level 1:colcon.colcon_core.package_identification:_identify(src/px4_ros_com) by extension 'ignore_ament_install'
[1.490s] Level 1:colcon.colcon_core.package_identification:_identify(src/px4_ros_com) by extensions ['colcon_pkg']
[1.490s] Level 1:colcon.colcon_core.package_identification:_identify(src/px4_ros_com) by extension 'colcon_pkg'
[1.490s] Level 1:colcon.colcon_core.package_identification:_identify(src/px4_ros_com) by extensions ['colcon_meta']
[1.490s] Level 1:colcon.colcon_core.package_identification:_identify(src/px4_ros_com) by extension 'colcon_meta'
[1.490s] Level 1:colcon.colcon_core.package_identification:_identify(src/px4_ros_com) by extensions ['ros']
[1.490s] Level 1:colcon.colcon_core.package_identification:_identify(src/px4_ros_com) by extension 'ros'
[1.492s] DEBUG:colcon.colcon_core.package_identification:Package 'src/px4_ros_com' with type 'ros.ament_cmake' and name 'px4_ros_com'
[1.492s] Level 1:colcon.colcon_core.package_discovery:discover_packages(recursive) using defaults
[1.492s] Level 1:colcon.colcon_core.package_discovery:discover_packages(ignore) discover
[1.492s] Level 1:colcon.colcon_core.package_discovery:discover_packages(ignore) using defaults
[1.492s] Level 1:colcon.colcon_core.package_discovery:discover_packages(path) discover
[1.492s] Level 1:colcon.colcon_core.package_discovery:discover_packages(path) using defaults
[1.607s] Level 1:colcon.colcon_core.package_discovery:discover_packages(prefix_path) check parameters
[1.607s] Level 1:colcon.colcon_core.package_discovery:discover_packages(prefix_path) discover
[1.641s] DEBUG:colcon.colcon_installed_package_information.package_discovery:Found 270 installed packages in /opt/ros/humble
[1.642s] Level 1:colcon.colcon_core.package_discovery:discover_packages(prefix_path) using defaults
[1.737s] Level 5:colcon.colcon_core.verb:set package 'px4_msgs' build argument 'cmake_args' from command line to 'None'
[1.737s] Level 5:colcon.colcon_core.verb:set package 'px4_msgs' build argument 'cmake_target' from command line to 'None'
[1.737s] Level 5:colcon.colcon_core.verb:set package 'px4_msgs' build argument 'cmake_target_skip_unavailable' from command line to 'False'
[1.737s] Level 5:colcon.colcon_core.verb:set package 'px4_msgs' build argument 'cmake_clean_cache' from command line to 'False'
[1.737s] Level 5:colcon.colcon_core.verb:set package 'px4_msgs' build argument 'cmake_clean_first' from command line to 'False'
[1.737s] Level 5:colcon.colcon_core.verb:set package 'px4_msgs' build argument 'cmake_force_configure' from command line to 'False'
[1.737s] Level 5:colcon.colcon_core.verb:set package 'px4_msgs' build argument 'ament_cmake_args' from command line to 'None'
[1.737s] Level 5:colcon.colcon_core.verb:set package 'px4_msgs' build argument 'catkin_cmake_args' from command line to 'None'
[1.737s] Level 5:colcon.colcon_core.verb:set package 'px4_msgs' build argument 'catkin_skip_building_tests' from command line to 'False'
[1.737s] DEBUG:colcon.colcon_core.verb:Building package 'px4_msgs' with the following arguments: {'ament_cmake_args': None, 'build_base': '/home/hcoyle444/ros_drone_ws/build/px4_msgs', 'catkin_cmake_args': None, 'catkin_skip_building_tests': False, 'cmake_args': None, 'cmake_clean_cache': False, 'cmake_clean_first': False, 'cmake_force_configure': False, 'cmake_target': None, 'cmake_target_skip_unavailable': False, 'install_base': '/home/hcoyle444/ros_drone_ws/install/px4_msgs', 'merge_install': False, 'path': '/home/hcoyle444/ros_drone_ws/src/px4_msgs', 'symlink_install': False, 'test_result_base': None}
[1.751s] Level 5:colcon.colcon_core.verb:set package 'drone_control' build argument 'cmake_args' from command line to 'None'
[1.751s] Level 5:colcon.colcon_core.verb:set package 'drone_control' build argument 'cmake_target' from command line to 'None'
[1.751s] Level 5:colcon.colcon_core.verb:set package 'drone_control' build argument 'cmake_target_skip_unavailable' from command line to 'False'
[1.751s] Level 5:colcon.colcon_core.verb:set package 'drone_control' build argument 'cmake_clean_cache' from command line to 'False'
[1.751s] Level 5:colcon.colcon_core.verb:set package 'drone_control' build argument 'cmake_clean_first' from command line to 'False'
[1.751s] Level 5:colcon.colcon_core.verb:set package 'drone_control' build argument 'cmake_force_configure' from command line to 'False'
[1.751s] Level 5:colcon.colcon_core.verb:set package 'drone_control' build argument 'ament_cmake_args' from command line to 'None'
[1.751s] Level 5:colcon.colcon_core.verb:set package 'drone_control' build argument 'catkin_cmake_args' from command line to 'None'
[1.751s] Level 5:colcon.colcon_core.verb:set package 'drone_control' build argument 'catkin_skip_building_tests' from command line to 'False'
[1.751s] DEBUG:colcon.colcon_core.verb:Building package 'drone_control' with the following arguments: {'ament_cmake_args': None, 'build_base': '/home/hcoyle444/ros_drone_ws/build/drone_control', 'catkin_cmake_args': None, 'catkin_skip_building_tests': False, 'cmake_args': None, 'cmake_clean_cache': False, 'cmake_clean_first': False, 'cmake_force_configure': False, 'cmake_target': None, 'cmake_target_skip_unavailable': False, 'install_base': '/home/hcoyle444/ros_drone_ws/install/drone_control', 'merge_install': False, 'path': '/home/hcoyle444/ros_drone_ws/src/drone_control', 'symlink_install': False, 'test_result_base': None}
[1.766s] Level 5:colcon.colcon_core.verb:set package 'px4_ros_com' build argument 'cmake_args' from command line to 'None'
[1.766s] Level 5:colcon.colcon_core.verb:set package 'px4_ros_com' build argument 'cmake_target' from command line to 'None'
[1.766s] Level 5:colcon.colcon_core.verb:set package 'px4_ros_com' build argument 'cmake_target_skip_unavailable' from command line to 'False'
[1.766s] Level 5:colcon.colcon_core.verb:set package 'px4_ros_com' build argument 'cmake_clean_cache' from command line to 'False'
[1.766s] Level 5:colcon.colcon_core.verb:set package 'px4_ros_com' build argument 'cmake_clean_first' from command line to 'False'
[1.766s] Level 5:colcon.colcon_core.verb:set package 'px4_ros_com' build argument 'cmake_force_configure' from command line to 'False'
[1.766s] Level 5:colcon.colcon_core.verb:set package 'px4_ros_com' build argument 'ament_cmake_args' from command line to 'None'
[1.766s] Level 5:colcon.colcon_core.verb:set package 'px4_ros_com' build argument 'catkin_cmake_args' from command line to 'None'
[1.766s] Level 5:colcon.colcon_core.verb:set package 'px4_ros_com' build argument 'catkin_skip_building_tests' from command line to 'False'
[1.766s] DEBUG:colcon.colcon_core.verb:Building package 'px4_ros_com' with the following arguments: {'ament_cmake_args': None, 'build_base': '/home/hcoyle444/ros_drone_ws/build/px4_ros_com', 'catkin_cmake_args': None, 'catkin_skip_building_tests': False, 'cmake_args': None, 'cmake_clean_cache': False, 'cmake_clean_first': False, 'cmake_force_configure': False, 'cmake_target': None, 'cmake_target_skip_unavailable': False, 'install_base': '/home/hcoyle444/ros_drone_ws/install/px4_ros_com', 'merge_install': False, 'path': '/home/hcoyle444/ros_drone_ws/src/px4_ros_com', 'symlink_install': False, 'test_result_base': None}
[1.780s] INFO:colcon.colcon_core.executor:Executing jobs using 'parallel' executor
[1.795s] DEBUG:colcon.colcon_parallel_executor.executor.parallel:run_until_complete
[1.795s] INFO:colcon.colcon_ros.task.ament_cmake.build:Building ROS package in '/home/hcoyle444/ros_drone_ws/src/px4_msgs' with build type 'ament_cmake'
[1.795s] INFO:colcon.colcon_cmake.task.cmake.build:Building CMake package in '/home/hcoyle444/ros_drone_ws/src/px4_msgs'
[1.817s] INFO:colcon.colcon_core.plugin_system:Skipping extension 'colcon_core.shell.bat': Not used on non-Windows systems
[1.817s] INFO:colcon.colcon_core.shell:Skip shell extension 'powershell' for command environment: Not usable outside of PowerShell
[1.817s] DEBUG:colcon.colcon_core.shell:Skip shell extension 'dsv' for command environment
[1.875s] DEBUG:colcon.colcon_core.event_handler.log_command:Invoking command in '/home/hcoyle444/ros_drone_ws/build/px4_msgs': CMAKE_PREFIX_PATH=/opt/ros/humble /usr/bin/cmake --build /home/hcoyle444/ros_drone_ws/build/px4_msgs -- -j20 -l20
[3.273s] DEBUG:colcon.colcon_core.event_handler.log_command:Invoked command in '/home/hcoyle444/ros_drone_ws/build/px4_msgs' returned '0': CMAKE_PREFIX_PATH=/opt/ros/humble /usr/bin/cmake --build /home/hcoyle444/ros_drone_ws/build/px4_msgs -- -j20 -l20
[9.020s] DEBUG:colcon.colcon_core.event_handler.log_command:Invoking command in '/home/hcoyle444/ros_drone_ws/build/px4_msgs': CMAKE_PREFIX_PATH=/opt/ros/humble /usr/bin/cmake --install /home/hcoyle444/ros_drone_ws/build/px4_msgs
[9.534s] Level 1:colcon.colcon_core.environment:create_environment_scripts_only(px4_msgs)
[9.711s] DEBUG:colcon.colcon_core.event_handler.log_command:Invoked command in '/home/hcoyle444/ros_drone_ws/build/px4_msgs' returned '0': CMAKE_PREFIX_PATH=/opt/ros/humble /usr/bin/cmake --install /home/hcoyle444/ros_drone_ws/build/px4_msgs
[9.719s] Level 1:colcon.colcon_core.environment:checking '/home/hcoyle444/ros_drone_ws/install/px4_msgs' for CMake module files
[9.720s] Level 1:colcon.colcon_core.environment:checking '/home/hcoyle444/ros_drone_ws/install/px4_msgs' for CMake config files
[9.721s] Level 1:colcon.colcon_core.shell:create_environment_hook('px4_msgs', 'cmake_prefix_path')
[9.735s] INFO:colcon.colcon_core.shell:Creating environment hook '/home/hcoyle444/ros_drone_ws/install/px4_msgs/share/px4_msgs/hook/cmake_prefix_path.ps1'
[9.736s] INFO:colcon.colcon_core.shell:Creating environment descriptor '/home/hcoyle444/ros_drone_ws/install/px4_msgs/share/px4_msgs/hook/cmake_prefix_path.dsv'
[9.736s] INFO:colcon.colcon_core.shell:Creating environment hook '/home/hcoyle444/ros_drone_ws/install/px4_msgs/share/px4_msgs/hook/cmake_prefix_path.sh'
[9.737s] Level 1:colcon.colcon_core.environment:checking '/home/hcoyle444/ros_drone_ws/install/px4_msgs/lib'
[9.737s] Level 1:colcon.colcon_core.shell:create_environment_hook('px4_msgs', 'ld_library_path_lib')
[9.753s] INFO:colcon.colcon_core.shell:Creating environment hook '/home/hcoyle444/ros_drone_ws/install/px4_msgs/share/px4_msgs/hook/ld_library_path_lib.ps1'
[9.753s] INFO:colcon.colcon_core.shell:Creating environment descriptor '/home/hcoyle444/ros_drone_ws/install/px4_msgs/share/px4_msgs/hook/ld_library_path_lib.dsv'
[9.754s] INFO:colcon.colcon_core.shell:Creating environment hook '/home/hcoyle444/ros_drone_ws/install/px4_msgs/share/px4_msgs/hook/ld_library_path_lib.sh'
[9.754s] Level 1:colcon.colcon_core.environment:checking '/home/hcoyle444/ros_drone_ws/install/px4_msgs/bin'
[9.755s] Level 1:colcon.colcon_core.environment:checking '/home/hcoyle444/ros_drone_ws/install/px4_msgs/lib/pkgconfig/px4_msgs.pc'
[9.755s] Level 1:colcon.colcon_core.environment:checking '/home/hcoyle444/ros_drone_ws/install/px4_msgs/lib/python3.10/site-packages'
[9.755s] Level 1:colcon.colcon_core.environment:checking '/home/hcoyle444/ros_drone_ws/install/px4_msgs/bin'
[9.769s] INFO:colcon.colcon_core.shell:Creating package script '/home/hcoyle444/ros_drone_ws/install/px4_msgs/share/px4_msgs/package.ps1'
[9.772s] INFO:colcon.colcon_core.shell:Creating package descriptor '/home/hcoyle444/ros_drone_ws/install/px4_msgs/share/px4_msgs/package.dsv'
[9.772s] INFO:colcon.colcon_core.shell:Creating package script '/home/hcoyle444/ros_drone_ws/install/px4_msgs/share/px4_msgs/package.sh'
[9.773s] INFO:colcon.colcon_core.shell:Creating package script '/home/hcoyle444/ros_drone_ws/install/px4_msgs/share/px4_msgs/package.bash'
[9.774s] INFO:colcon.colcon_core.shell:Creating package script '/home/hcoyle444/ros_drone_ws/install/px4_msgs/share/px4_msgs/package.zsh'
[9.775s] Level 1:colcon.colcon_core.environment:create_file_with_runtime_dependencies(/home/hcoyle444/ros_drone_ws/install/px4_msgs/share/colcon-core/packages/px4_msgs)
[15.639s] Level 1:colcon.colcon_core.environment:create_environment_scripts_only(px4_msgs)
[15.653s] Level 1:colcon.colcon_core.environment:checking '/home/hcoyle444/ros_drone_ws/install/px4_msgs' for CMake module files
[15.654s] Level 1:colcon.colcon_core.environment:checking '/home/hcoyle444/ros_drone_ws/install/px4_msgs' for CMake config files
[15.654s] Level 1:colcon.colcon_core.shell:create_environment_hook('px4_msgs', 'cmake_prefix_path')
[15.667s] INFO:colcon.colcon_core.shell:Creating environment hook '/home/hcoyle444/ros_drone_ws/install/px4_msgs/share/px4_msgs/hook/cmake_prefix_path.ps1'
[15.668s] INFO:colcon.colcon_core.shell:Creating environment descriptor '/home/hcoyle444/ros_drone_ws/install/px4_msgs/share/px4_msgs/hook/cmake_prefix_path.dsv'
[15.668s] INFO:colcon.colcon_core.shell:Creating environment hook '/home/hcoyle444/ros_drone_ws/install/px4_msgs/share/px4_msgs/hook/cmake_prefix_path.sh'
[15.669s] Level 1:colcon.colcon_core.environment:checking '/home/hcoyle444/ros_drone_ws/install/px4_msgs/lib'
[15.669s] Level 1:colcon.colcon_core.shell:create_environment_hook('px4_msgs', 'ld_library_path_lib')
[15.687s] INFO:colcon.colcon_core.shell:Creating environment hook '/home/hcoyle444/ros_drone_ws/install/px4_msgs/share/px4_msgs/hook/ld_library_path_lib.ps1'
[15.688s] INFO:colcon.colcon_core.shell:Creating environment descriptor '/home/hcoyle444/ros_drone_ws/install/px4_msgs/share/px4_msgs/hook/ld_library_path_lib.dsv'
[15.688s] INFO:colcon.colcon_core.shell:Creating environment hook '/home/hcoyle444/ros_drone_ws/install/px4_msgs/share/px4_msgs/hook/ld_library_path_lib.sh'
[15.689s] Level 1:colcon.colcon_core.environment:checking '/home/hcoyle444/ros_drone_ws/install/px4_msgs/bin'
[15.689s] Level 1:colcon.colcon_core.environment:checking '/home/hcoyle444/ros_drone_ws/install/px4_msgs/lib/pkgconfig/px4_msgs.pc'
[15.689s] Level 1:colcon.colcon_core.environment:checking '/home/hcoyle444/ros_drone_ws/install/px4_msgs/lib/python3.10/site-packages'
[15.689s] Level 1:colcon.colcon_core.environment:checking '/home/hcoyle444/ros_drone_ws/install/px4_msgs/bin'
[15.705s] INFO:colcon.colcon_core.shell:Creating package script '/home/hcoyle444/ros_drone_ws/install/px4_msgs/share/px4_msgs/package.ps1'
[15.706s] INFO:colcon.colcon_core.shell:Creating package descriptor '/home/hcoyle444/ros_drone_ws/install/px4_msgs/share/px4_msgs/package.dsv'
[15.707s] INFO:colcon.colcon_core.shell:Creating package script '/home/hcoyle444/ros_drone_ws/install/px4_msgs/share/px4_msgs/package.sh'
[15.707s] INFO:colcon.colcon_core.shell:Creating package script '/home/hcoyle444/ros_drone_ws/install/px4_msgs/share/px4_msgs/package.bash'
[15.707s] INFO:colcon.colcon_core.shell:Creating package script '/home/hcoyle444/ros_drone_ws/install/px4_msgs/share/px4_msgs/package.zsh'
[15.708s] Level 1:colcon.colcon_core.environment:create_file_with_runtime_dependencies(/home/hcoyle444/ros_drone_ws/install/px4_msgs/share/colcon-core/packages/px4_msgs)
[15.708s] INFO:colcon.colcon_ros.task.ament_python.build:Building ROS package in '/home/hcoyle444/ros_drone_ws/src/drone_control' with build type 'ament_python'
[15.708s] Level 1:colcon.colcon_core.shell:create_environment_hook('drone_control', 'ament_prefix_path')
[15.729s] INFO:colcon.colcon_core.shell:Creating environment hook '/home/hcoyle444/ros_drone_ws/install/drone_control/share/drone_control/hook/ament_prefix_path.ps1'
[15.730s] INFO:colcon.colcon_core.shell:Creating environment descriptor '/home/hcoyle444/ros_drone_ws/install/drone_control/share/drone_control/hook/ament_prefix_path.dsv'
[15.730s] INFO:colcon.colcon_core.shell:Creating environment hook '/home/hcoyle444/ros_drone_ws/install/drone_control/share/drone_control/hook/ament_prefix_path.sh'
[15.746s] INFO:colcon.colcon_core.shell:Skip shell extension 'powershell' for command environment: Not usable outside of PowerShell
[15.746s] DEBUG:colcon.colcon_core.shell:Skip shell extension 'dsv' for command environment
[15.777s] INFO:colcon.colcon_ros.task.ament_cmake.build:Building ROS package in '/home/hcoyle444/ros_drone_ws/src/px4_ros_com' with build type 'ament_cmake'
[15.777s] INFO:colcon.colcon_cmake.task.cmake.build:Building CMake package in '/home/hcoyle444/ros_drone_ws/src/px4_ros_com'
[15.794s] INFO:colcon.colcon_core.shell:Skip shell extension 'powershell' for command environment: Not usable outside of PowerShell
[15.794s] DEBUG:colcon.colcon_core.shell:Skip shell extension 'dsv' for command environment
[16.382s] INFO:colcon.colcon_core.task.python.build:Building Python package in '/home/hcoyle444/ros_drone_ws/src/drone_control'
[16.398s] INFO:colcon.colcon_core.shell:Skip shell extension 'powershell' for command environment: Not usable outside of PowerShell
[16.398s] DEBUG:colcon.colcon_core.shell:Skip shell extension 'dsv' for command environment
[16.437s] DEBUG:colcon.colcon_core.event_handler.log_command:Invoking command in '/home/hcoyle444/ros_drone_ws/build/px4_ros_com': AMENT_PREFIX_PATH=/home/hcoyle444/ros_drone_ws/install/px4_msgs:${AMENT_PREFIX_PATH} CMAKE_PREFIX_PATH=/home/hcoyle444/ros_drone_ws/install/px4_msgs:/opt/ros/humble LD_LIBRARY_PATH=/home/hcoyle444/ros_drone_ws/install/px4_msgs/lib:${LD_LIBRARY_PATH} PYTHONPATH=/home/hcoyle444/ros_drone_ws/install/px4_msgs/local/lib/python3.10/dist-packages:${PYTHONPATH} /usr/bin/cmake --build /home/hcoyle444/ros_drone_ws/build/px4_ros_com -- -j20 -l20
[16.895s] DEBUG:colcon.colcon_core.event_handler.log_command:Invoked command in '/home/hcoyle444/ros_drone_ws/build/px4_ros_com' returned '0': AMENT_PREFIX_PATH=/home/hcoyle444/ros_drone_ws/install/px4_msgs:${AMENT_PREFIX_PATH} CMAKE_PREFIX_PATH=/home/hcoyle444/ros_drone_ws/install/px4_msgs:/opt/ros/humble LD_LIBRARY_PATH=/home/hcoyle444/ros_drone_ws/install/px4_msgs/lib:${LD_LIBRARY_PATH} PYTHONPATH=/home/hcoyle444/ros_drone_ws/install/px4_msgs/local/lib/python3.10/dist-packages:${PYTHONPATH} /usr/bin/cmake --build /home/hcoyle444/ros_drone_ws/build/px4_ros_com -- -j20 -l20
[16.949s] DEBUG:colcon.colcon_core.event_handler.log_command:Invoking command in '/home/hcoyle444/ros_drone_ws/build/px4_ros_com': AMENT_PREFIX_PATH=/home/hcoyle444/ros_drone_ws/install/px4_msgs:${AMENT_PREFIX_PATH} CMAKE_PREFIX_PATH=/home/hcoyle444/ros_drone_ws/install/px4_msgs:/opt/ros/humble LD_LIBRARY_PATH=/home/hcoyle444/ros_drone_ws/install/px4_msgs/lib:${LD_LIBRARY_PATH} PYTHONPATH=/home/hcoyle444/ros_drone_ws/install/px4_msgs/local/lib/python3.10/dist-packages:${PYTHONPATH} /usr/bin/cmake --install /home/hcoyle444/ros_drone_ws/build/px4_ros_com
[17.021s] Level 1:colcon.colcon_core.environment:create_environment_scripts_only(px4_ros_com)
[17.024s] DEBUG:colcon.colcon_core.event_handler.log_command:Invoked command in '/home/hcoyle444/ros_drone_ws/build/px4_ros_com' returned '0': AMENT_PREFIX_PATH=/home/hcoyle444/ros_drone_ws/install/px4_msgs:${AMENT_PREFIX_PATH} CMAKE_PREFIX_PATH=/home/hcoyle444/ros_drone_ws/install/px4_msgs:/opt/ros/humble LD_LIBRARY_PATH=/home/hcoyle444/ros_drone_ws/install/px4_msgs/lib:${LD_LIBRARY_PATH} PYTHONPATH=/home/hcoyle444/ros_drone_ws/install/px4_msgs/local/lib/python3.10/dist-packages:${PYTHONPATH} /usr/bin/cmake --install /home/hcoyle444/ros_drone_ws/build/px4_ros_com
[17.037s] Level 1:colcon.colcon_core.environment:checking '/home/hcoyle444/ros_drone_ws/install/px4_ros_com' for CMake module files
[17.038s] Level 1:colcon.colcon_core.environment:checking '/home/hcoyle444/ros_drone_ws/install/px4_ros_com' for CMake config files
[17.039s] Level 1:colcon.colcon_core.shell:create_environment_hook('px4_ros_com', 'cmake_prefix_path')
[17.053s] INFO:colcon.colcon_core.shell:Creating environment hook '/home/hcoyle444/ros_drone_ws/install/px4_ros_com/share/px4_ros_com/hook/cmake_prefix_path.ps1'
[17.054s] INFO:colcon.colcon_core.shell:Creating environment descriptor '/home/hcoyle444/ros_drone_ws/install/px4_ros_com/share/px4_ros_com/hook/cmake_prefix_path.dsv'
[17.054s] INFO:colcon.colcon_core.shell:Creating environment hook '/home/hcoyle444/ros_drone_ws/install/px4_ros_com/share/px4_ros_com/hook/cmake_prefix_path.sh'
[17.055s] Level 1:colcon.colcon_core.environment:checking '/home/hcoyle444/ros_drone_ws/install/px4_ros_com/lib'
[17.055s] Level 1:colcon.colcon_core.shell:create_environment_hook('px4_ros_com', 'ld_library_path_lib')
[17.070s] INFO:colcon.colcon_core.shell:Creating environment hook '/home/hcoyle444/ros_drone_ws/install/px4_ros_com/share/px4_ros_com/hook/ld_library_path_lib.ps1'
[17.070s] INFO:colcon.colcon_core.shell:Creating environment descriptor '/home/hcoyle444/ros_drone_ws/install/px4_ros_com/share/px4_ros_com/hook/ld_library_path_lib.dsv'
[17.071s] INFO:colcon.colcon_core.shell:Creating environment hook '/home/hcoyle444/ros_drone_ws/install/px4_ros_com/share/px4_ros_com/hook/ld_library_path_lib.sh'
[17.071s] Level 1:colcon.colcon_core.environment:checking '/home/hcoyle444/ros_drone_ws/install/px4_ros_com/bin'
[17.071s] Level 1:colcon.colcon_core.environment:checking '/home/hcoyle444/ros_drone_ws/install/px4_ros_com/lib/pkgconfig/px4_ros_com.pc'
[17.072s] Level 1:colcon.colcon_core.environment:checking '/home/hcoyle444/ros_drone_ws/install/px4_ros_com/lib/python3.10/site-packages'
[17.072s] Level 1:colcon.colcon_core.environment:checking '/home/hcoyle444/ros_drone_ws/install/px4_ros_com/bin'
[17.087s] INFO:colcon.colcon_core.shell:Creating package script '/home/hcoyle444/ros_drone_ws/install/px4_ros_com/share/px4_ros_com/package.ps1'
[17.088s] INFO:colcon.colcon_core.shell:Creating package descriptor '/home/hcoyle444/ros_drone_ws/install/px4_ros_com/share/px4_ros_com/package.dsv'
[17.088s] INFO:colcon.colcon_core.shell:Creating package script '/home/hcoyle444/ros_drone_ws/install/px4_ros_com/share/px4_ros_com/package.sh'
[17.089s] INFO:colcon.colcon_core.shell:Creating package script '/home/hcoyle444/ros_drone_ws/install/px4_ros_com/share/px4_ros_com/package.bash'
[17.090s] INFO:colcon.colcon_core.shell:Creating package script '/home/hcoyle444/ros_drone_ws/install/px4_ros_com/share/px4_ros_com/package.zsh'
[17.091s] Level 1:colcon.colcon_core.environment:create_file_with_runtime_dependencies(/home/hcoyle444/ros_drone_ws/install/px4_ros_com/share/colcon-core/packages/px4_ros_com)
[17.155s] Level 1:colcon.colcon_core.environment:create_environment_scripts_only(px4_ros_com)
[17.170s] Level 1:colcon.colcon_core.environment:checking '/home/hcoyle444/ros_drone_ws/install/px4_ros_com' for CMake module files
[17.170s] Level 1:colcon.colcon_core.environment:checking '/home/hcoyle444/ros_drone_ws/install/px4_ros_com' for CMake config files
[17.171s] Level 1:colcon.colcon_core.shell:create_environment_hook('px4_ros_com', 'cmake_prefix_path')
[17.193s] INFO:colcon.colcon_core.shell:Creating environment hook '/home/hcoyle444/ros_drone_ws/install/px4_ros_com/share/px4_ros_com/hook/cmake_prefix_path.ps1'
[17.193s] INFO:colcon.colcon_core.shell:Creating environment descriptor '/home/hcoyle444/ros_drone_ws/install/px4_ros_com/share/px4_ros_com/hook/cmake_prefix_path.dsv'
[17.194s] INFO:colcon.colcon_core.shell:Creating environment hook '/home/hcoyle444/ros_drone_ws/install/px4_ros_com/share/px4_ros_com/hook/cmake_prefix_path.sh'
[17.194s] Level 1:colcon.colcon_core.environment:checking '/home/hcoyle444/ros_drone_ws/install/px4_ros_com/lib'
[17.194s] Level 1:colcon.colcon_core.shell:create_environment_hook('px4_ros_com', 'ld_library_path_lib')
[17.214s] INFO:colcon.colcon_core.shell:Creating environment hook '/home/hcoyle444/ros_drone_ws/install/px4_ros_com/share/px4_ros_com/hook/ld_library_path_lib.ps1'
[17.215s] INFO:colcon.colcon_core.shell:Creating environment descriptor '/home/hcoyle444/ros_drone_ws/install/px4_ros_com/share/px4_ros_com/hook/ld_library_path_lib.dsv'
[17.215s] INFO:colcon.colcon_core.shell:Creating environment hook '/home/hcoyle444/ros_drone_ws/install/px4_ros_com/share/px4_ros_com/hook/ld_library_path_lib.sh'
[17.215s] Level 1:colcon.colcon_core.environment:checking '/home/hcoyle444/ros_drone_ws/install/px4_ros_com/bin'
[17.215s] Level 1:colcon.colcon_core.environment:checking '/home/hcoyle444/ros_drone_ws/install/px4_ros_com/lib/pkgconfig/px4_ros_com.pc'
[17.216s] Level 1:colcon.colcon_core.environment:checking '/home/hcoyle444/ros_drone_ws/install/px4_ros_com/lib/python3.10/site-packages'
[17.216s] Level 1:colcon.colcon_core.environment:checking '/home/hcoyle444/ros_drone_ws/install/px4_ros_com/bin'
[17.231s] INFO:colcon.colcon_core.shell:Creating package script '/home/hcoyle444/ros_drone_ws/install/px4_ros_com/share/px4_ros_com/package.ps1'
[17.231s] INFO:colcon.colcon_core.shell:Creating package descriptor '/home/hcoyle444/ros_drone_ws/install/px4_ros_com/share/px4_ros_com/package.dsv'
[17.232s] INFO:colcon.colcon_core.shell:Creating package script '/home/hcoyle444/ros_drone_ws/install/px4_ros_com/share/px4_ros_com/package.sh'
[17.232s] INFO:colcon.colcon_core.shell:Creating package script '/home/hcoyle444/ros_drone_ws/install/px4_ros_com/share/px4_ros_com/package.bash'
[17.233s] INFO:colcon.colcon_core.shell:Creating package script '/home/hcoyle444/ros_drone_ws/install/px4_ros_com/share/px4_ros_com/package.zsh'
[17.233s] Level 1:colcon.colcon_core.environment:create_file_with_runtime_dependencies(/home/hcoyle444/ros_drone_ws/install/px4_ros_com/share/colcon-core/packages/px4_ros_com)
[17.430s] DEBUG:colcon.colcon_core.event_handler.log_command:Invoking command in '/home/hcoyle444/ros_drone_ws/src/drone_control': AMENT_PREFIX_PATH=/home/hcoyle444/ros_drone_ws/install/px4_msgs:${AMENT_PREFIX_PATH} CMAKE_PREFIX_PATH=/home/hcoyle444/ros_drone_ws/install/px4_msgs LD_LIBRARY_PATH=/home/hcoyle444/ros_drone_ws/install/px4_msgs/lib:${LD_LIBRARY_PATH} PYTHONPATH=/home/hcoyle444/ros_drone_ws/build/drone_control/prefix_override:/home/hcoyle444/ros_drone_ws/install/drone_control/lib/python3.10/site-packages:/home/hcoyle444/ros_drone_ws/install/px4_msgs/local/lib/python3.10/dist-packages:${PYTHONPATH} /usr/bin/python3 setup.py egg_info --egg-base ../../build/drone_control build --build-base /home/hcoyle444/ros_drone_ws/build/drone_control/build install --record /home/hcoyle444/ros_drone_ws/build/drone_control/install.log --single-version-externally-managed
[17.938s] DEBUG:colcon.colcon_core.event_handler.log_command:Invoked command in '/home/hcoyle444/ros_drone_ws/src/drone_control' returned '0': AMENT_PREFIX_PATH=/home/hcoyle444/ros_drone_ws/install/px4_msgs:${AMENT_PREFIX_PATH} CMAKE_PREFIX_PATH=/home/hcoyle444/ros_drone_ws/install/px4_msgs LD_LIBRARY_PATH=/home/hcoyle444/ros_drone_ws/install/px4_msgs/lib:${LD_LIBRARY_PATH} PYTHONPATH=/home/hcoyle444/ros_drone_ws/build/drone_control/prefix_override:/home/hcoyle444/ros_drone_ws/install/drone_control/lib/python3.10/site-packages:/home/hcoyle444/ros_drone_ws/install/px4_msgs/local/lib/python3.10/dist-packages:${PYTHONPATH} /usr/bin/python3 setup.py egg_info --egg-base ../../build/drone_control build --build-base /home/hcoyle444/ros_drone_ws/build/drone_control/build install --record /home/hcoyle444/ros_drone_ws/build/drone_control/install.log --single-version-externally-managed
[17.954s] Level 1:colcon.colcon_core.environment:checking '/home/hcoyle444/ros_drone_ws/install/drone_control' for CMake module files
[17.954s] Level 1:colcon.colcon_core.environment:checking '/home/hcoyle444/ros_drone_ws/install/drone_control' for CMake config files
[17.955s] Level 1:colcon.colcon_core.environment:checking '/home/hcoyle444/ros_drone_ws/install/drone_control/lib'
[17.955s] Level 1:colcon.colcon_core.environment:checking '/home/hcoyle444/ros_drone_ws/install/drone_control/bin'
[17.956s] Level 1:colcon.colcon_core.environment:checking '/home/hcoyle444/ros_drone_ws/install/drone_control/lib/pkgconfig/drone_control.pc'
[17.956s] Level 1:colcon.colcon_core.environment:checking '/home/hcoyle444/ros_drone_ws/install/drone_control/lib/python3.10/site-packages'
[17.956s] Level 1:colcon.colcon_core.shell:create_environment_hook('drone_control', 'pythonpath')
[17.974s] INFO:colcon.colcon_core.shell:Creating environment hook '/home/hcoyle444/ros_drone_ws/install/drone_control/share/drone_control/hook/pythonpath.ps1'
[17.974s] INFO:colcon.colcon_core.shell:Creating environment descriptor '/home/hcoyle444/ros_drone_ws/install/drone_control/share/drone_control/hook/pythonpath.dsv'
[17.975s] INFO:colcon.colcon_core.shell:Creating environment hook '/home/hcoyle444/ros_drone_ws/install/drone_control/share/drone_control/hook/pythonpath.sh'
[17.976s] Level 1:colcon.colcon_core.environment:checking '/home/hcoyle444/ros_drone_ws/install/drone_control/bin'
[17.976s] Level 1:colcon.colcon_core.environment:create_environment_scripts_only(drone_control)
[17.993s] INFO:colcon.colcon_core.shell:Creating package script '/home/hcoyle444/ros_drone_ws/install/drone_control/share/drone_control/package.ps1'
[17.994s] INFO:colcon.colcon_core.shell:Creating package descriptor '/home/hcoyle444/ros_drone_ws/install/drone_control/share/drone_control/package.dsv'
[17.994s] INFO:colcon.colcon_core.shell:Creating package script '/home/hcoyle444/ros_drone_ws/install/drone_control/share/drone_control/package.sh'
[17.995s] INFO:colcon.colcon_core.shell:Creating package script '/home/hcoyle444/ros_drone_ws/install/drone_control/share/drone_control/package.bash'
[17.996s] INFO:colcon.colcon_core.shell:Creating package script '/home/hcoyle444/ros_drone_ws/install/drone_control/share/drone_control/package.zsh'
[17.996s] Level 1:colcon.colcon_core.environment:create_file_with_runtime_dependencies(/home/hcoyle444/ros_drone_ws/install/drone_control/share/colcon-core/packages/drone_control)
[17.997s] DEBUG:colcon.colcon_parallel_executor.executor.parallel:closing loop
[17.997s] DEBUG:colcon.colcon_parallel_executor.executor.parallel:loop closed
[17.997s] DEBUG:colcon.colcon_parallel_executor.executor.parallel:run_until_complete finished with '0'
[17.998s] DEBUG:colcon.colcon_core.event_reactor:joining thread
[18.190s] INFO:colcon.colcon_core.plugin_system:Skipping extension 'colcon_notification.desktop_notification.notify_send': Could not find 'notify-send'
[18.191s] INFO:colcon.colcon_core.plugin_system:Skipping extension 'colcon_notification.desktop_notification.terminal_notifier': Not used on non-Darwin systems
[18.191s] INFO:colcon.colcon_core.plugin_system:Skipping extension 'colcon_notification.desktop_notification.win32': Not used on non-Windows systems
[18.191s] INFO:colcon.colcon_notification.desktop_notification:Sending desktop notification using 'notify2'
[18.191s] DEBUG:colcon.colcon_notification.desktop_notification.notify2:Failed to initialize notify2: org.freedesktop.DBus.Error.FileNotFound: Failed to connect to socket /run/user/1000/bus: No such file or directory
[18.192s] DEBUG:colcon.colcon_core.event_reactor:joined thread
[18.206s] INFO:colcon.colcon_core.shell:Creating prefix script '/home/hcoyle444/ros_drone_ws/install/local_setup.ps1'
[18.208s] INFO:colcon.colcon_core.shell:Creating prefix util module '/home/hcoyle444/ros_drone_ws/install/_local_setup_util_ps1.py'
[18.209s] INFO:colcon.colcon_core.shell:Creating prefix chain script '/home/hcoyle444/ros_drone_ws/install/setup.ps1'
[18.224s] INFO:colcon.colcon_core.shell:Creating prefix script '/home/hcoyle444/ros_drone_ws/install/local_setup.sh'
[18.225s] INFO:colcon.colcon_core.shell:Creating prefix util module '/home/hcoyle444/ros_drone_ws/install/_local_setup_util_sh.py'
[18.226s] INFO:colcon.colcon_core.shell:Creating prefix chain script '/home/hcoyle444/ros_drone_ws/install/setup.sh'
[18.244s] INFO:colcon.colcon_core.shell:Creating prefix script '/home/hcoyle444/ros_drone_ws/install/local_setup.bash'
[18.246s] INFO:colcon.colcon_core.shell:Creating prefix chain script '/home/hcoyle444/ros_drone_ws/install/setup.bash'
[18.265s] INFO:colcon.colcon_core.shell:Creating prefix script '/home/hcoyle444/ros_drone_ws/install/local_setup.zsh'
[18.265s] INFO:colcon.colcon_core.shell:Creating prefix chain script '/home/hcoyle444/ros_drone_ws/install/setup.zsh'
