[0.660s] DEBUG:colcon:Command line arguments: ['/usr/bin/colcon', 'build']
[0.660s] DEBUG:colcon:Parsed command line arguments: Namespace(log_base=None, log_level=None, verb_name='build', build_base='build', install_base='install', merge_install=False, symlink_install=False, test_result_base=None, continue_on_error=False, executor='parallel', parallel_workers=20, event_handlers=None, ignore_user_meta=False, metas=['./colcon.meta'], base_paths=['.'], packages_ignore=None, packages_ignore_regex=None, paths=None, packages_up_to=None, packages_up_to_regex=None, packages_above=None, packages_above_and_dependencies=None, packages_above_depth=None, packages_select_by_dep=None, packages_skip_by_dep=None, packages_skip_up_to=None, packages_select_build_failed=False, packages_skip_build_finished=False, packages_select_test_failures=False, packages_skip_test_passed=False, packages_select=None, packages_skip=None, packages_select_regex=None, packages_skip_regex=None, packages_start=None, packages_end=None, allow_overriding=[], cmake_args=None, cmake_target=None, cmake_target_skip_unavailable=False, cmake_clean_cache=False, cmake_clean_first=False, cmake_force_configure=False, ament_cmake_args=None, catkin_cmake_args=None, catkin_skip_building_tests=False, verb_parser=<colcon_defaults.argument_parser.defaults.DefaultArgumentsDecorator object at 0x7f8265b4dc00>, verb_extension=<colcon_core.verb.build.BuildVerb object at 0x7f8265f336a0>, main=<bound method BuildVerb.main of <colcon_core.verb.build.BuildVerb object at 0x7f8265f336a0>>)
[0.692s] Level 1:colcon.colcon_core.package_discovery:discover_packages(colcon_meta) check parameters
[0.692s] Level 1:colcon.colcon_core.package_discovery:discover_packages(recursive) check parameters
[0.692s] Level 1:colcon.colcon_core.package_discovery:discover_packages(ignore) check parameters
[0.692s] Level 1:colcon.colcon_core.package_discovery:discover_packages(path) check parameters
[0.692s] Level 1:colcon.colcon_core.package_discovery:discover_packages(colcon_meta) discover
[0.692s] Level 1:colcon.colcon_core.package_discovery:discover_packages(recursive) discover
[0.692s] INFO:colcon.colcon_core.package_discovery:Crawling recursively for packages in '/home/hcoyle444/ros_drone_ws'
[0.692s] Level 1:colcon.colcon_core.package_identification:_identify(.) by extensions ['ignore', 'ignore_ament_install']
[0.692s] Level 1:colcon.colcon_core.package_identification:_identify(.) by extension 'ignore'
[0.692s] Level 1:colcon.colcon_core.package_identification:_identify(.) by extension 'ignore_ament_install'
[0.692s] Level 1:colcon.colcon_core.package_identification:_identify(.) by extensions ['colcon_pkg']
[0.692s] Level 1:colcon.colcon_core.package_identification:_identify(.) by extension 'colcon_pkg'
[0.692s] Level 1:colcon.colcon_core.package_identification:_identify(.) by extensions ['colcon_meta']
[0.692s] Level 1:colcon.colcon_core.package_identification:_identify(.) by extension 'colcon_meta'
[0.692s] Level 1:colcon.colcon_core.package_identification:_identify(.) by extensions ['ros']
[0.692s] Level 1:colcon.colcon_core.package_identification:_identify(.) by extension 'ros'
[0.702s] Level 1:colcon.colcon_core.package_identification:_identify(.) by extensions ['cmake', 'python']
[0.702s] Level 1:colcon.colcon_core.package_identification:_identify(.) by extension 'cmake'
[0.702s] Level 1:colcon.colcon_core.package_identification:_identify(.) by extension 'python'
[0.702s] Level 1:colcon.colcon_core.package_identification:_identify(.) by extensions ['python_setup_py']
[0.702s] Level 1:colcon.colcon_core.package_identification:_identify(.) by extension 'python_setup_py'
[0.702s] Level 1:colcon.colcon_core.package_identification:_identify(build) by extensions ['ignore', 'ignore_ament_install']
[0.702s] Level 1:colcon.colcon_core.package_identification:_identify(build) by extension 'ignore'
[0.702s] Level 1:colcon.colcon_core.package_identification:_identify(build) ignored
[0.702s] Level 1:colcon.colcon_core.package_identification:_identify(install) by extensions ['ignore', 'ignore_ament_install']
[0.702s] Level 1:colcon.colcon_core.package_identification:_identify(install) by extension 'ignore'
[0.702s] Level 1:colcon.colcon_core.package_identification:_identify(install) ignored
[0.702s] Level 1:colcon.colcon_core.package_identification:_identify(log) by extensions ['ignore', 'ignore_ament_install']
[0.702s] Level 1:colcon.colcon_core.package_identification:_identify(log) by extension 'ignore'
[0.702s] Level 1:colcon.colcon_core.package_identification:_identify(log) ignored
[0.702s] Level 1:colcon.colcon_core.package_identification:_identify(src) by extensions ['ignore', 'ignore_ament_install']
[0.702s] Level 1:colcon.colcon_core.package_identification:_identify(src) by extension 'ignore'
[0.702s] Level 1:colcon.colcon_core.package_identification:_identify(src) by extension 'ignore_ament_install'
[0.702s] Level 1:colcon.colcon_core.package_identification:_identify(src) by extensions ['colcon_pkg']
[0.702s] Level 1:colcon.colcon_core.package_identification:_identify(src) by extension 'colcon_pkg'
[0.702s] Level 1:colcon.colcon_core.package_identification:_identify(src) by extensions ['colcon_meta']
[0.702s] Level 1:colcon.colcon_core.package_identification:_identify(src) by extension 'colcon_meta'
[0.702s] Level 1:colcon.colcon_core.package_identification:_identify(src) by extensions ['ros']
[0.702s] Level 1:colcon.colcon_core.package_identification:_identify(src) by extension 'ros'
[0.702s] Level 1:colcon.colcon_core.package_identification:_identify(src) by extensions ['cmake', 'python']
[0.702s] Level 1:colcon.colcon_core.package_identification:_identify(src) by extension 'cmake'
[0.702s] Level 1:colcon.colcon_core.package_identification:_identify(src) by extension 'python'
[0.703s] Level 1:colcon.colcon_core.package_identification:_identify(src) by extensions ['python_setup_py']
[0.703s] Level 1:colcon.colcon_core.package_identification:_identify(src) by extension 'python_setup_py'
[0.703s] Level 1:colcon.colcon_core.package_identification:_identify(src/drone_control) by extensions ['ignore', 'ignore_ament_install']
[0.703s] Level 1:colcon.colcon_core.package_identification:_identify(src/drone_control) by extension 'ignore'
[0.703s] Level 1:colcon.colcon_core.package_identification:_identify(src/drone_control) by extension 'ignore_ament_install'
[0.703s] Level 1:colcon.colcon_core.package_identification:_identify(src/drone_control) by extensions ['colcon_pkg']
[0.703s] Level 1:colcon.colcon_core.package_identification:_identify(src/drone_control) by extension 'colcon_pkg'
[0.703s] Level 1:colcon.colcon_core.package_identification:_identify(src/drone_control) by extensions ['colcon_meta']
[0.703s] Level 1:colcon.colcon_core.package_identification:_identify(src/drone_control) by extension 'colcon_meta'
[0.703s] Level 1:colcon.colcon_core.package_identification:_identify(src/drone_control) by extensions ['ros']
[0.703s] Level 1:colcon.colcon_core.package_identification:_identify(src/drone_control) by extension 'ros'
[0.704s] DEBUG:colcon.colcon_core.package_identification:Package 'src/drone_control' with type 'ros.ament_python' and name 'drone_control'
[0.704s] Level 1:colcon.colcon_core.package_identification:_identify(src/px4_msgs) by extensions ['ignore', 'ignore_ament_install']
[0.705s] Level 1:colcon.colcon_core.package_identification:_identify(src/px4_msgs) by extension 'ignore'
[0.705s] Level 1:colcon.colcon_core.package_identification:_identify(src/px4_msgs) by extension 'ignore_ament_install'
[0.705s] Level 1:colcon.colcon_core.package_identification:_identify(src/px4_msgs) by extensions ['colcon_pkg']
[0.705s] Level 1:colcon.colcon_core.package_identification:_identify(src/px4_msgs) by extension 'colcon_pkg'
[0.705s] Level 1:colcon.colcon_core.package_identification:_identify(src/px4_msgs) by extensions ['colcon_meta']
[0.705s] Level 1:colcon.colcon_core.package_identification:_identify(src/px4_msgs) by extension 'colcon_meta'
[0.705s] Level 1:colcon.colcon_core.package_identification:_identify(src/px4_msgs) by extensions ['ros']
[0.705s] Level 1:colcon.colcon_core.package_identification:_identify(src/px4_msgs) by extension 'ros'
[0.705s] DEBUG:colcon.colcon_core.package_identification:Package 'src/px4_msgs' with type 'ros.ament_cmake' and name 'px4_msgs'
[0.705s] Level 1:colcon.colcon_core.package_identification:_identify(src/px4_ros_com) by extensions ['ignore', 'ignore_ament_install']
[0.705s] Level 1:colcon.colcon_core.package_identification:_identify(src/px4_ros_com) by extension 'ignore'
[0.705s] Level 1:colcon.colcon_core.package_identification:_identify(src/px4_ros_com) by extension 'ignore_ament_install'
[0.705s] Level 1:colcon.colcon_core.package_identification:_identify(src/px4_ros_com) by extensions ['colcon_pkg']
[0.705s] Level 1:colcon.colcon_core.package_identification:_identify(src/px4_ros_com) by extension 'colcon_pkg'
[0.705s] Level 1:colcon.colcon_core.package_identification:_identify(src/px4_ros_com) by extensions ['colcon_meta']
[0.705s] Level 1:colcon.colcon_core.package_identification:_identify(src/px4_ros_com) by extension 'colcon_meta'
[0.705s] Level 1:colcon.colcon_core.package_identification:_identify(src/px4_ros_com) by extensions ['ros']
[0.705s] Level 1:colcon.colcon_core.package_identification:_identify(src/px4_ros_com) by extension 'ros'
[0.706s] DEBUG:colcon.colcon_core.package_identification:Package 'src/px4_ros_com' with type 'ros.ament_cmake' and name 'px4_ros_com'
[0.706s] Level 1:colcon.colcon_core.package_discovery:discover_packages(recursive) using defaults
[0.706s] Level 1:colcon.colcon_core.package_discovery:discover_packages(ignore) discover
[0.706s] Level 1:colcon.colcon_core.package_discovery:discover_packages(ignore) using defaults
[0.706s] Level 1:colcon.colcon_core.package_discovery:discover_packages(path) discover
[0.706s] Level 1:colcon.colcon_core.package_discovery:discover_packages(path) using defaults
[0.754s] Level 1:colcon.colcon_core.package_discovery:discover_packages(prefix_path) check parameters
[0.754s] Level 1:colcon.colcon_core.package_discovery:discover_packages(prefix_path) discover
[0.768s] DEBUG:colcon.colcon_installed_package_information.package_discovery:Found 3 installed packages in /home/hcoyle444/ros_drone_ws/install
[0.776s] DEBUG:colcon.colcon_installed_package_information.package_discovery:Found 270 installed packages in /opt/ros/humble
[0.777s] Level 1:colcon.colcon_core.package_discovery:discover_packages(prefix_path) using defaults
[0.816s] Level 5:colcon.colcon_core.verb:set package 'px4_msgs' build argument 'cmake_args' from command line to 'None'
[0.816s] Level 5:colcon.colcon_core.verb:set package 'px4_msgs' build argument 'cmake_target' from command line to 'None'
[0.816s] Level 5:colcon.colcon_core.verb:set package 'px4_msgs' build argument 'cmake_target_skip_unavailable' from command line to 'False'
[0.816s] Level 5:colcon.colcon_core.verb:set package 'px4_msgs' build argument 'cmake_clean_cache' from command line to 'False'
[0.816s] Level 5:colcon.colcon_core.verb:set package 'px4_msgs' build argument 'cmake_clean_first' from command line to 'False'
[0.816s] Level 5:colcon.colcon_core.verb:set package 'px4_msgs' build argument 'cmake_force_configure' from command line to 'False'
[0.816s] Level 5:colcon.colcon_core.verb:set package 'px4_msgs' build argument 'ament_cmake_args' from command line to 'None'
[0.816s] Level 5:colcon.colcon_core.verb:set package 'px4_msgs' build argument 'catkin_cmake_args' from command line to 'None'
[0.816s] Level 5:colcon.colcon_core.verb:set package 'px4_msgs' build argument 'catkin_skip_building_tests' from command line to 'False'
[0.816s] DEBUG:colcon.colcon_core.verb:Building package 'px4_msgs' with the following arguments: {'ament_cmake_args': None, 'build_base': '/home/hcoyle444/ros_drone_ws/build/px4_msgs', 'catkin_cmake_args': None, 'catkin_skip_building_tests': False, 'cmake_args': None, 'cmake_clean_cache': False, 'cmake_clean_first': False, 'cmake_force_configure': False, 'cmake_target': None, 'cmake_target_skip_unavailable': False, 'install_base': '/home/hcoyle444/ros_drone_ws/install/px4_msgs', 'merge_install': False, 'path': '/home/hcoyle444/ros_drone_ws/src/px4_msgs', 'symlink_install': False, 'test_result_base': None}
[0.823s] Level 5:colcon.colcon_core.verb:set package 'drone_control' build argument 'cmake_args' from command line to 'None'
[0.823s] Level 5:colcon.colcon_core.verb:set package 'drone_control' build argument 'cmake_target' from command line to 'None'
[0.823s] Level 5:colcon.colcon_core.verb:set package 'drone_control' build argument 'cmake_target_skip_unavailable' from command line to 'False'
[0.823s] Level 5:colcon.colcon_core.verb:set package 'drone_control' build argument 'cmake_clean_cache' from command line to 'False'
[0.823s] Level 5:colcon.colcon_core.verb:set package 'drone_control' build argument 'cmake_clean_first' from command line to 'False'
[0.823s] Level 5:colcon.colcon_core.verb:set package 'drone_control' build argument 'cmake_force_configure' from command line to 'False'
[0.823s] Level 5:colcon.colcon_core.verb:set package 'drone_control' build argument 'ament_cmake_args' from command line to 'None'
[0.823s] Level 5:colcon.colcon_core.verb:set package 'drone_control' build argument 'catkin_cmake_args' from command line to 'None'
[0.823s] Level 5:colcon.colcon_core.verb:set package 'drone_control' build argument 'catkin_skip_building_tests' from command line to 'False'
[0.823s] DEBUG:colcon.colcon_core.verb:Building package 'drone_control' with the following arguments: {'ament_cmake_args': None, 'build_base': '/home/hcoyle444/ros_drone_ws/build/drone_control', 'catkin_cmake_args': None, 'catkin_skip_building_tests': False, 'cmake_args': None, 'cmake_clean_cache': False, 'cmake_clean_first': False, 'cmake_force_configure': False, 'cmake_target': None, 'cmake_target_skip_unavailable': False, 'install_base': '/home/hcoyle444/ros_drone_ws/install/drone_control', 'merge_install': False, 'path': '/home/hcoyle444/ros_drone_ws/src/drone_control', 'symlink_install': False, 'test_result_base': None}
[0.830s] Level 5:colcon.colcon_core.verb:set package 'px4_ros_com' build argument 'cmake_args' from command line to 'None'
[0.830s] Level 5:colcon.colcon_core.verb:set package 'px4_ros_com' build argument 'cmake_target' from command line to 'None'
[0.830s] Level 5:colcon.colcon_core.verb:set package 'px4_ros_com' build argument 'cmake_target_skip_unavailable' from command line to 'False'
[0.830s] Level 5:colcon.colcon_core.verb:set package 'px4_ros_com' build argument 'cmake_clean_cache' from command line to 'False'
[0.830s] Level 5:colcon.colcon_core.verb:set package 'px4_ros_com' build argument 'cmake_clean_first' from command line to 'False'
[0.830s] Level 5:colcon.colcon_core.verb:set package 'px4_ros_com' build argument 'cmake_force_configure' from command line to 'False'
[0.830s] Level 5:colcon.colcon_core.verb:set package 'px4_ros_com' build argument 'ament_cmake_args' from command line to 'None'
[0.830s] Level 5:colcon.colcon_core.verb:set package 'px4_ros_com' build argument 'catkin_cmake_args' from command line to 'None'
[0.830s] Level 5:colcon.colcon_core.verb:set package 'px4_ros_com' build argument 'catkin_skip_building_tests' from command line to 'False'
[0.830s] DEBUG:colcon.colcon_core.verb:Building package 'px4_ros_com' with the following arguments: {'ament_cmake_args': None, 'build_base': '/home/hcoyle444/ros_drone_ws/build/px4_ros_com', 'catkin_cmake_args': None, 'catkin_skip_building_tests': False, 'cmake_args': None, 'cmake_clean_cache': False, 'cmake_clean_first': False, 'cmake_force_configure': False, 'cmake_target': None, 'cmake_target_skip_unavailable': False, 'install_base': '/home/hcoyle444/ros_drone_ws/install/px4_ros_com', 'merge_install': False, 'path': '/home/hcoyle444/ros_drone_ws/src/px4_ros_com', 'symlink_install': False, 'test_result_base': None}
[0.837s] INFO:colcon.colcon_core.executor:Executing jobs using 'parallel' executor
[0.845s] DEBUG:colcon.colcon_parallel_executor.executor.parallel:run_until_complete
[0.845s] INFO:colcon.colcon_ros.task.ament_cmake.build:Building ROS package in '/home/hcoyle444/ros_drone_ws/src/px4_msgs' with build type 'ament_cmake'
[0.845s] INFO:colcon.colcon_cmake.task.cmake.build:Building CMake package in '/home/hcoyle444/ros_drone_ws/src/px4_msgs'
[0.861s] INFO:colcon.colcon_core.plugin_system:Skipping extension 'colcon_core.shell.bat': Not used on non-Windows systems
[0.861s] INFO:colcon.colcon_core.shell:Skip shell extension 'powershell' for command environment: Not usable outside of PowerShell
[0.861s] DEBUG:colcon.colcon_core.shell:Skip shell extension 'dsv' for command environment
[0.889s] DEBUG:colcon.colcon_core.event_handler.log_command:Invoking command in '/home/hcoyle444/ros_drone_ws/build/px4_msgs': CMAKE_PREFIX_PATH=${CMAKE_PREFIX_PATH}:/home/hcoyle444/ros_drone_ws/install/drone_control:/opt/ros/humble /usr/bin/cmake --build /home/hcoyle444/ros_drone_ws/build/px4_msgs -- -j20 -l20
[1.431s] DEBUG:colcon.colcon_core.event_handler.log_command:Invoked command in '/home/hcoyle444/ros_drone_ws/build/px4_msgs' returned '0': CMAKE_PREFIX_PATH=${CMAKE_PREFIX_PATH}:/home/hcoyle444/ros_drone_ws/install/drone_control:/opt/ros/humble /usr/bin/cmake --build /home/hcoyle444/ros_drone_ws/build/px4_msgs -- -j20 -l20
[3.827s] DEBUG:colcon.colcon_core.event_handler.log_command:Invoking command in '/home/hcoyle444/ros_drone_ws/build/px4_msgs': CMAKE_PREFIX_PATH=${CMAKE_PREFIX_PATH}:/home/hcoyle444/ros_drone_ws/install/drone_control:/opt/ros/humble /usr/bin/cmake --install /home/hcoyle444/ros_drone_ws/build/px4_msgs
[4.152s] Level 1:colcon.colcon_core.environment:create_environment_scripts_only(px4_msgs)
[4.180s] DEBUG:colcon.colcon_core.event_handler.log_command:Invoked command in '/home/hcoyle444/ros_drone_ws/build/px4_msgs' returned '0': CMAKE_PREFIX_PATH=${CMAKE_PREFIX_PATH}:/home/hcoyle444/ros_drone_ws/install/drone_control:/opt/ros/humble /usr/bin/cmake --install /home/hcoyle444/ros_drone_ws/build/px4_msgs
[4.188s] Level 1:colcon.colcon_core.environment:checking '/home/hcoyle444/ros_drone_ws/install/px4_msgs' for CMake module files
[4.188s] Level 1:colcon.colcon_core.environment:checking '/home/hcoyle444/ros_drone_ws/install/px4_msgs' for CMake config files
[4.189s] Level 1:colcon.colcon_core.shell:create_environment_hook('px4_msgs', 'cmake_prefix_path')
[4.196s] INFO:colcon.colcon_core.shell:Creating environment hook '/home/hcoyle444/ros_drone_ws/install/px4_msgs/share/px4_msgs/hook/cmake_prefix_path.ps1'
[4.196s] INFO:colcon.colcon_core.shell:Creating environment descriptor '/home/hcoyle444/ros_drone_ws/install/px4_msgs/share/px4_msgs/hook/cmake_prefix_path.dsv'
[4.196s] INFO:colcon.colcon_core.shell:Creating environment hook '/home/hcoyle444/ros_drone_ws/install/px4_msgs/share/px4_msgs/hook/cmake_prefix_path.sh'
[4.197s] Level 1:colcon.colcon_core.environment:checking '/home/hcoyle444/ros_drone_ws/install/px4_msgs/lib'
[4.197s] Level 1:colcon.colcon_core.shell:create_environment_hook('px4_msgs', 'ld_library_path_lib')
[4.204s] INFO:colcon.colcon_core.shell:Creating environment hook '/home/hcoyle444/ros_drone_ws/install/px4_msgs/share/px4_msgs/hook/ld_library_path_lib.ps1'
[4.205s] INFO:colcon.colcon_core.shell:Creating environment descriptor '/home/hcoyle444/ros_drone_ws/install/px4_msgs/share/px4_msgs/hook/ld_library_path_lib.dsv'
[4.205s] INFO:colcon.colcon_core.shell:Creating environment hook '/home/hcoyle444/ros_drone_ws/install/px4_msgs/share/px4_msgs/hook/ld_library_path_lib.sh'
[4.205s] Level 1:colcon.colcon_core.environment:checking '/home/hcoyle444/ros_drone_ws/install/px4_msgs/bin'
[4.205s] Level 1:colcon.colcon_core.environment:checking '/home/hcoyle444/ros_drone_ws/install/px4_msgs/lib/pkgconfig/px4_msgs.pc'
[4.205s] Level 1:colcon.colcon_core.environment:checking '/home/hcoyle444/ros_drone_ws/install/px4_msgs/lib/python3.10/site-packages'
[4.205s] Level 1:colcon.colcon_core.environment:checking '/home/hcoyle444/ros_drone_ws/install/px4_msgs/bin'
[4.213s] INFO:colcon.colcon_core.shell:Creating package script '/home/hcoyle444/ros_drone_ws/install/px4_msgs/share/px4_msgs/package.ps1'
[4.213s] INFO:colcon.colcon_core.shell:Creating package descriptor '/home/hcoyle444/ros_drone_ws/install/px4_msgs/share/px4_msgs/package.dsv'
[4.214s] INFO:colcon.colcon_core.shell:Creating package script '/home/hcoyle444/ros_drone_ws/install/px4_msgs/share/px4_msgs/package.sh'
[4.214s] INFO:colcon.colcon_core.shell:Creating package script '/home/hcoyle444/ros_drone_ws/install/px4_msgs/share/px4_msgs/package.bash'
[4.214s] INFO:colcon.colcon_core.shell:Creating package script '/home/hcoyle444/ros_drone_ws/install/px4_msgs/share/px4_msgs/package.zsh'
[4.215s] Level 1:colcon.colcon_core.environment:create_file_with_runtime_dependencies(/home/hcoyle444/ros_drone_ws/install/px4_msgs/share/colcon-core/packages/px4_msgs)
[6.608s] Level 1:colcon.colcon_core.environment:create_environment_scripts_only(px4_msgs)
[6.616s] Level 1:colcon.colcon_core.environment:checking '/home/hcoyle444/ros_drone_ws/install/px4_msgs' for CMake module files
[6.616s] Level 1:colcon.colcon_core.environment:checking '/home/hcoyle444/ros_drone_ws/install/px4_msgs' for CMake config files
[6.616s] Level 1:colcon.colcon_core.shell:create_environment_hook('px4_msgs', 'cmake_prefix_path')
[6.623s] INFO:colcon.colcon_core.shell:Creating environment hook '/home/hcoyle444/ros_drone_ws/install/px4_msgs/share/px4_msgs/hook/cmake_prefix_path.ps1'
[6.624s] INFO:colcon.colcon_core.shell:Creating environment descriptor '/home/hcoyle444/ros_drone_ws/install/px4_msgs/share/px4_msgs/hook/cmake_prefix_path.dsv'
[6.624s] INFO:colcon.colcon_core.shell:Creating environment hook '/home/hcoyle444/ros_drone_ws/install/px4_msgs/share/px4_msgs/hook/cmake_prefix_path.sh'
[6.624s] Level 1:colcon.colcon_core.environment:checking '/home/hcoyle444/ros_drone_ws/install/px4_msgs/lib'
[6.624s] Level 1:colcon.colcon_core.shell:create_environment_hook('px4_msgs', 'ld_library_path_lib')
[6.631s] INFO:colcon.colcon_core.shell:Creating environment hook '/home/hcoyle444/ros_drone_ws/install/px4_msgs/share/px4_msgs/hook/ld_library_path_lib.ps1'
[6.631s] INFO:colcon.colcon_core.shell:Creating environment descriptor '/home/hcoyle444/ros_drone_ws/install/px4_msgs/share/px4_msgs/hook/ld_library_path_lib.dsv'
[6.631s] INFO:colcon.colcon_core.shell:Creating environment hook '/home/hcoyle444/ros_drone_ws/install/px4_msgs/share/px4_msgs/hook/ld_library_path_lib.sh'
[6.632s] Level 1:colcon.colcon_core.environment:checking '/home/hcoyle444/ros_drone_ws/install/px4_msgs/bin'
[6.632s] Level 1:colcon.colcon_core.environment:checking '/home/hcoyle444/ros_drone_ws/install/px4_msgs/lib/pkgconfig/px4_msgs.pc'
[6.632s] Level 1:colcon.colcon_core.environment:checking '/home/hcoyle444/ros_drone_ws/install/px4_msgs/lib/python3.10/site-packages'
[6.632s] Level 1:colcon.colcon_core.environment:checking '/home/hcoyle444/ros_drone_ws/install/px4_msgs/bin'
[6.639s] INFO:colcon.colcon_core.shell:Creating package script '/home/hcoyle444/ros_drone_ws/install/px4_msgs/share/px4_msgs/package.ps1'
[6.639s] INFO:colcon.colcon_core.shell:Creating package descriptor '/home/hcoyle444/ros_drone_ws/install/px4_msgs/share/px4_msgs/package.dsv'
[6.640s] INFO:colcon.colcon_core.shell:Creating package script '/home/hcoyle444/ros_drone_ws/install/px4_msgs/share/px4_msgs/package.sh'
[6.640s] INFO:colcon.colcon_core.shell:Creating package script '/home/hcoyle444/ros_drone_ws/install/px4_msgs/share/px4_msgs/package.bash'
[6.640s] INFO:colcon.colcon_core.shell:Creating package script '/home/hcoyle444/ros_drone_ws/install/px4_msgs/share/px4_msgs/package.zsh'
[6.640s] Level 1:colcon.colcon_core.environment:create_file_with_runtime_dependencies(/home/hcoyle444/ros_drone_ws/install/px4_msgs/share/colcon-core/packages/px4_msgs)
[6.640s] INFO:colcon.colcon_ros.task.ament_python.build:Building ROS package in '/home/hcoyle444/ros_drone_ws/src/drone_control' with build type 'ament_python'
[6.641s] Level 1:colcon.colcon_core.shell:create_environment_hook('drone_control', 'ament_prefix_path')
[6.649s] INFO:colcon.colcon_core.shell:Creating environment hook '/home/hcoyle444/ros_drone_ws/install/drone_control/share/drone_control/hook/ament_prefix_path.ps1'
[6.650s] INFO:colcon.colcon_core.shell:Creating environment descriptor '/home/hcoyle444/ros_drone_ws/install/drone_control/share/drone_control/hook/ament_prefix_path.dsv'
[6.650s] INFO:colcon.colcon_core.shell:Creating environment hook '/home/hcoyle444/ros_drone_ws/install/drone_control/share/drone_control/hook/ament_prefix_path.sh'
[6.657s] INFO:colcon.colcon_core.shell:Skip shell extension 'powershell' for command environment: Not usable outside of PowerShell
[6.657s] DEBUG:colcon.colcon_core.shell:Skip shell extension 'dsv' for command environment
[6.682s] INFO:colcon.colcon_ros.task.ament_cmake.build:Building ROS package in '/home/hcoyle444/ros_drone_ws/src/px4_ros_com' with build type 'ament_cmake'
[6.682s] INFO:colcon.colcon_cmake.task.cmake.build:Building CMake package in '/home/hcoyle444/ros_drone_ws/src/px4_ros_com'
[6.690s] INFO:colcon.colcon_core.shell:Skip shell extension 'powershell' for command environment: Not usable outside of PowerShell
[6.690s] DEBUG:colcon.colcon_core.shell:Skip shell extension 'dsv' for command environment
[6.938s] INFO:colcon.colcon_core.task.python.build:Building Python package in '/home/hcoyle444/ros_drone_ws/src/drone_control'
[6.946s] INFO:colcon.colcon_core.shell:Skip shell extension 'powershell' for command environment: Not usable outside of PowerShell
[6.946s] DEBUG:colcon.colcon_core.shell:Skip shell extension 'dsv' for command environment
[6.971s] DEBUG:colcon.colcon_core.event_handler.log_command:Invoking command in '/home/hcoyle444/ros_drone_ws/build/px4_ros_com': CMAKE_PREFIX_PATH=/home/hcoyle444/ros_drone_ws/install/px4_msgs:/home/hcoyle444/ros_drone_ws/install/px4_ros_com:/home/hcoyle444/ros_drone_ws/install/drone_control:/opt/ros/humble LD_LIBRARY_PATH=/home/hcoyle444/ros_drone_ws/install/px4_msgs/lib:/home/hcoyle444/ros_drone_ws/install/px4_ros_com/lib:/opt/ros/humble/opt/rviz_ogre_vendor/lib:/opt/ros/humble/lib/x86_64-linux-gnu:/opt/ros/humble/lib /usr/bin/cmake --build /home/hcoyle444/ros_drone_ws/build/px4_ros_com -- -j20 -l20
[7.171s] DEBUG:colcon.colcon_core.event_handler.log_command:Invoked command in '/home/hcoyle444/ros_drone_ws/build/px4_ros_com' returned '0': CMAKE_PREFIX_PATH=/home/hcoyle444/ros_drone_ws/install/px4_msgs:/home/hcoyle444/ros_drone_ws/install/px4_ros_com:/home/hcoyle444/ros_drone_ws/install/drone_control:/opt/ros/humble LD_LIBRARY_PATH=/home/hcoyle444/ros_drone_ws/install/px4_msgs/lib:/home/hcoyle444/ros_drone_ws/install/px4_ros_com/lib:/opt/ros/humble/opt/rviz_ogre_vendor/lib:/opt/ros/humble/lib/x86_64-linux-gnu:/opt/ros/humble/lib /usr/bin/cmake --build /home/hcoyle444/ros_drone_ws/build/px4_ros_com -- -j20 -l20
[7.196s] DEBUG:colcon.colcon_core.event_handler.log_command:Invoking command in '/home/hcoyle444/ros_drone_ws/build/px4_ros_com': CMAKE_PREFIX_PATH=/home/hcoyle444/ros_drone_ws/install/px4_msgs:/home/hcoyle444/ros_drone_ws/install/px4_ros_com:/home/hcoyle444/ros_drone_ws/install/drone_control:/opt/ros/humble LD_LIBRARY_PATH=/home/hcoyle444/ros_drone_ws/install/px4_msgs/lib:/home/hcoyle444/ros_drone_ws/install/px4_ros_com/lib:/opt/ros/humble/opt/rviz_ogre_vendor/lib:/opt/ros/humble/lib/x86_64-linux-gnu:/opt/ros/humble/lib /usr/bin/cmake --install /home/hcoyle444/ros_drone_ws/build/px4_ros_com
[7.226s] Level 1:colcon.colcon_core.environment:create_environment_scripts_only(px4_ros_com)
[7.227s] DEBUG:colcon.colcon_core.event_handler.log_command:Invoked command in '/home/hcoyle444/ros_drone_ws/build/px4_ros_com' returned '0': CMAKE_PREFIX_PATH=/home/hcoyle444/ros_drone_ws/install/px4_msgs:/home/hcoyle444/ros_drone_ws/install/px4_ros_com:/home/hcoyle444/ros_drone_ws/install/drone_control:/opt/ros/humble LD_LIBRARY_PATH=/home/hcoyle444/ros_drone_ws/install/px4_msgs/lib:/home/hcoyle444/ros_drone_ws/install/px4_ros_com/lib:/opt/ros/humble/opt/rviz_ogre_vendor/lib:/opt/ros/humble/lib/x86_64-linux-gnu:/opt/ros/humble/lib /usr/bin/cmake --install /home/hcoyle444/ros_drone_ws/build/px4_ros_com
[7.234s] Level 1:colcon.colcon_core.environment:checking '/home/hcoyle444/ros_drone_ws/install/px4_ros_com' for CMake module files
[7.234s] Level 1:colcon.colcon_core.environment:checking '/home/hcoyle444/ros_drone_ws/install/px4_ros_com' for CMake config files
[7.234s] Level 1:colcon.colcon_core.shell:create_environment_hook('px4_ros_com', 'cmake_prefix_path')
[7.241s] INFO:colcon.colcon_core.shell:Creating environment hook '/home/hcoyle444/ros_drone_ws/install/px4_ros_com/share/px4_ros_com/hook/cmake_prefix_path.ps1'
[7.242s] INFO:colcon.colcon_core.shell:Creating environment descriptor '/home/hcoyle444/ros_drone_ws/install/px4_ros_com/share/px4_ros_com/hook/cmake_prefix_path.dsv'
[7.242s] INFO:colcon.colcon_core.shell:Creating environment hook '/home/hcoyle444/ros_drone_ws/install/px4_ros_com/share/px4_ros_com/hook/cmake_prefix_path.sh'
[7.242s] Level 1:colcon.colcon_core.environment:checking '/home/hcoyle444/ros_drone_ws/install/px4_ros_com/lib'
[7.242s] Level 1:colcon.colcon_core.shell:create_environment_hook('px4_ros_com', 'ld_library_path_lib')
[7.250s] INFO:colcon.colcon_core.shell:Creating environment hook '/home/hcoyle444/ros_drone_ws/install/px4_ros_com/share/px4_ros_com/hook/ld_library_path_lib.ps1'
[7.250s] INFO:colcon.colcon_core.shell:Creating environment descriptor '/home/hcoyle444/ros_drone_ws/install/px4_ros_com/share/px4_ros_com/hook/ld_library_path_lib.dsv'
[7.250s] INFO:colcon.colcon_core.shell:Creating environment hook '/home/hcoyle444/ros_drone_ws/install/px4_ros_com/share/px4_ros_com/hook/ld_library_path_lib.sh'
[7.250s] Level 1:colcon.colcon_core.environment:checking '/home/hcoyle444/ros_drone_ws/install/px4_ros_com/bin'
[7.250s] Level 1:colcon.colcon_core.environment:checking '/home/hcoyle444/ros_drone_ws/install/px4_ros_com/lib/pkgconfig/px4_ros_com.pc'
[7.250s] Level 1:colcon.colcon_core.environment:checking '/home/hcoyle444/ros_drone_ws/install/px4_ros_com/lib/python3.10/site-packages'
[7.251s] Level 1:colcon.colcon_core.environment:checking '/home/hcoyle444/ros_drone_ws/install/px4_ros_com/bin'
[7.258s] INFO:colcon.colcon_core.shell:Creating package script '/home/hcoyle444/ros_drone_ws/install/px4_ros_com/share/px4_ros_com/package.ps1'
[7.258s] INFO:colcon.colcon_core.shell:Creating package descriptor '/home/hcoyle444/ros_drone_ws/install/px4_ros_com/share/px4_ros_com/package.dsv'
[7.258s] INFO:colcon.colcon_core.shell:Creating package script '/home/hcoyle444/ros_drone_ws/install/px4_ros_com/share/px4_ros_com/package.sh'
[7.258s] INFO:colcon.colcon_core.shell:Creating package script '/home/hcoyle444/ros_drone_ws/install/px4_ros_com/share/px4_ros_com/package.bash'
[7.259s] INFO:colcon.colcon_core.shell:Creating package script '/home/hcoyle444/ros_drone_ws/install/px4_ros_com/share/px4_ros_com/package.zsh'
[7.259s] Level 1:colcon.colcon_core.environment:create_file_with_runtime_dependencies(/home/hcoyle444/ros_drone_ws/install/px4_ros_com/share/colcon-core/packages/px4_ros_com)
[7.291s] Level 1:colcon.colcon_core.environment:create_environment_scripts_only(px4_ros_com)
[7.298s] Level 1:colcon.colcon_core.environment:checking '/home/hcoyle444/ros_drone_ws/install/px4_ros_com' for CMake module files
[7.298s] Level 1:colcon.colcon_core.environment:checking '/home/hcoyle444/ros_drone_ws/install/px4_ros_com' for CMake config files
[7.298s] Level 1:colcon.colcon_core.shell:create_environment_hook('px4_ros_com', 'cmake_prefix_path')
[7.305s] INFO:colcon.colcon_core.shell:Creating environment hook '/home/hcoyle444/ros_drone_ws/install/px4_ros_com/share/px4_ros_com/hook/cmake_prefix_path.ps1'
[7.305s] INFO:colcon.colcon_core.shell:Creating environment descriptor '/home/hcoyle444/ros_drone_ws/install/px4_ros_com/share/px4_ros_com/hook/cmake_prefix_path.dsv'
[7.306s] INFO:colcon.colcon_core.shell:Creating environment hook '/home/hcoyle444/ros_drone_ws/install/px4_ros_com/share/px4_ros_com/hook/cmake_prefix_path.sh'
[7.306s] Level 1:colcon.colcon_core.environment:checking '/home/hcoyle444/ros_drone_ws/install/px4_ros_com/lib'
[7.306s] Level 1:colcon.colcon_core.shell:create_environment_hook('px4_ros_com', 'ld_library_path_lib')
[7.313s] INFO:colcon.colcon_core.shell:Creating environment hook '/home/hcoyle444/ros_drone_ws/install/px4_ros_com/share/px4_ros_com/hook/ld_library_path_lib.ps1'
[7.313s] INFO:colcon.colcon_core.shell:Creating environment descriptor '/home/hcoyle444/ros_drone_ws/install/px4_ros_com/share/px4_ros_com/hook/ld_library_path_lib.dsv'
[7.313s] INFO:colcon.colcon_core.shell:Creating environment hook '/home/hcoyle444/ros_drone_ws/install/px4_ros_com/share/px4_ros_com/hook/ld_library_path_lib.sh'
[7.313s] Level 1:colcon.colcon_core.environment:checking '/home/hcoyle444/ros_drone_ws/install/px4_ros_com/bin'
[7.313s] Level 1:colcon.colcon_core.environment:checking '/home/hcoyle444/ros_drone_ws/install/px4_ros_com/lib/pkgconfig/px4_ros_com.pc'
[7.314s] Level 1:colcon.colcon_core.environment:checking '/home/hcoyle444/ros_drone_ws/install/px4_ros_com/lib/python3.10/site-packages'
[7.314s] Level 1:colcon.colcon_core.environment:checking '/home/hcoyle444/ros_drone_ws/install/px4_ros_com/bin'
[7.321s] INFO:colcon.colcon_core.shell:Creating package script '/home/hcoyle444/ros_drone_ws/install/px4_ros_com/share/px4_ros_com/package.ps1'
[7.321s] INFO:colcon.colcon_core.shell:Creating package descriptor '/home/hcoyle444/ros_drone_ws/install/px4_ros_com/share/px4_ros_com/package.dsv'
[7.321s] INFO:colcon.colcon_core.shell:Creating package script '/home/hcoyle444/ros_drone_ws/install/px4_ros_com/share/px4_ros_com/package.sh'
[7.322s] INFO:colcon.colcon_core.shell:Creating package script '/home/hcoyle444/ros_drone_ws/install/px4_ros_com/share/px4_ros_com/package.bash'
[7.322s] INFO:colcon.colcon_core.shell:Creating package script '/home/hcoyle444/ros_drone_ws/install/px4_ros_com/share/px4_ros_com/package.zsh'
[7.322s] Level 1:colcon.colcon_core.environment:create_file_with_runtime_dependencies(/home/hcoyle444/ros_drone_ws/install/px4_ros_com/share/colcon-core/packages/px4_ros_com)
[7.363s] DEBUG:colcon.colcon_core.event_handler.log_command:Invoking command in '/home/hcoyle444/ros_drone_ws/src/drone_control': CMAKE_PREFIX_PATH=/home/hcoyle444/ros_drone_ws/install/px4_msgs:/home/hcoyle444/ros_drone_ws/install/px4_ros_com LD_LIBRARY_PATH=/home/hcoyle444/ros_drone_ws/install/px4_msgs/lib:/home/hcoyle444/ros_drone_ws/install/px4_ros_com/lib:/opt/ros/humble/opt/rviz_ogre_vendor/lib:/opt/ros/humble/lib/x86_64-linux-gnu:/opt/ros/humble/lib PYTHONPATH=/home/hcoyle444/ros_drone_ws/build/drone_control/prefix_override:/home/hcoyle444/ros_drone_ws/install/drone_control/lib/python3.10/site-packages:${PYTHONPATH} /usr/bin/python3 setup.py egg_info --egg-base ../../build/drone_control build --build-base /home/hcoyle444/ros_drone_ws/build/drone_control/build install --record /home/hcoyle444/ros_drone_ws/build/drone_control/install.log --single-version-externally-managed
[7.627s] DEBUG:colcon.colcon_core.event_handler.log_command:Invoked command in '/home/hcoyle444/ros_drone_ws/src/drone_control' returned '0': CMAKE_PREFIX_PATH=/home/hcoyle444/ros_drone_ws/install/px4_msgs:/home/hcoyle444/ros_drone_ws/install/px4_ros_com LD_LIBRARY_PATH=/home/hcoyle444/ros_drone_ws/install/px4_msgs/lib:/home/hcoyle444/ros_drone_ws/install/px4_ros_com/lib:/opt/ros/humble/opt/rviz_ogre_vendor/lib:/opt/ros/humble/lib/x86_64-linux-gnu:/opt/ros/humble/lib PYTHONPATH=/home/hcoyle444/ros_drone_ws/build/drone_control/prefix_override:/home/hcoyle444/ros_drone_ws/install/drone_control/lib/python3.10/site-packages:${PYTHONPATH} /usr/bin/python3 setup.py egg_info --egg-base ../../build/drone_control build --build-base /home/hcoyle444/ros_drone_ws/build/drone_control/build install --record /home/hcoyle444/ros_drone_ws/build/drone_control/install.log --single-version-externally-managed
[7.635s] Level 1:colcon.colcon_core.environment:checking '/home/hcoyle444/ros_drone_ws/install/drone_control' for CMake module files
[7.635s] Level 1:colcon.colcon_core.environment:checking '/home/hcoyle444/ros_drone_ws/install/drone_control' for CMake config files
[7.635s] Level 1:colcon.colcon_core.environment:checking '/home/hcoyle444/ros_drone_ws/install/drone_control/lib'
[7.636s] Level 1:colcon.colcon_core.environment:checking '/home/hcoyle444/ros_drone_ws/install/drone_control/bin'
[7.636s] Level 1:colcon.colcon_core.environment:checking '/home/hcoyle444/ros_drone_ws/install/drone_control/lib/pkgconfig/drone_control.pc'
[7.636s] Level 1:colcon.colcon_core.environment:checking '/home/hcoyle444/ros_drone_ws/install/drone_control/lib/python3.10/site-packages'
[7.636s] Level 1:colcon.colcon_core.shell:create_environment_hook('drone_control', 'pythonpath')
[7.643s] INFO:colcon.colcon_core.shell:Creating environment hook '/home/hcoyle444/ros_drone_ws/install/drone_control/share/drone_control/hook/pythonpath.ps1'
[7.644s] INFO:colcon.colcon_core.shell:Creating environment descriptor '/home/hcoyle444/ros_drone_ws/install/drone_control/share/drone_control/hook/pythonpath.dsv'
[7.644s] INFO:colcon.colcon_core.shell:Creating environment hook '/home/hcoyle444/ros_drone_ws/install/drone_control/share/drone_control/hook/pythonpath.sh'
[7.644s] Level 1:colcon.colcon_core.environment:checking '/home/hcoyle444/ros_drone_ws/install/drone_control/bin'
[7.644s] Level 1:colcon.colcon_core.environment:create_environment_scripts_only(drone_control)
[7.651s] INFO:colcon.colcon_core.shell:Creating package script '/home/hcoyle444/ros_drone_ws/install/drone_control/share/drone_control/package.ps1'
[7.652s] INFO:colcon.colcon_core.shell:Creating package descriptor '/home/hcoyle444/ros_drone_ws/install/drone_control/share/drone_control/package.dsv'
[7.652s] INFO:colcon.colcon_core.shell:Creating package script '/home/hcoyle444/ros_drone_ws/install/drone_control/share/drone_control/package.sh'
[7.652s] INFO:colcon.colcon_core.shell:Creating package script '/home/hcoyle444/ros_drone_ws/install/drone_control/share/drone_control/package.bash'
[7.652s] INFO:colcon.colcon_core.shell:Creating package script '/home/hcoyle444/ros_drone_ws/install/drone_control/share/drone_control/package.zsh'
[7.652s] Level 1:colcon.colcon_core.environment:create_file_with_runtime_dependencies(/home/hcoyle444/ros_drone_ws/install/drone_control/share/colcon-core/packages/drone_control)
[7.652s] DEBUG:colcon.colcon_parallel_executor.executor.parallel:closing loop
[7.653s] DEBUG:colcon.colcon_parallel_executor.executor.parallel:loop closed
[7.653s] DEBUG:colcon.colcon_parallel_executor.executor.parallel:run_until_complete finished with '0'
[7.653s] DEBUG:colcon.colcon_core.event_reactor:joining thread
[7.731s] INFO:colcon.colcon_core.plugin_system:Skipping extension 'colcon_notification.desktop_notification.notify_send': Could not find 'notify-send'
[7.731s] INFO:colcon.colcon_core.plugin_system:Skipping extension 'colcon_notification.desktop_notification.terminal_notifier': Not used on non-Darwin systems
[7.731s] INFO:colcon.colcon_core.plugin_system:Skipping extension 'colcon_notification.desktop_notification.win32': Not used on non-Windows systems
[7.732s] INFO:colcon.colcon_notification.desktop_notification:Sending desktop notification using 'notify2'
[7.732s] DEBUG:colcon.colcon_notification.desktop_notification.notify2:Failed to initialize notify2: org.freedesktop.DBus.Error.FileNotFound: Failed to connect to socket /run/user/1000/bus: No such file or directory
[7.732s] DEBUG:colcon.colcon_core.event_reactor:joined thread
[7.744s] INFO:colcon.colcon_core.shell:Creating prefix script '/home/hcoyle444/ros_drone_ws/install/local_setup.ps1'
[7.745s] INFO:colcon.colcon_core.shell:Creating prefix util module '/home/hcoyle444/ros_drone_ws/install/_local_setup_util_ps1.py'
[7.746s] INFO:colcon.colcon_core.shell:Creating prefix chain script '/home/hcoyle444/ros_drone_ws/install/setup.ps1'
[7.753s] INFO:colcon.colcon_core.shell:Creating prefix script '/home/hcoyle444/ros_drone_ws/install/local_setup.sh'
[7.753s] INFO:colcon.colcon_core.shell:Creating prefix util module '/home/hcoyle444/ros_drone_ws/install/_local_setup_util_sh.py'
[7.754s] INFO:colcon.colcon_core.shell:Creating prefix chain script '/home/hcoyle444/ros_drone_ws/install/setup.sh'
[7.761s] INFO:colcon.colcon_core.shell:Creating prefix script '/home/hcoyle444/ros_drone_ws/install/local_setup.bash'
[7.761s] INFO:colcon.colcon_core.shell:Creating prefix chain script '/home/hcoyle444/ros_drone_ws/install/setup.bash'
[7.769s] INFO:colcon.colcon_core.shell:Creating prefix script '/home/hcoyle444/ros_drone_ws/install/local_setup.zsh'
[7.769s] INFO:colcon.colcon_core.shell:Creating prefix chain script '/home/hcoyle444/ros_drone_ws/install/setup.zsh'
