[0.623s] Invoking command in '/home/vini_dunker/MRT-19/ros_drone_ws/src/drone_control': PYTHONPATH=/home/vini_dunker/MRT-19/ros_drone_ws/build/drone_control/prefix_override:/home/vini_dunker/MRT-19/ros_drone_ws/install/drone_control/lib/python3.10/site-packages:${PYTHONPATH} /usr/bin/python3 setup.py egg_info --egg-base ../../build/drone_control build --build-base /home/vini_dunker/MRT-19/ros_drone_ws/build/drone_control/build install --record /home/vini_dunker/MRT-19/ros_drone_ws/build/drone_control/install.log --single-version-externally-managed
[0.834s] running egg_info
[0.834s] creating ../../build/drone_control/drone_control.egg-info
[0.834s] writing ../../build/drone_control/drone_control.egg-info/PKG-INFO
[0.835s] writing dependency_links to ../../build/drone_control/drone_control.egg-info/dependency_links.txt
[0.835s] writing entry points to ../../build/drone_control/drone_control.egg-info/entry_points.txt
[0.835s] writing requirements to ../../build/drone_control/drone_control.egg-info/requires.txt
[0.835s] writing top-level names to ../../build/drone_control/drone_control.egg-info/top_level.txt
[0.835s] writing manifest file '../../build/drone_control/drone_control.egg-info/SOURCES.txt'
[0.836s] reading manifest file '../../build/drone_control/drone_control.egg-info/SOURCES.txt'
[0.837s] writing manifest file '../../build/drone_control/drone_control.egg-info/SOURCES.txt'
[0.837s] running build
[0.837s] running build_py
[0.837s] creating /home/vini_dunker/MRT-19/ros_drone_ws/build/drone_control/build
[0.838s] creating /home/vini_dunker/MRT-19/ros_drone_ws/build/drone_control/build/lib
[0.838s] creating /home/vini_dunker/MRT-19/ros_drone_ws/build/drone_control/build/lib/drone_control
[0.838s] copying drone_control/__init__.py -> /home/vini_dunker/MRT-19/ros_drone_ws/build/drone_control/build/lib/drone_control
[0.838s] copying drone_control/drone_mission.py -> /home/vini_dunker/MRT-19/ros_drone_ws/build/drone_control/build/lib/drone_control
[0.838s] running install
[0.839s] running install_lib
[0.839s] creating /home/vini_dunker/MRT-19/ros_drone_ws/install/drone_control/lib/python3.10/site-packages/drone_control
[0.839s] copying /home/vini_dunker/MRT-19/ros_drone_ws/build/drone_control/build/lib/drone_control/__init__.py -> /home/vini_dunker/MRT-19/ros_drone_ws/install/drone_control/lib/python3.10/site-packages/drone_control
[0.839s] copying /home/vini_dunker/MRT-19/ros_drone_ws/build/drone_control/build/lib/drone_control/drone_mission.py -> /home/vini_dunker/MRT-19/ros_drone_ws/install/drone_control/lib/python3.10/site-packages/drone_control
[0.840s] byte-compiling /home/vini_dunker/MRT-19/ros_drone_ws/install/drone_control/lib/python3.10/site-packages/drone_control/__init__.py to __init__.cpython-310.pyc
[0.840s] byte-compiling /home/vini_dunker/MRT-19/ros_drone_ws/install/drone_control/lib/python3.10/site-packages/drone_control/drone_mission.py to drone_mission.cpython-310.pyc
[0.840s] running install_data
[0.841s] creating /home/vini_dunker/MRT-19/ros_drone_ws/install/drone_control/share/ament_index
[0.841s] creating /home/vini_dunker/MRT-19/ros_drone_ws/install/drone_control/share/ament_index/resource_index
[0.841s] creating /home/vini_dunker/MRT-19/ros_drone_ws/install/drone_control/share/ament_index/resource_index/packages
[0.841s] copying resource/drone_control -> /home/vini_dunker/MRT-19/ros_drone_ws/install/drone_control/share/ament_index/resource_index/packages
[0.841s] copying package.xml -> /home/vini_dunker/MRT-19/ros_drone_ws/install/drone_control/share/drone_control
[0.841s] running install_egg_info
[0.842s] Copying ../../build/drone_control/drone_control.egg-info to /home/vini_dunker/MRT-19/ros_drone_ws/install/drone_control/lib/python3.10/site-packages/drone_control-0.0.0-py3.10.egg-info
[0.843s] running install_scripts
[0.859s] Installing drone_mission script to /home/vini_dunker/MRT-19/ros_drone_ws/install/drone_control/lib/drone_control
[0.859s] writing list of installed files to '/home/vini_dunker/MRT-19/ros_drone_ws/build/drone_control/install.log'
[0.877s] Invoked command in '/home/vini_dunker/MRT-19/ros_drone_ws/src/drone_control' returned '0': PYTHONPATH=/home/vini_dunker/MRT-19/ros_drone_ws/build/drone_control/prefix_override:/home/vini_dunker/MRT-19/ros_drone_ws/install/drone_control/lib/python3.10/site-packages:${PYTHONPATH} /usr/bin/python3 setup.py egg_info --egg-base ../../build/drone_control build --build-base /home/vini_dunker/MRT-19/ros_drone_ws/build/drone_control/build install --record /home/vini_dunker/MRT-19/ros_drone_ws/build/drone_control/install.log --single-version-externally-managed
