[0.745s] Invoking command in '/home/hcoyle444/ros_drone_ws/src/drone_control': AMENT_PREFIX_PATH=/home/hcoyle444/ros_drone_ws/install/px4_msgs:${AMENT_PREFIX_PATH} CMAKE_PREFIX_PATH=/home/hcoyle444/ros_drone_ws/install/px4_msgs LD_LIBRARY_PATH=/home/hcoyle444/ros_drone_ws/install/px4_msgs/lib:${LD_LIBRARY_PATH} PYTHONPATH=/home/hcoyle444/ros_drone_ws/build/drone_control/prefix_override:/home/hcoyle444/ros_drone_ws/install/drone_control/lib/python3.10/site-packages:/home/hcoyle444/ros_drone_ws/install/px4_msgs/local/lib/python3.10/dist-packages:${PYTHONPATH} /usr/bin/python3 setup.py egg_info --egg-base ../../build/drone_control build --build-base /home/hcoyle444/ros_drone_ws/build/drone_control/build install --record /home/hcoyle444/ros_drone_ws/build/drone_control/install.log --single-version-externally-managed
[0.869s] running egg_info
[0.877s] writing ../../build/drone_control/drone_control.egg-info/PKG-INFO
[0.878s] writing dependency_links to ../../build/drone_control/drone_control.egg-info/dependency_links.txt
[0.878s] writing entry points to ../../build/drone_control/drone_control.egg-info/entry_points.txt
[0.878s] writing requirements to ../../build/drone_control/drone_control.egg-info/requires.txt
[0.878s] writing top-level names to ../../build/drone_control/drone_control.egg-info/top_level.txt
[0.893s] reading manifest file '../../build/drone_control/drone_control.egg-info/SOURCES.txt'
[0.894s] writing manifest file '../../build/drone_control/drone_control.egg-info/SOURCES.txt'
[0.894s] running build
[0.894s] running build_py
[0.894s] copying drone_control/drone_mission.py -> /home/hcoyle444/ros_drone_ws/build/drone_control/build/lib/drone_control
[0.894s] copying drone_control/__init__.py -> /home/hcoyle444/ros_drone_ws/build/drone_control/build/lib/drone_control
[0.894s] copying drone_control/b.py -> /home/hcoyle444/ros_drone_ws/build/drone_control/build/lib/drone_control
[0.894s] running install
[0.894s] /home/hcoyle444/.local/lib/python3.10/site-packages/setuptools/_distutils/cmd.py:66: SetuptoolsDeprecationWarning: setup.py install is deprecated.
[0.895s] !!
[0.895s] 
[0.895s]         ********************************************************************************
[0.895s]         Please avoid running ``setup.py`` directly.
[0.895s]         Instead, use pypa/build, pypa/installer or other
[0.895s]         standards-based tools.
[0.895s] 
[0.895s]         See https://blog.ganssle.io/articles/2021/10/setup-py-deprecated.html for details.
[0.895s]         ********************************************************************************
[0.895s] 
[0.895s] !!
[0.895s]   self.initialize_options()
[0.898s] running install_lib
[0.905s] byte-compiling /home/hcoyle444/ros_drone_ws/install/drone_control/lib/python3.10/site-packages/drone_control/drone_mission_test.py to drone_mission_test.cpython-310.pyc
[0.906s]   File "/home/hcoyle444/ros_drone_ws/install/drone_control/lib/python3.10/site-packages/drone_control/drone_mission_test.py", line 59
[0.906s]     ros2 topic echo /fmu/out/vehicle_local_position
[0.906s]          ^^^^^
[0.906s] SyntaxError: invalid syntax
[0.906s] 
[0.906s] running install_data
[0.914s] copying resource/drone_control -> /home/hcoyle444/ros_drone_ws/install/drone_control/share/ament_index/resource_index/packages
[0.914s] copying package.xml -> /home/hcoyle444/ros_drone_ws/install/drone_control/share/drone_control
[0.914s] running install_egg_info
[0.922s] removing '/home/hcoyle444/ros_drone_ws/install/drone_control/lib/python3.10/site-packages/drone_control-0.0.0-py3.10.egg-info' (and everything under it)
[0.922s] Copying ../../build/drone_control/drone_control.egg-info to /home/hcoyle444/ros_drone_ws/install/drone_control/lib/python3.10/site-packages/drone_control-0.0.0-py3.10.egg-info
[0.923s] running install_scripts
[0.998s] Installing drone_mission script to /home/hcoyle444/ros_drone_ws/install/drone_control/lib/drone_control
[0.999s] writing list of installed files to '/home/hcoyle444/ros_drone_ws/build/drone_control/install.log'
[1.020s] Invoked command in '/home/hcoyle444/ros_drone_ws/src/drone_control' returned '0': AMENT_PREFIX_PATH=/home/hcoyle444/ros_drone_ws/install/px4_msgs:${AMENT_PREFIX_PATH} CMAKE_PREFIX_PATH=/home/hcoyle444/ros_drone_ws/install/px4_msgs LD_LIBRARY_PATH=/home/hcoyle444/ros_drone_ws/install/px4_msgs/lib:${LD_LIBRARY_PATH} PYTHONPATH=/home/hcoyle444/ros_drone_ws/build/drone_control/prefix_override:/home/hcoyle444/ros_drone_ws/install/drone_control/lib/python3.10/site-packages:/home/hcoyle444/ros_drone_ws/install/px4_msgs/local/lib/python3.10/dist-packages:${PYTHONPATH} /usr/bin/python3 setup.py egg_info --egg-base ../../build/drone_control build --build-base /home/hcoyle444/ros_drone_ws/build/drone_control/build install --record /home/hcoyle444/ros_drone_ws/build/drone_control/install.log --single-version-externally-managed
