[1.966s] Invoking command in '/home/hcoyle444/ros_drone_ws/src/drone_control': CMAKE_PREFIX_PATH=/home/hcoyle444/ros_drone_ws/install/px4_msgs:/home/hcoyle444/ros_drone_ws/install/px4_ros_com LD_LIBRARY_PATH=/home/hcoyle444/ros_drone_ws/install/px4_msgs/lib:/home/hcoyle444/ros_drone_ws/install/px4_ros_com/lib:/opt/ros/humble/opt/rviz_ogre_vendor/lib:/opt/ros/humble/lib/x86_64-linux-gnu:/opt/ros/humble/lib PYTHONPATH=/home/hcoyle444/ros_drone_ws/build/drone_control/prefix_override:/home/hcoyle444/ros_drone_ws/install/drone_control/lib/python3.10/site-packages:${PYTHONPATH} /usr/bin/python3 setup.py egg_info --egg-base ../../build/drone_control build --build-base /home/hcoyle444/ros_drone_ws/build/drone_control/build install --record /home/hcoyle444/ros_drone_ws/build/drone_control/install.log --single-version-externally-managed
[2.251s] running egg_info
[2.265s] writing ../../build/drone_control/drone_control.egg-info/PKG-INFO
[2.266s] writing dependency_links to ../../build/drone_control/drone_control.egg-info/dependency_links.txt
[2.266s] writing entry points to ../../build/drone_control/drone_control.egg-info/entry_points.txt
[2.266s] writing requirements to ../../build/drone_control/drone_control.egg-info/requires.txt
[2.266s] writing top-level names to ../../build/drone_control/drone_control.egg-info/top_level.txt
[2.291s] reading manifest file '../../build/drone_control/drone_control.egg-info/SOURCES.txt'
[2.292s] writing manifest file '../../build/drone_control/drone_control.egg-info/SOURCES.txt'
[2.292s] running build
[2.293s] running build_py
[2.293s] copying drone_control/drone_mission.py -> /home/hcoyle444/ros_drone_ws/build/drone_control/build/lib/drone_control
[2.293s] copying drone_control/__init__.py -> /home/hcoyle444/ros_drone_ws/build/drone_control/build/lib/drone_control
[2.293s] copying drone_control/b.py -> /home/hcoyle444/ros_drone_ws/build/drone_control/build/lib/drone_control
[2.294s] running install
[2.294s] /home/hcoyle444/.local/lib/python3.10/site-packages/setuptools/_distutils/cmd.py:66: SetuptoolsDeprecationWarning: setup.py install is deprecated.
[2.294s] !!
[2.294s] 
[2.294s]         ********************************************************************************
[2.294s]         Please avoid running ``setup.py`` directly.
[2.294s]         Instead, use pypa/build, pypa/installer or other
[2.294s]         standards-based tools.
[2.294s] 
[2.294s]         See https://blog.ganssle.io/articles/2021/10/setup-py-deprecated.html for details.
[2.294s]         ********************************************************************************
[2.294s] 
[2.294s] !!
[2.295s]   self.initialize_options()
[2.299s] running install_lib
[2.310s] copying /home/hcoyle444/ros_drone_ws/build/drone_control/build/lib/drone_control/drone_mission.py -> /home/hcoyle444/ros_drone_ws/install/drone_control/lib/python3.10/site-packages/drone_control
[2.311s] byte-compiling /home/hcoyle444/ros_drone_ws/install/drone_control/lib/python3.10/site-packages/drone_control/drone_mission.py to drone_mission.cpython-310.pyc
[2.313s] running install_data
[2.326s] copying resource/drone_control -> /home/hcoyle444/ros_drone_ws/install/drone_control/share/ament_index/resource_index/packages
[2.327s] copying package.xml -> /home/hcoyle444/ros_drone_ws/install/drone_control/share/drone_control
[2.327s] running install_egg_info
[2.342s] removing '/home/hcoyle444/ros_drone_ws/install/drone_control/lib/python3.10/site-packages/drone_control-0.0.0-py3.10.egg-info' (and everything under it)
[2.343s] Copying ../../build/drone_control/drone_control.egg-info to /home/hcoyle444/ros_drone_ws/install/drone_control/lib/python3.10/site-packages/drone_control-0.0.0-py3.10.egg-info
[2.343s] running install_scripts
[2.509s] Installing drone_mission script to /home/hcoyle444/ros_drone_ws/install/drone_control/lib/drone_control
[2.510s] writing list of installed files to '/home/hcoyle444/ros_drone_ws/build/drone_control/install.log'
[2.549s] Invoked command in '/home/hcoyle444/ros_drone_ws/src/drone_control' returned '0': CMAKE_PREFIX_PATH=/home/hcoyle444/ros_drone_ws/install/px4_msgs:/home/hcoyle444/ros_drone_ws/install/px4_ros_com LD_LIBRARY_PATH=/home/hcoyle444/ros_drone_ws/install/px4_msgs/lib:/home/hcoyle444/ros_drone_ws/install/px4_ros_com/lib:/opt/ros/humble/opt/rviz_ogre_vendor/lib:/opt/ros/humble/lib/x86_64-linux-gnu:/opt/ros/humble/lib PYTHONPATH=/home/hcoyle444/ros_drone_ws/build/drone_control/prefix_override:/home/hcoyle444/ros_drone_ws/install/drone_control/lib/python3.10/site-packages:${PYTHONPATH} /usr/bin/python3 setup.py egg_info --egg-base ../../build/drone_control build --build-base /home/hcoyle444/ros_drone_ws/build/drone_control/build install --record /home/hcoyle444/ros_drone_ws/build/drone_control/install.log --single-version-externally-managed
